Running in CPU mode	
Seeding with: "a"	
input_dim	64	hidden_dim	1024	
t	1	next_h	Columns 1 to 10
-0.6051 -0.6902 -0.3130 -0.9327  0.1880 -1.1512  0.1728  1.3438 -0.2279  0.7668

Columns 11 to 20
 0.2361  2.2954 -0.3638 -0.2256  0.4011  0.1202 -0.9378  0.0842 -0.8310 -0.3889

Columns 21 to 30
 0.4815 -0.7954 -0.6768  0.3791  0.0619  0.9209 -1.5181  0.1421 -0.4041  1.0758

Columns 31 to 40
 0.8891 -0.2253 -0.5955  1.5839  0.1526  0.6725 -0.0764 -0.7998  1.0936  0.4570

Columns 41 to 50
-1.0825 -0.0208  1.0403 -1.3587 -0.3377  0.8859 -0.0848 -0.0738  0.5281  1.2201

Columns 51 to 60
-0.4686 -1.2623 -0.5922  0.8214  0.6812  0.7339  0.5004 -0.0943 -0.9594  0.9839

Columns 61 to 70
-0.6243  1.6735  0.1583 -1.7218 -0.3029 -0.0210  0.4878  0.9135  0.0876 -0.6160

Columns 71 to 80
-0.7340 -0.2041  0.3575  0.8266 -0.3497  0.0983  1.0306 -0.3948  1.4161 -1.1752

Columns 81 to 90
-0.3313  1.8092 -0.3804  1.9240 -0.8422  0.5144  0.4751 -0.9697  0.7406  0.8011

Columns 91 to 100
-0.6157 -0.3463  0.5722 -0.3622  1.6870  0.0138 -0.2579  0.8809  2.1680  0.7301

Columns 101 to 110
-0.6503 -0.5175  1.0777 -0.5657  0.2634 -1.1269 -0.7549  0.8444 -1.1610  0.1301

Columns 111 to 120
-0.4766 -1.2137  0.1392  0.0116  0.2602  0.5991  1.1177  0.8479 -0.3165  0.7173

Columns 121 to 130
 0.4177 -1.3764 -0.9747  0.1671  0.7363  0.2314 -0.0707  0.2850  0.2383  0.9728

Columns 131 to 140
-0.3600  1.3238  0.8551 -0.0432  1.4356 -0.1281  0.0278 -0.0851  0.1058 -0.6353

Columns 141 to 150
-0.2422 -0.1246  1.1155 -1.5521  0.2833 -0.8700  1.3017  0.1107  0.1129 -0.0820

Columns 151 to 160
-1.5133  1.0037 -0.4302 -0.7308  0.0838  1.6941  1.3024 -1.8535  0.8770  0.5358

Columns 161 to 170
 0.1580  1.1169  0.9806  0.9363  0.7094  0.3712 -0.1062 -0.7705 -0.0806 -0.0087

Columns 171 to 180
 0.0551 -0.3863  1.0764 -0.6177 -0.0760 -0.5363  0.1174  0.0681  0.0755  0.5911

Columns 181 to 190
 0.0087 -1.0088  0.3558 -0.2238 -1.4254 -0.0441 -0.4249  0.4682  1.3453  0.4433

Columns 191 to 200
 1.7196 -0.2156  0.5976  0.2635  0.4750 -0.6983 -0.3501 -1.0373 -0.2805 -1.9187

Columns 201 to 210
 0.9038 -1.3538  0.2014  0.0788 -0.0338 -0.9058  0.1219  0.5161  0.1755  0.2025

Columns 211 to 220
-1.0032 -0.9254  0.4046 -0.9585  0.8047  0.7314 -0.1544  0.3940  0.7428 -0.2922

Columns 221 to 230
-0.2622  0.0076  0.0436 -0.3882  0.2064  0.7872 -0.0033 -0.0509 -0.3183 -0.7673

Columns 231 to 240
-0.0479 -0.0387  1.0570  0.3499 -0.5337  1.0384  1.2417  0.2682  0.8818  0.5156

Columns 241 to 250
-0.8569  0.8655  1.7788 -1.5251 -0.0719  0.0717  1.1256  0.9309  1.3289 -1.3705

Columns 251 to 260
-0.3354 -1.4206 -0.1780 -0.7580  0.7578  1.3125 -0.3611  0.2689 -0.9592  1.2626

Columns 261 to 270
-0.0311 -0.2837 -0.0182 -0.7960  0.5696 -0.1937  0.5069 -1.2925  0.8846  0.0315

Columns 271 to 280
 1.6424  0.0640 -1.4581 -0.3659 -0.7122  0.4674  0.0398  0.1898 -1.0233  0.1503

Columns 281 to 290
-0.1167  0.9425 -0.2998  0.1011  0.0941  0.2276  0.0512  1.9535  0.5560 -0.4817

Columns 291 to 300
-0.9413 -0.3342  1.0597 -1.3133 -1.6312 -0.9636  1.1472 -0.8487 -0.2975 -0.9318

Columns 301 to 310
-1.6533 -0.1855 -0.0038 -0.3033 -0.3347 -0.1118  1.0383  0.1440  1.5252  0.6950

Columns 311 to 320
 1.2115 -0.1937 -1.1837 -0.0125 -0.2416  1.0033 -2.4498 -0.0010 -0.9103 -0.3011

Columns 321 to 330
 0.0604 -1.8732 -0.2564  0.6988 -0.2375  0.2138  0.1425 -0.8370 -0.2327  0.7694

Columns 331 to 340
 0.2149 -0.5613 -1.4873 -0.0368 -0.2717  0.3776 -1.5713  0.8625 -0.5729 -0.0024

Columns 341 to 350
 1.0046 -0.6063  0.5273 -0.5929 -0.3591  0.7030  0.6971  0.5436  0.8843  0.4206

Columns 351 to 360
 0.4215 -0.7264 -0.7648  0.0068  0.5039  1.3786  0.4875 -1.2185 -0.8582 -0.6414

Columns 361 to 370
 0.3662 -0.9980 -0.5009 -0.1257  0.1002  0.0509 -0.1891 -0.4933  1.2766 -0.0476

Columns 371 to 380
-0.5241 -0.1985 -0.2490  0.1520  0.0294 -0.2722 -0.1313  0.6329  1.6145  0.9587

Columns 381 to 390
-0.1538  0.4367 -0.1677  0.3922 -0.3097  0.1080  0.2002  0.0735 -0.7331  0.6999

Columns 391 to 400
-0.4489  1.2460 -0.8153 -1.1211 -0.4121 -0.3612  0.8105  0.6940  1.0733 -0.7438

Columns 401 to 410
-1.4298  1.6325  0.0306  0.9821  0.5488 -2.1801  0.3533  0.0279 -0.0824 -0.8895

Columns 411 to 420
-0.6836  1.0737  0.0667 -0.3526 -1.0437  0.2706 -0.3253  1.0877  1.2433  0.0297

Columns 421 to 430
 0.4832  0.1838  1.0203  2.0301 -0.5703  0.4621  0.0961  0.0479 -1.4282 -0.4269

Columns 431 to 440
 0.3956  0.6344 -1.3163  0.8239 -0.0219 -0.9607 -1.0417  0.4278  0.0201  0.2190

Columns 441 to 450
 0.8927 -0.5732  0.6697  1.3401 -0.1209  0.1667  0.4188  1.0329 -1.1562  0.9708

Columns 451 to 460
 0.5779  0.5847 -0.8138  0.0692 -0.6089  1.2773  0.2706 -1.2095 -2.0604  0.5640

Columns 461 to 470
-0.0892 -0.5011  1.1076 -1.5416 -1.4637  1.1557  0.8578  0.2448 -0.4437 -0.5001

Columns 471 to 480
-0.8146  0.0685 -0.0403  0.7920  0.3961  0.0315  0.3019 -0.7775 -0.0936 -1.3105

Columns 481 to 490
 1.6905 -0.3620 -0.1178  0.3281 -0.5088  0.4932  0.0882 -0.2784  0.1676 -0.8083

Columns 491 to 500
-0.5980  0.8502 -0.9533 -0.3510  0.9118  0.4173 -0.1414  0.2686 -0.0543  0.3567

Columns 501 to 510
-0.8443 -1.1438  1.3424 -0.8806 -0.1944 -0.5173  1.1679  0.3860  0.2815  0.3920

Columns 511 to 520
 1.1350 -0.7357  1.0480  0.0637  0.2867 -0.2698  1.0829 -0.3607 -1.5781  0.5269

Columns 521 to 530
-0.3134 -0.3428 -0.2928 -0.3348  0.0318 -0.0409  0.0562 -0.1982 -0.2027 -0.3838

Columns 531 to 540
 0.5368  0.5823  0.8387 -1.3483  0.4015 -0.6876 -1.6116  0.2479 -0.7486  0.1756

Columns 541 to 550
-0.3701 -0.0461 -1.3327 -0.5552 -0.2310 -1.2494 -1.0599  0.1332  1.5151 -0.3649

Columns 551 to 560
 0.1645 -0.1250  0.1468 -0.0165 -0.5891  1.3426 -0.4149 -0.2811 -0.4186 -0.4882

Columns 561 to 570
-0.2238  0.8973 -0.4793 -1.3913 -1.7528  0.7570 -0.2607 -0.1379 -0.0789 -0.9588

Columns 571 to 580
 1.1991 -0.1966  0.2638  0.1640 -1.3181  0.3422 -0.3361  0.9759  0.5208 -1.0435

Columns 581 to 590
 0.6764 -0.3286  0.4524  0.5954  0.2500  0.9390  0.0046 -0.0248  0.0985  0.7293

Columns 591 to 600
 0.6657 -1.0865 -0.2833 -0.0993  0.9215  0.8943 -0.1820 -0.3828 -0.9126  0.3206

Columns 601 to 610
 1.0028  0.0042 -0.3669  0.0375  0.2515 -0.0840  1.0816  0.7103  0.1861 -1.6290

Columns 611 to 620
 0.2421  0.5830  0.0320 -0.7236  0.3348 -0.3812 -1.3036  0.5259  1.2304  0.1757

Columns 621 to 630
 0.5104 -1.8409  0.4306 -0.3508 -0.1148 -0.6385 -0.9128  0.8694  0.4376 -1.0589

Columns 631 to 640
-0.6534  0.5682 -0.6214 -0.3294  0.1860 -0.3436 -1.3177  0.1554  0.0803  1.1715

Columns 641 to 650
 0.5480  0.3706  1.1876  0.9294 -0.4476  0.2060 -0.0819 -2.0151  0.1261 -1.7980

Columns 651 to 660
 0.5824 -0.1862 -0.2133  0.6243 -0.2122  0.4215 -0.4521 -0.7286 -0.1035  1.7568

Columns 661 to 670
 0.8823 -0.0953 -0.8154 -0.0459  0.0689  0.1448 -0.8551  0.4640 -0.4378 -1.2987

Columns 671 to 680
-1.1713 -0.0950  0.7221 -0.2458  0.3923 -0.4289  0.4580 -0.1519 -2.1322  0.4409

Columns 681 to 690
-0.2951 -1.1608  2.1317  0.7647 -0.5340 -0.2610  0.3198  2.3948 -1.1136 -0.4458

Columns 691 to 700
 1.4584 -1.0059  0.7596  0.6631 -1.5702 -0.5764  0.3355 -0.8187 -0.1507 -0.4592

Columns 701 to 710
 0.5850  0.1957  0.5857 -0.3868  1.3544 -0.2435  0.1365 -0.3411  1.3557  0.0558

Columns 711 to 720
-1.1963  0.3075  0.6015 -0.8272  0.3197 -0.3565  0.3797 -0.8728  0.1423 -0.3032

Columns 721 to 730
 0.3307 -0.9561  0.0656 -0.5221  1.1080 -0.5531 -0.8196 -0.7693  0.4280 -1.8629

Columns 731 to 740
-0.3149  0.1917  0.6956  1.7648 -0.4922 -0.3489 -1.2305  0.4290  0.5007 -0.9756

Columns 741 to 750
 0.4492  0.6523  0.5929  1.2961  0.0992  0.0459  0.7511  1.2296  0.2551  0.7127

Columns 751 to 760
 0.3085 -0.9812  0.9154 -0.8458 -0.7886 -1.5394 -0.9915  0.0598  0.5786 -0.0724

Columns 761 to 770
 0.6244 -0.1950  0.0516  0.4055  0.7377  1.2343  0.1388 -2.5719  1.1817  0.0079

Columns 771 to 780
 0.4733 -0.1576 -0.9096  0.0602  0.1810 -0.5618  0.7923 -0.2935  0.5980  0.2126

Columns 781 to 790
-0.3429 -0.2506  0.1598  1.7698 -0.1903 -1.3712 -0.4369  0.2891  1.4698  0.8172

Columns 791 to 800
-0.1430  0.3806  0.8543  0.4290  0.2695 -0.7411  0.3821  0.2321 -0.9811  0.5218

Columns 801 to 810
 0.6394  0.0458  0.8187 -0.5665 -0.7096  1.5421  1.5691 -0.8770 -0.2434 -0.8290

Columns 811 to 820
 0.0721 -1.1168 -0.3894 -1.5845  1.1107 -0.3868  0.6753  0.0749 -0.1087  1.4818

Columns 821 to 830
-1.2166 -0.8448 -0.7300  0.9259 -0.7614  0.8953  0.3241 -0.0040 -0.2895 -0.7227

Columns 831 to 840
-0.2615 -0.3354  0.3004  1.3835 -0.2400  1.4356  1.1875 -0.9082 -0.8546  1.6352

Columns 841 to 850
 0.3288  2.5379  0.1144 -1.8350  0.4833  1.1694  0.5552 -1.0797  1.5476  1.2934

Columns 851 to 860
 0.3955 -0.2675  1.2007  0.3949 -1.0807 -0.0037 -0.2530  0.3580 -1.3647 -0.0533

Columns 861 to 870
 0.0557  0.4826  0.2280  1.0590 -0.8068  1.1435 -0.3554 -0.0471  0.2926 -1.2813

Columns 871 to 880
-1.0997  0.4253  0.9583 -0.5735 -0.1877  0.4091 -0.3743 -0.5821  2.1042 -0.5319

Columns 881 to 890
 0.9021  0.0363 -0.2143 -0.1603  0.4051  0.1816 -0.0753 -1.8497  1.2150 -1.5024

Columns 891 to 900
 1.2316  0.8042 -0.5684 -0.1417  1.0163  1.1761  0.0444  0.7340 -1.3196  0.3517

Columns 901 to 910
-0.2732  0.9823 -0.3017 -0.5477 -0.0679  1.0849 -0.7141  0.8892  1.0626  0.1649

Columns 911 to 920
 0.9872 -0.8700  0.6230 -1.2216 -0.0013 -0.0225  0.2560  0.7366  0.7155  1.9682

Columns 921 to 930
-0.7195 -0.0235 -0.8487 -0.0818 -1.1660 -1.1154  0.3460  0.3796  0.4811  0.0515

Columns 931 to 940
-0.5246 -0.3160  0.7511 -0.0496  1.0203 -0.8421 -0.3851 -0.1384 -0.2890 -0.2595

Columns 941 to 950
 0.8555  1.1370  0.4936  0.2978  0.7280 -0.9620 -0.4904  0.2231 -0.6248  0.0906

Columns 951 to 960
-0.0408 -0.8821 -0.0723  0.8797  0.7222 -0.5881  0.2417  0.0683  1.0694 -0.3482

Columns 961 to 970
-0.3238  0.4919  0.1975  0.1682 -0.7900  0.4806  1.0997  0.4359  0.1522 -1.8302

Columns 971 to 980
 0.7334  0.3747 -0.1652 -0.2999  0.9400  0.4304  0.0697  1.7141 -0.5132  0.5461

Columns 981 to 990
 0.3196  0.3943  0.4288  0.5151  0.8828 -0.8937  1.0063 -0.6147 -1.3112  1.1300

Columns 991 to 1000
-0.5116  0.2486 -0.4162  1.1580 -0.0886  0.1908  0.3911  1.1081  0.9080 -0.4572

Columns 1001 to 1010
 0.8505  0.0502  0.1597 -0.1075  0.3433 -1.4768  1.2040  1.5525  0.3156  1.0950

Columns 1011 to 1020
-0.5489  0.0204  0.4462  0.0508  1.5986 -0.2950  0.6103  1.1674 -0.2101  1.0421

Columns 1021 to 1024
 1.0229  1.1524 -0.3289  0.5433
[torch.FloatTensor of size 1x1024]

input_dim	1024	hidden_dim	1024	
t	1	next_h	Columns 1 to 10
-2.2589 -4.0983  2.4968  6.5737  0.9375 -7.0299  2.7275 -0.2035  2.9445 -5.1237

Columns 11 to 20
 0.3957 -0.9110  6.7764 -2.4102 -5.4306  1.2863 -4.6264 -0.8691 -5.2130  0.8303

Columns 21 to 30
 0.9503 -3.3223  1.4593 -2.5229  4.0848  2.7610 -4.1352  0.2439  1.8308  2.2605

Columns 31 to 40
-6.0384  0.3092  2.5363 -5.6642  2.3625  2.0844 -4.0487  1.6998  1.9835  0.7219

Columns 41 to 50
-3.6086 -1.2579  1.1095 -4.0798  2.8711 -4.3071  0.9406 -1.8629 -0.9825 -0.9069

Columns 51 to 60
 5.1400  2.5241 -4.9605  1.1539  3.2995 -2.9761 -0.5345  1.3391  1.4756 -2.4825

Columns 61 to 70
-1.9574 -0.2142 -2.5741 -0.4331 -3.5583 -4.0983  0.9343  2.1295 -2.5686  4.2926

Columns 71 to 80
 3.2596 -4.8158 -1.0084 -4.0932 -3.3699 -0.9446  0.6423 -2.5987  0.4890 -4.0408

Columns 81 to 90
 1.0117 -4.0491 -0.9182  4.7482 -1.4473  0.5746  3.2717  1.1215  1.1146  3.6581

Columns 91 to 100
-0.6068 -3.3476  2.1276 -3.3682  3.0385  2.0586 -0.8224 -3.8295 -2.0806  1.6314

Columns 101 to 110
-1.6462 -3.1432 -5.7839  0.9956  3.0988  2.6158  2.0936 -0.4933  0.3227 -0.7191

Columns 111 to 120
 1.4589 -5.3142 -2.4221 -4.2632 -2.8799  0.4338  0.7823 -7.1790  0.7559  3.1326

Columns 121 to 130
-0.0861 -5.2106 -0.0586 -0.5670  2.1205  2.7243 -1.6714 -1.5554 -3.3245  3.6786

Columns 131 to 140
 1.2328  4.5083  2.1956  1.9971  3.2821 -1.5222  0.2680  3.1491  5.5747 -7.0851

Columns 141 to 150
 0.7017 -0.1383  4.2113 -3.7341  1.5562 -1.6778 -0.9572  1.4141  3.5906 -0.2249

Columns 151 to 160
-6.2935 -0.8353 -1.2429 -1.5047 -0.9322 -4.1146 -0.0529  2.0264 -2.4120  0.2302

Columns 161 to 170
 2.2316  1.0711  4.1736  3.9815  1.0228 -0.4279  6.2997 -2.3659 -2.4569  5.4315

Columns 171 to 180
 4.5371 -3.0764 -2.1647  0.4053  3.1408 -1.7213  1.2647  4.4694  2.1879 -1.5879

Columns 181 to 190
-3.8068  0.3433  1.4084  1.3199 -1.7755 -0.5136 -5.8321 -0.8157 -1.8325 -5.0078

Columns 191 to 200
-6.2124  2.5749  4.0258 -0.5433  1.1957  0.7068 -1.3960 -0.4190  0.5389 -1.4112

Columns 201 to 210
 0.1692 -1.5192 -2.9991 -5.4889  3.4633  1.7310 -2.5200 -4.7565  4.2456 -3.6052

Columns 211 to 220
-2.6904 -1.6698 -1.6047  0.0016 -0.2177 -3.3669  0.5876 -2.6972 -5.2345  2.5856

Columns 221 to 230
 0.1716  0.0886 -6.2582 -1.0708  1.0942 -0.9802  5.0814 -1.5716  2.5566 -0.9544

Columns 231 to 240
-2.4120  1.0247 -3.3851 -3.0261 -3.3089 -1.5755 -1.8527  4.5420 -3.2156 -4.0459

Columns 241 to 250
 0.2686 -2.8497 -1.5890 -3.0634 -4.1926  1.8060 -1.5934  0.3262  0.1031  5.1185

Columns 251 to 260
-0.8699  1.2587 -4.6768  6.3694  1.8576  4.5095  4.4110 -2.2374  5.8652  1.5274

Columns 261 to 270
-1.2118 -2.4653  5.6099 -3.0357 -0.4888  2.1222 -0.3597  2.5518  2.9178 -1.3776

Columns 271 to 280
-0.5165 -0.7823  1.3709 -4.0156  1.4241  1.5587  1.2471 -2.5358 -4.9962  2.2809

Columns 281 to 290
-0.3894 -0.4369  2.7962  0.6016 -5.6096 -0.3535  1.4933  0.7883 -2.2200 -2.2895

Columns 291 to 300
 1.4128  2.0846  4.1055  0.3711  2.7879  6.9668 -1.4794  3.0850  0.2453  2.7077

Columns 301 to 310
-3.3353  0.2310  2.3310  0.3250 -0.0761  3.1145 -6.0913 -1.5680 -0.9156 -2.2988

Columns 311 to 320
 3.4446 -1.5503 -2.3395  1.3787  2.7324  0.6770  1.6456  1.4278 -3.6567 -3.4356

Columns 321 to 330
-1.4997 -4.7475 -0.8456  2.9579 -4.8358 -3.4085  1.7810 -3.8127  4.1576 -1.6179

Columns 331 to 340
-0.0859 -2.7175  0.9567  0.6477  3.4952  0.6849  1.9313  1.7582  1.0484 -0.2482

Columns 341 to 350
-2.3120  2.9748 -2.5435 -0.6957 -2.8766 -1.5165  3.7406 -1.7283 -3.0750 -1.1062

Columns 351 to 360
 2.7033  1.4510 -0.8883 -0.2208  5.3673  3.2741  4.1206  0.8430  0.8337 -0.2348

Columns 361 to 370
 1.1785 -1.2709  1.3035  4.3836  3.3079  2.9421 -1.2269  2.9834  3.2327  0.3481

Columns 371 to 380
-6.8023  1.8698  2.3776  2.5579 -0.7573 -0.2939 -4.0658 -3.7459 -2.5266  0.5081

Columns 381 to 390
-2.9939 -0.9618 -3.3912  3.8763 -2.2152 -2.5152  4.1368 -0.1628  0.7873  2.7339

Columns 391 to 400
 4.7641  1.6012  3.3025 -1.6478 -1.4705  0.3069  3.4458 -4.9919  3.4657  5.0277

Columns 401 to 410
-1.2337 -0.1489 -3.4584 -2.4222 -0.4962 -0.9171  1.8591 -2.6088 -5.2418  0.9911

Columns 411 to 420
 1.4245 -1.9112 -1.3213 -1.6183  1.3631  4.8893 -4.4999 -0.7811 -4.0604  4.5286

Columns 421 to 430
 0.7277  3.6925 -2.0574 -4.5565 -5.6463  2.6531 -2.8835 -3.4738  0.3495  5.3271

Columns 431 to 440
-1.4288  1.7088 -4.8159  0.9108  6.0770 -0.5416  4.6068  1.1594 -1.5235 -1.7091

Columns 441 to 450
 3.7541  1.3555 -3.5693 -0.8289 -4.3746 -2.7800  0.9320  1.7641 -0.7675 -1.2169

Columns 451 to 460
 1.0639  1.6057  2.6085  0.5624 -3.3701  0.9361  6.6342 -4.1079 -0.4051 -1.5566

Columns 461 to 470
 1.3212 -1.3414 -0.8598 -7.2440  0.1398 -3.3911 -1.6396 -4.4528  2.2456 -5.1045

Columns 471 to 480
-1.5326  2.3760 -3.2502  3.8005  1.8714  0.9842  3.9088  1.5366  2.0153  4.1637

Columns 481 to 490
-1.0152  6.8820 -0.4707 -1.7648 -2.5272  2.2803 -0.1094  1.7254 -2.3341 -2.5228

Columns 491 to 500
-4.1759  3.0852  0.5798 -1.4432 -2.4200 -4.5412  2.3656  1.8340  0.8686  2.6976

Columns 501 to 510
-3.6378 -0.6917 -0.8714 -4.5026 -3.7663  4.7036 -1.0743  4.6681  1.5600 -4.3141

Columns 511 to 520
-0.8811  4.8223 -5.1954 -6.0806  2.3871  5.1912  3.3008  5.2555 -1.1758 -0.0095

Columns 521 to 530
 2.8093 -0.6978  4.8401  2.8871 -3.2613 -2.2774  2.2784 -1.1032 -2.3245  0.5344

Columns 531 to 540
 2.7499  6.5508  1.6216  0.1144  1.9683  0.8598  0.2853 -1.8678  1.9150  1.4185

Columns 541 to 550
 2.8778  3.4555  0.4785 -2.6394  1.4547 -5.9534 -1.0070  3.4362  0.3037 -2.6616

Columns 551 to 560
 3.5562  4.1746  0.0512  2.8022  4.7316 -3.2481 -1.9348  1.9469 -7.3098  1.2696

Columns 561 to 570
 1.1112  1.7173  5.2629 -1.8812  1.2680 -0.9996 -0.7454 -0.9013 -2.9503 -1.3015

Columns 571 to 580
 3.0680 -4.2939 -0.1842 -5.3780 -8.0293 -0.0911 -5.0282  0.5261 -0.2739  3.3979

Columns 581 to 590
-2.4002  2.1607 -0.5063  5.0593  0.8835  5.3354  3.7075 -1.1057 -4.1989  5.5420

Columns 591 to 600
 0.3311 -2.0165  1.0699  0.9915 -1.1222 -1.3542  4.8132 -3.8243  1.0007 -1.8960

Columns 601 to 610
-4.0064 -0.4966 -0.9183 -4.4442  2.8528  5.2320 -5.7880 -1.3632 -6.3899 -1.6701

Columns 611 to 620
 2.0660 -1.8165 -1.3515 -0.8338 -6.2223  0.2330  4.4236  1.9077  0.9077  1.8086

Columns 621 to 630
-3.1093  2.3566  6.1051  0.8850 -4.9229 -0.3948  3.0622  1.8902 -2.3836  2.7528

Columns 631 to 640
 0.2486 -0.8454 -0.3292 -4.6731  1.9858 -0.0650  0.2260  5.8808  2.4160 -1.0185

Columns 641 to 650
 1.3722  0.9549  2.3609  3.5873 -3.3042  3.3394 -1.8456  0.5255  1.5739 -1.7427

Columns 651 to 660
 2.4587 -4.3229  2.4753 -3.4459 -1.1192 -5.6584  1.1676 -3.5646 -1.3369  5.2231

Columns 661 to 670
 1.9436 -0.3319  2.1704 -3.9468  4.1404  0.0595 -3.5942 -4.1604 -1.3503  0.5384

Columns 671 to 680
-2.2078 -2.3944 -1.5266 -4.5581 -2.3563  2.1104 -5.2436 -1.1609 -6.6458  0.5252

Columns 681 to 690
-1.0910 -1.4062  0.8235 -0.3733  2.8414 -0.9062  3.1757 -0.4121 -2.6835  4.6796

Columns 691 to 700
-1.6176 -1.0314 -1.6061  1.2692 -2.4213 -3.1028  1.3607  1.5809  3.0394 -2.1323

Columns 701 to 710
 2.8150 -4.4427  4.4125  2.3857  2.7370 -2.0395  0.9290  1.6741 -1.4577  3.5891

Columns 711 to 720
-3.4278 -2.6791 -1.7063  1.8201 -0.5498  3.1486  2.2662  2.9531 -2.2500  6.4570

Columns 721 to 730
-3.4926 -6.4972  0.8644  4.1434 -0.4073 -1.5905  2.1088 -6.6609 -3.2798 -0.9673

Columns 731 to 740
 2.3136 -2.3651 -2.1976  3.9947 -2.7492 -0.5655  1.9762  1.0836 -2.6523  8.4203

Columns 741 to 750
-2.1464  1.1047  4.1731 -1.1224  0.4691  0.0854 -4.2816  1.8148  1.9501  0.9323

Columns 751 to 760
-0.4021  0.6681 -4.7296  3.1512  2.5516 -2.9053 -4.2770  1.2818  1.0862  4.8212

Columns 761 to 770
-2.0373 -2.1642 -4.1650 -2.3764 -0.3262 -2.8344 -1.1575  5.2733  0.2927  3.8560

Columns 771 to 780
-2.1117 -3.4277 -4.4755  1.6759 -1.7612  0.4580  3.7902  0.8894  2.7189 -0.8222

Columns 781 to 790
 1.3888  1.0483  2.5239 -2.0143  0.0184 -3.3731  2.4765  2.1725  2.0179 -4.6184

Columns 791 to 800
-2.1620  5.9784  0.0532  3.2937  0.9330 -1.0035  4.0147 -1.4899  1.9235  7.2416

Columns 801 to 810
-0.8089 -1.6586  4.7900 -1.6232 -0.2316 -2.9895  3.1287  3.6806  2.8068  0.6141

Columns 811 to 820
-1.5123 -0.3486  1.9159 -3.2934 -4.6952 -4.7635 -3.7916  0.5302  3.0090 -5.0817

Columns 821 to 830
-4.2183  0.1697  5.2056 -0.4745  1.9003  3.9078  0.5586  1.7993 -1.5960  1.6322

Columns 831 to 840
-3.1805 -0.6262  0.2925  2.4791  4.9604 -2.2586 -0.0148  3.5713  3.6206 -5.0464

Columns 841 to 850
 0.4705  3.5192 -2.3671  0.3858  3.5391 -4.1017  1.1133 -0.3564  6.1253 -3.3785

Columns 851 to 860
-1.4201 -0.2200  2.0849  0.9968  4.0697 -3.0550  2.0593 -6.2572  2.5812 -0.2628

Columns 861 to 870
-0.8151 -1.5055 -2.1952 -1.5971  1.9571 -0.8249 -7.4642  1.3256  2.5001  0.7893

Columns 871 to 880
-0.8087 -3.2118  1.6490 -2.9871  0.0362 -3.0278  3.3487  0.2202 -4.2142 -6.3396

Columns 881 to 890
 0.4946 -0.2561  0.3252  2.4874  0.1495 -3.6672 -5.3289  3.0734 -0.2770  0.6502

Columns 891 to 900
 0.2992 -0.1872 -1.9860 -3.1875  0.3238  1.0933  2.7881 -0.2778  2.3414  1.2346

Columns 901 to 910
-2.7806  2.7633 -0.8830  2.1611  3.9713  3.0765  2.4134  0.5814 -6.1057 -4.3977

Columns 911 to 920
-6.2091  5.8666 -4.2941 -4.7648  6.6091 -0.6813  4.3690 -0.4594  3.4559  2.6452

Columns 921 to 930
-4.3483 -5.2954  0.2054 -5.9510 -2.9882  5.7089  1.3581  3.0418  1.0945  0.6528

Columns 931 to 940
 3.5167  2.9993 -6.0886 -1.0418 -2.0601 -1.5718 -1.0408 -0.4744 -1.2562 -0.6069

Columns 941 to 950
 2.5526 -3.9984  3.8361  3.0205  3.4040  2.1186 -3.5112  0.2747  5.4601 -0.4811

Columns 951 to 960
-2.3810 -2.6594  4.8223  4.9758 -1.8588 -0.2904  1.8915  3.4913  1.8921 -0.1762

Columns 961 to 970
 1.7425 -1.5845 -1.6996  2.8756  4.9665 -1.2198 -3.7752 -2.6736  0.9415 -1.6629

Columns 971 to 980
-2.7335 -3.6633 -0.9980 -3.0655 -0.0034 -2.3897  5.4555 -2.6826 -3.9366 -3.6721

Columns 981 to 990
-0.6905 -5.4131  0.0010 -1.1879  3.5914  1.3279 -2.3576  5.2331 -0.1021  1.3042

Columns 991 to 1000
-0.0110  5.4153 -5.2836  2.2400  3.3890  2.7847 -2.3872  0.3336  1.3679 -2.6653

Columns 1001 to 1010
 1.0571  3.0760  0.7954 -0.8990 -0.8839  6.5840  0.7769 -2.9266 -1.0115  1.6120

Columns 1011 to 1020
 1.1044 -2.8938 -0.4755  4.7265  5.4023  3.5495  5.8540  0.3828  1.1772  4.5112

Columns 1021 to 1024
 1.1142  2.5045  1.4370  0.2543
[torch.FloatTensor of size 1x1024]

input_dim	64	hidden_dim	1024	
t	1	next_h	Columns 1 to 10
-1.3593  3.3034 -2.6616 -0.5404 -1.1742 -0.7526  6.8402  0.6282  1.2514  0.0875

Columns 11 to 20
-1.4594 -1.3454 -3.9657  0.0062  0.0278  0.3412 -2.2462 -0.1748  2.6242 -1.1179

Columns 21 to 30
 1.8381  0.8007 -2.4118  0.2606  0.3093  1.2409 -1.4068 -0.2369  4.6624 -0.2646

Columns 31 to 40
 3.8084  0.0179  0.8090 -0.9441 -1.1309  0.3603  0.0639  2.5417  2.7060 -0.0485

Columns 41 to 50
 1.0548 -0.9004  1.0843 -5.9110 -0.4585  1.0740 -0.1070 -3.4831 -1.6356  1.7792

Columns 51 to 60
-0.9276  1.5786  1.2262  1.6070  2.4907  1.0137  1.8162 -0.3719  1.3818 -0.5678

Columns 61 to 70
 0.1673  1.4179 -1.8650  2.0065  1.1292 -2.6899 -1.1978  1.2693 -0.4782 -0.9657

Columns 71 to 80
-0.5565 -1.4327 -0.7153  0.1352 -0.2278 -0.5304 -0.9972 -1.0113  0.2910 -2.2601

Columns 81 to 90
 0.4218  2.3751  0.1643 -1.8739 -0.7099 -0.9276  0.4826 -0.6320  1.1237  0.7217

Columns 91 to 100
-1.2735 -0.8535 -1.9714  2.1322  2.2783 -0.3196  0.0007  3.2532  2.6199 -0.5824

Columns 101 to 110
-0.3517 -1.7914 -1.4100 -0.6690  1.7342  0.9782 -4.8163 -1.6968  0.6039 -0.2191

Columns 111 to 120
 1.1541 -0.7531  1.5238 -3.4767  1.4170  1.0458  0.2170 -1.9012  1.0698  1.1996

Columns 121 to 130
-0.4353  0.3113 -3.5193 -2.6606  1.1435  1.6037 -0.4950 -0.0661  1.4159 -0.1286

Columns 131 to 140
 0.8900 -1.3463 -3.1295 -0.7672 -0.6669  0.9607  2.4010  0.8777  0.9228  1.5741

Columns 141 to 150
 0.4076  0.5904 -0.8538 -1.9259 -1.2474 -0.7068 -3.3076 -0.4652  5.1208 -1.2603

Columns 151 to 160
 3.0637  4.9574  0.3795 -1.7461  1.0975  0.2484  0.4715 -0.2785  2.3085 -3.4673

Columns 161 to 170
-2.3565 -0.6308 -4.0207 -1.5534 -2.1073  0.1698  1.8291  1.8922  0.3674 -1.3209

Columns 171 to 180
-0.9193 -2.2782  0.9641 -0.0664  1.1794 -0.5727 -2.2445 -0.9127  1.2264  1.7010

Columns 181 to 190
 1.3599  0.6896 -1.2194 -2.4430  0.5395  0.9525  0.5054  0.8398  0.1765 -1.5457

Columns 191 to 200
-0.6002  3.3860 -0.8334 -1.4979  0.0780 -2.5697 -1.3879 -1.1455  1.9424 -0.7939

Columns 201 to 210
-0.0346 -0.1090 -0.7365  1.7780  0.4268 -0.2374  0.4697 -1.6526  1.0267  0.2927

Columns 211 to 220
 3.4902  1.2394 -0.4809  0.3016  2.7212 -0.3340 -0.0949 -2.1196 -2.4173 -1.5287

Columns 221 to 230
-0.7111  0.8554 -4.6103 -0.6404  2.3326 -4.5985  0.0761  0.8477  0.1467 -0.4490

Columns 231 to 240
 0.9354 -0.0263  1.6969 -0.7486 -5.1963  3.5775 -0.0322  0.1608  0.3331  0.5470

Columns 241 to 250
-1.2129  1.4941  0.3579 -3.2646 -0.0590  0.6609 -1.0294 -2.1508 -0.9850 -1.6225

Columns 251 to 260
 1.9566 -0.6940  2.3818  0.1138 -0.9554  1.0832 -0.8086 -0.3910 -1.2372 -1.4510

Columns 261 to 270
-0.1561 -0.4869 -2.0319  0.0538 -0.7249  0.4335  0.2937 -0.9234 -0.2324  0.0986

Columns 271 to 280
 0.4286 -2.7214 -1.7771  1.1752  1.1562  1.5246 -1.6120 -1.2705  0.3780  1.5397

Columns 281 to 290
-0.0550 -0.4505  2.0796  2.2539 -0.9366 -1.4715 -0.7800  2.1565 -1.4761 -0.8862

Columns 291 to 300
-0.2266  1.9700  3.1413 -1.0545 -2.5578  1.4077  1.1939  0.1918 -0.4431  1.9379

Columns 301 to 310
-0.6760  2.3233 -1.1396 -0.5230 -0.8698 -2.0070 -1.1301  1.4613  1.0825  0.6078

Columns 311 to 320
 0.7358  1.6451  0.3369 -0.9897  2.7168  0.8851 -1.2994  0.2097  0.4308 -0.8258

Columns 321 to 330
-1.6707 -0.6426 -1.0061  1.0347 -0.9735 -1.7300 -0.9045 -1.0411 -0.1554  3.7612

Columns 331 to 340
-3.6275  4.0921 -0.8650  1.3730  2.4480 -2.4452 -1.3367 -0.2009  2.6988 -3.2666

Columns 341 to 350
-1.2019 -1.4701 -0.5554  2.0516  1.4240  1.2816  0.8252  0.7907 -0.5562 -3.2644

Columns 351 to 360
 4.5038 -1.1562  0.2168 -2.8242  2.2622  0.4809  0.3091  0.7236  4.0785  0.0717

Columns 361 to 370
 1.7917  0.1978  0.3521 -1.6639 -0.2158  2.5291  3.8922  0.1058 -3.0640  3.9798

Columns 371 to 380
 1.5859 -1.9875 -0.6562  0.5824 -0.4740  0.6195 -2.3484 -3.4960 -0.0687  2.1846

Columns 381 to 390
-1.3050 -0.7906 -0.1708  0.7373  0.2195 -1.0743 -3.7803 -1.9977 -0.6706 -1.5890

Columns 391 to 400
 0.7812 -1.7091  3.3580 -0.1979  0.9792  0.2475  1.3436 -2.1323 -1.4446  0.6965

Columns 401 to 410
 0.0823  0.7085 -0.9953  0.2871  0.6125 -1.4656  0.9710 -0.8211 -0.4600  0.5737

Columns 411 to 420
-0.3759 -2.0283  4.0155  0.4244  0.6518  0.2026 -2.8099  1.3788 -1.1544  0.1185

Columns 421 to 430
-0.9574 -0.9882  2.4886  2.2168  1.2076 -0.5068 -0.9796  1.2375  1.9370 -0.2062

Columns 431 to 440
 1.7637  1.3076  1.2114  1.8825  1.5568 -1.4453  2.1148 -2.1255  0.5452  1.1453

Columns 441 to 450
 0.6542  0.9102  1.6242  1.0751 -0.3100  1.5575 -1.1064 -1.2859  0.3447 -0.2391

Columns 451 to 460
-0.1742  2.5065  0.7568  2.0419 -1.2393 -1.1836  0.6193 -0.3604  1.2216 -0.7726

Columns 461 to 470
-0.0762  1.6443  0.3317 -1.4653 -0.7000 -0.6033  0.8008  1.5223  1.3387 -0.4800

Columns 471 to 480
 0.4115 -0.4866  2.3939  1.8727  2.2901 -3.3184 -2.7361 -0.7807  1.1989  1.3706

Columns 481 to 490
-3.5426  2.1311  0.4792 -1.5341 -1.8414  0.6523 -1.1608 -1.1029 -0.2388 -4.1710

Columns 491 to 500
-1.5278  2.4271 -2.2658 -1.0373 -0.7805  1.2379  0.3797 -2.7831  0.4777  1.8972

Columns 501 to 510
-0.2337 -1.2797 -2.8744 -2.5388  0.7830  0.5699  1.3898  2.4528  2.3377 -2.1466

Columns 511 to 520
-0.0143  1.9122 -3.1872 -1.9398 -0.7557  2.2209  2.5990  0.9637  0.8246  0.0700

Columns 521 to 530
-0.1604 -0.9118 -1.1966  0.2026  4.7615  0.8009 -2.3272  1.8408 -4.1124  1.0562

Columns 531 to 540
-2.9505 -0.9391  1.9866  0.2314  1.5453  1.5176 -2.8460 -2.0745 -1.2308  1.2006

Columns 541 to 550
 0.7270  0.7642 -3.1554 -0.6083  0.5166 -1.5651 -0.6680 -0.0368 -1.1983  0.1344

Columns 551 to 560
-2.0350  1.9640 -0.4419  0.3646  0.5874 -0.2580  1.6243  1.6275  0.4784  4.2360

Columns 561 to 570
-0.5330 -1.8073 -0.7996 -1.7876  1.6462 -3.2067 -1.6398  0.1821 -1.9281 -4.0852

Columns 571 to 580
-0.5766  0.5688 -1.1212 -0.9987  2.6152 -0.5552 -0.7648  0.4111  0.1520  0.3745

Columns 581 to 590
-0.5661 -1.4031  1.3244  0.0617  0.6684 -0.1533  1.0195  2.5556  1.4986 -2.5638

Columns 591 to 600
 0.5770  1.2925  0.9090  1.6185 -0.5301 -3.0119 -1.3378 -0.8411  4.5354 -1.5217

Columns 601 to 610
-1.0466 -0.6546 -1.1217  2.6731  0.6717  2.3912  2.2875  1.5226  0.7295  0.8395

Columns 611 to 620
 1.5778  2.2077 -0.3247  1.1886 -0.1274  1.9906  1.9222  1.3330  0.0158 -0.0326

Columns 621 to 630
-0.8982  1.3968 -1.4247 -1.7834  0.7139  0.6260  1.8166  0.5678 -1.4204 -0.5378

Columns 631 to 640
-1.0907  1.8387  2.4795 -0.9001  1.3027  0.6356 -0.4690  0.8527 -0.2665  1.2715

Columns 641 to 650
 1.3380 -0.6749 -2.0316  1.8747 -2.4985  0.8570 -1.8493 -4.3410  3.3840  0.8725

Columns 651 to 660
-0.0496  0.9612 -0.5564  0.9348  0.0809 -2.4546 -0.3811 -0.5854  2.4775  0.7866

Columns 661 to 670
 4.1749  1.8794  2.4570  1.6868 -1.1804 -0.2613 -2.0738  1.8487 -0.0698  2.1353

Columns 671 to 680
-3.1978  3.3917 -1.1870 -0.9212  0.3480 -0.9272  0.3015  0.2518  0.8547 -1.0289

Columns 681 to 690
-2.9421  4.4747 -2.1237 -0.6237 -0.6618 -0.5393 -1.1958  1.4293 -3.6486 -1.7639

Columns 691 to 700
-0.1972  1.3057  3.0340 -2.6265 -0.5064 -0.4210 -1.4732 -4.1893  0.6900 -1.9278

Columns 701 to 710
-0.1004 -2.3573  2.7106  2.3314  2.4354  1.1332 -0.8593 -0.7458  0.5486 -1.1403

Columns 711 to 720
-0.1686 -0.6376  0.3061 -0.2943 -0.2537 -0.5022  2.3110 -2.0779  0.2921  1.1172

Columns 721 to 730
-0.9087  2.1527  2.1615 -2.0176  0.4201 -1.4380 -0.7394 -0.9548 -0.6839  1.0655

Columns 731 to 740
 0.4694 -0.4574 -0.6788  1.2688  1.5535  0.3480 -0.8490 -0.8903  1.1819  0.2603

Columns 741 to 750
 0.0253 -2.7096  1.3223 -3.0028  0.8731  2.4706 -0.0054  0.5014  0.5644 -1.6969

Columns 751 to 760
-0.2232 -0.5438  0.7741  4.6343  2.2491 -0.0188 -0.8295  1.7002 -1.1843  0.5757

Columns 761 to 770
 2.7432 -0.6630 -0.8033  1.1195 -1.7809  1.0574  0.0447  0.2578  2.7990 -0.8148

Columns 771 to 780
-0.9765 -0.1011 -2.0281  0.9167 -0.2349 -1.6895  1.3137  5.7568 -3.3322  2.9442

Columns 781 to 790
 0.7456  1.5045  0.9172  1.2276 -0.2926  1.1961  0.2065 -0.0301  2.2661  2.3260

Columns 791 to 800
-0.6043 -1.5446  2.2210  0.1108 -1.1468 -0.2080  0.4659 -0.1122 -1.3299 -0.1147

Columns 801 to 810
 1.0907  0.5979 -0.6787 -2.2549  0.0079  0.0258 -2.3584  2.8473 -0.0922 -1.6302

Columns 811 to 820
-0.3952 -2.9111 -0.7154 -1.5307  0.6343 -1.7529  1.6361 -0.1909  0.9753  0.7959

Columns 821 to 830
-0.9068  1.2663 -0.9111  1.1344  0.9689  2.0837 -2.3241 -1.5410 -0.7177  0.9927

Columns 831 to 840
-1.7424  0.3961  1.0179 -1.4168 -1.8019  0.4560 -2.4017 -1.9820 -3.9102 -0.7352

Columns 841 to 850
 0.5171  0.2282  2.1244  1.1428 -1.6424  1.8347  0.6208  0.8080 -1.4668 -1.1054

Columns 851 to 860
-0.6619 -1.2928  2.3324 -1.5593  1.7129  3.1920 -1.6281  1.6478 -2.1127 -0.1282

Columns 861 to 870
-0.0098 -1.0198 -0.0638  1.0715 -1.1208  0.5098 -2.9320 -2.8504 -0.1588  0.4611

Columns 871 to 880
-0.4443  2.5842 -0.6058  0.0508 -0.8825  0.3344  2.2084 -0.5226 -2.9707 -0.4286

Columns 881 to 890
-0.9871 -1.4892 -1.7648  2.1268 -3.6684 -0.2854  0.7485 -0.3876  0.2146  1.3804

Columns 891 to 900
-0.0573  1.3877  0.9915  0.8726 -0.0964  3.9730 -2.7643 -0.1179 -3.8367  3.8511

Columns 901 to 910
 0.8884  1.5825 -2.8590 -1.4231 -2.0897  2.3689  1.5150 -1.3618  0.3886  0.4619

Columns 911 to 920
 1.7765 -0.4258  3.4131 -1.8430 -0.7493 -2.2702  0.9034 -1.2868 -1.0673 -0.7926

Columns 921 to 930
-2.0658 -0.9927 -0.3886  1.3381 -1.4125 -0.7214  0.8101 -2.4484 -0.2275  3.4710

Columns 931 to 940
-0.5846  2.1281  3.7289 -0.2412  1.3923  0.1314 -1.6175 -0.2035 -0.0188  1.9151

Columns 941 to 950
-0.2410  1.5260  0.2882  1.1809  1.9942  2.5301  1.5703  0.5753 -1.0001 -0.5584

Columns 951 to 960
 1.9539  0.0434 -1.1152 -1.7621 -0.5618 -0.2265  0.5821 -0.0261  0.2861 -0.6744

Columns 961 to 970
-0.9137 -2.9157  1.1137 -1.5006 -0.0100 -3.0536 -0.9974 -1.2169  0.2260 -0.5800

Columns 971 to 980
 0.0755  0.1488  2.8883  1.0788 -1.2313  0.2340  1.2851  4.6380  3.3398  1.1524

Columns 981 to 990
 0.0034 -2.6389  0.2533 -0.2928 -0.6278  1.5640 -3.4978 -1.6971  0.8690 -2.1604

Columns 991 to 1000
-2.6192  1.7821 -0.2850  2.0971  1.0408 -0.6433 -1.2334 -0.5335 -0.3167 -0.8345

Columns 1001 to 1010
 3.9951  0.1340  3.2995  0.4969  0.7328 -0.8717  1.5309  1.1368 -0.1104  1.8285

Columns 1011 to 1020
-3.4691 -0.5086  0.2746  1.2578  0.0715  1.1059  0.1750  0.1389 -1.0259 -0.6645

Columns 1021 to 1024
 4.2287  2.1896 -2.1343 -2.7433
[torch.FloatTensor of size 1x1024]

input_dim	1024	hidden_dim	1024	
t	1	next_h	Columns 1 to 8
  1.4587  -2.4300   3.0054   4.7745   4.0991  -2.3068  -6.3950   1.7571

Columns 9 to 16
 -0.4378   0.9055  -1.5830  -4.6877  -3.1013   1.2505   0.6132   2.5176

Columns 17 to 24
  2.1052   4.8958   0.2877   0.5103   1.7335  -2.2650   2.5338  -0.5629

Columns 25 to 32
 -1.9554   1.0530   4.5201  -1.3130   5.3707  -2.8846  -2.4641   6.1277

Columns 33 to 40
  4.1394  -0.5852  -3.7507   4.4790  -2.3969  -3.9491   2.1906   0.3336

Columns 41 to 48
 -1.8262  -0.0842   2.5295   1.1424   1.4732  -3.2685   1.4822  -1.0904

Columns 49 to 56
 -0.2420   1.0294   2.0613  -2.2375  -2.3510   7.5716   0.0977  -1.7906

Columns 57 to 64
  4.7619  -2.6237  -5.0015  -4.9898   3.3844  -0.7697   2.7973   2.4622

Columns 65 to 72
  4.0653  -2.7934   4.7268   4.1354   1.2294  -4.1248  -2.6692  -1.6681

Columns 73 to 80
  0.2784  -5.1615   0.1255  -2.4815   1.5380   2.8407  -0.6543   0.2896

Columns 81 to 88
 -4.4275  -2.7864  -4.0309   3.7109  -3.9336  -0.4529   0.6282   2.4774

Columns 89 to 96
  4.5428  -0.4927   3.5586  -4.3186  -3.2246  -4.1381   4.3802   0.8319

Columns 97 to 104
  2.6653  -1.0990   4.9934  -5.9550  -2.1080   1.2284   0.7043   3.5309

Columns 105 to 112
 -4.0178   1.5167  -3.6728  -2.6233  -8.8071   8.3407  -2.8740  -2.1035

Columns 113 to 120
  2.6680  -3.6681   3.0418  -2.9798   1.8590   3.4541  -1.9524   1.4980

Columns 121 to 128
  1.0124   1.2812   3.7671   7.7433   2.4297  -0.2097  -1.6548   1.4864

Columns 129 to 136
  0.7328   2.1233  -5.9988  -3.6409  -3.9474   1.5537   0.2498   0.8261

Columns 137 to 144
  1.2514  -4.8021   0.1882   2.6290  -0.9428   2.8366  -6.5708  -2.2652

Columns 145 to 152
 -2.2408  -1.5786  -2.3648  -0.8429   3.8377  -1.4353   0.7957  -3.7532

Columns 153 to 160
 -2.6443  -2.5295  -5.7235   0.1380  -0.0100   2.3964   1.2859   1.5968

Columns 161 to 168
  3.7533  -1.5325   1.5660  -1.4697   6.6638  -0.4718   0.6966   2.6523

Columns 169 to 176
 -0.5102   2.7661   4.4930   4.4600  -3.1666  -1.3488   0.3820  -3.4477

Columns 177 to 184
  1.4105   4.5329   1.8742   0.6880   1.7732   0.2105   7.9686  -0.4855

Columns 185 to 192
  0.8063   0.3094   1.7703  -1.8072   2.1695   0.8835  -1.0478   0.5651

Columns 193 to 200
 -7.2623   1.6917  -2.8796   4.6585   1.8290   1.9202  -0.8308   1.0599

Columns 201 to 208
  1.7161   0.8153   3.6239   3.0715  -3.2484   7.5705  -5.4030  -0.6615

Columns 209 to 216
  4.5024   0.0704   1.2667  -1.2948  -2.9016   1.9352   0.8319  -0.8101

Columns 217 to 224
 -7.7973   4.1611   1.4959  -1.2872  -1.2121   1.1028   3.8326  -1.0050

Columns 225 to 232
  0.3647  -2.1473   1.9899  -2.7839   0.1142   0.5627   3.3663   2.9396

Columns 233 to 240
 -2.7665  -0.9552  -6.3103  -2.0958  -0.1259   0.6714  -3.8180  -2.1857

Columns 241 to 248
  0.9380  -4.7912   2.0457   2.7258  -0.3499   1.9031   4.3416   0.5470

Columns 249 to 256
 10.6005   6.0720   1.7041   1.4491  -3.8370   0.3911  -2.0605  -2.0567

Columns 257 to 264
 -5.5999   2.5828  -1.3063  -0.2319  -2.0566  -1.9946   0.5903  -1.1699

Columns 265 to 272
  0.4567   0.1459   0.9261   3.8271   0.7882  -2.5540  -0.8172   0.8923

Columns 273 to 280
  4.1949  -3.3876   4.2853  -1.0590   1.5045   5.4248  -2.1042   2.5855

Columns 281 to 288
  3.2043   2.3167  -0.8935   1.6072  -2.7698  -0.4436   1.0331  -0.6833

Columns 289 to 296
 -0.7130  -2.7660  -1.9557  -1.9454   1.7358   1.6368   1.1576  -0.4458

Columns 297 to 304
 -7.8999  -2.3257  -6.0628  -0.9061  -1.9049  -4.4032  -0.1503  -3.6532

Columns 305 to 312
 -4.2227   0.4760   1.0828   1.6515  -1.6951   1.0466   2.1783  -3.4918

Columns 313 to 320
 -3.9620   2.5179  -0.0914  -4.2298   0.2776  -8.3986   6.2978   2.5808

Columns 321 to 328
  0.4560  -1.2581  -3.5619   1.0607  -2.0134  -1.8249  -1.9291  -6.2477

Columns 329 to 336
  2.5300  -4.0905   0.8938  -2.1101   1.3377  -0.9752  -3.7877  -3.0224

Columns 337 to 344
  2.4500   4.0861   5.1765  -0.3287  -4.9689   1.8401   1.5223  -2.3118

Columns 345 to 352
  0.3785  -2.0340  -0.0793   0.9125   1.3596  -1.6462  -0.7184  -0.4420

Columns 353 to 360
  0.3228  -1.0254   2.2202   2.9205  -0.7123  -1.7244   1.1840  -1.9254

Columns 361 to 368
 -0.5323  -1.0112  -1.1772  -5.4635  -4.0206   0.1709   0.7582   4.5146

Columns 369 to 376
 -2.2427  -1.8633  -6.0664   6.0155   0.8110   1.1621  12.4696   1.0328

Columns 377 to 384
 -2.5925   2.1237  -6.3408  -1.8837   4.4820   2.3149   3.0702   0.6942

Columns 385 to 392
 -4.9697   3.1176   1.2474   5.7106  -2.7734  -0.0777  -0.3807   0.2532

Columns 393 to 400
  2.9554  -0.5842   0.0388  -5.1585  -3.3075  -4.3206  -3.4555   2.6469

Columns 401 to 408
 -6.2903   1.0322   2.1982  -1.4855   1.6908   1.4787  -0.1329  -0.6441

Columns 409 to 416
 -3.1326  -7.1203  -2.3360  -0.7772   1.8637   4.5734  -0.9203  -0.0784

Columns 417 to 424
 -0.3102   0.1471   5.5185   3.3458  -2.7928  -1.7209   1.2691   0.1340

Columns 425 to 432
 -2.7792  -0.6752  -1.5132  -5.9127  -0.8559   6.5865  -1.0153   3.4544

Columns 433 to 440
  1.4149  -0.7655   1.6622  -1.2353  -0.0996   0.4270  -0.6800  -1.0259

Columns 441 to 448
 -2.7602  -2.6822   5.0848  -1.1860  -2.6521  -2.0450  -0.7582  -3.7759

Columns 449 to 456
  0.1877  -4.1316  -3.5777   1.0167   6.0020   0.0968  -4.5148   7.0211

Columns 457 to 464
 -5.4017  -2.4305  -0.9669  -3.7865   1.6775  -1.4756   1.8404   0.0477

Columns 465 to 472
 -2.9191   4.1035  -2.6222   2.9466  -0.2090  -3.2469  -3.5529   6.1413

Columns 473 to 480
 -9.8111   1.0670  -1.6621  -8.1597  -3.0599   2.3367  -1.6975   2.7999

Columns 481 to 488
 -2.9321  -2.2097   2.9877  -0.7871   0.2864   0.6212  -2.8548   1.3455

Columns 489 to 496
 -1.7587  -2.4068   0.6468   2.1858   3.9956  -4.2688   2.0469   1.6685

Columns 497 to 504
  2.8892  -4.8329  -0.0768  -3.5412  -1.6208   1.3690  -1.1654  -4.0453

Columns 505 to 512
 -1.5787  -1.6228  -0.2067   3.2197  -3.8868   0.1602   3.8478  -0.7226

Columns 513 to 520
  0.9866  -5.0990   0.3842   0.3779   1.7795   0.5508  -3.6082  -2.5613

Columns 521 to 528
  6.3365   4.0049   1.7950  -0.3369   0.6561  -2.5257   2.2950  -2.4542

Columns 529 to 536
 -2.0954   5.4755  -0.6579   0.3027   0.8784  -1.3930  -4.6816   2.3423

Columns 537 to 544
  4.4328  -0.5501   2.1768   2.5979   2.4694   0.5530   1.2249  -4.5445

Columns 545 to 552
  0.2403   1.1465   3.4840   5.0794  -0.2317   0.7010   3.9804  -2.9770

Columns 553 to 560
  1.3919  -1.8950  -0.7150  -1.6182  -4.0973   2.0453  -7.3876  -1.2439

Columns 561 to 568
 -4.0694  -4.6256   1.5790  -1.5372  -6.4601   1.2815   1.3346  -1.8077

Columns 569 to 576
 -0.1153   3.7153   1.2537   5.1459   5.7294   2.9647   1.4408   0.5498

Columns 577 to 584
 -5.8703  -1.4929   2.2499   0.6598   0.4513  -3.9328   0.0746  -1.2443

Columns 585 to 592
 -1.5921   1.3799   3.6483  -2.3007   1.0404   4.6468   2.2624   4.1778

Columns 593 to 600
  3.2645  -3.6775   3.5533  -1.1115  -0.2692  -1.0690  -6.5191   5.1850

Columns 601 to 608
  0.4184   2.1707   2.1525   3.8842  -4.3958   1.2611  -1.5754   1.0207

Columns 609 to 616
  1.4725   4.1844   0.0105   4.9233  -3.2711  -0.8161   2.2691   0.5319

Columns 617 to 624
  3.9229   2.7193   0.0814   2.4235  -3.6987   2.2897   5.1908  -2.5423

Columns 625 to 632
  6.7544  -2.6914   0.0406  -0.2099   1.4156   2.5076   0.7035  -1.2148

Columns 633 to 640
  2.5212   3.6958   0.9766   5.1373   4.6173   1.7461   2.0413  -0.5713

Columns 641 to 648
 -6.3802  -1.1501   0.6065  -0.8115   0.9229  -3.6524  -1.6218  -1.5882

Columns 649 to 656
 -0.0259  -6.1052  -1.1821   2.0562   5.0207   2.0736   2.2656   0.7167

Columns 657 to 664
 -2.7429  -1.7008  -6.9295  -1.8407  -1.3926  -0.3564   3.9931   1.2501

Columns 665 to 672
  2.0691  -1.3703   1.1361   0.5183   0.8956   3.7051  -2.2301   1.1330

Columns 673 to 680
  6.8825  -2.1107   2.3678   0.1745   2.7189  -3.0359  -2.8193  -3.3606

Columns 681 to 688
 -5.1824  -1.0477  -5.1577   4.5094   2.5960  -3.3388   2.7580   0.2509

Columns 689 to 696
 -5.5503   2.2754  -3.3065  -5.3395  -2.2683   1.3780   0.4585  -0.7887

Columns 697 to 704
 -2.0211   2.1212   2.8244   2.5181   0.4740  -3.5750   3.5674  -1.5729

Columns 705 to 712
 -0.0284   0.4588  -3.2671  -1.1829  -2.6123  -0.1540  -1.3849   0.9016

Columns 713 to 720
 -0.1976  -0.7386   0.0455  -0.0283  -0.5781  -2.4969  -4.0660   2.4640

Columns 721 to 728
 -2.8147  -4.5178  -4.6606   3.9678   2.7584  -2.6884  -4.6952   0.2256

Columns 729 to 736
 -0.3568   2.9099   1.3381   0.2672   1.6977   0.6606  -4.7266   0.5730

Columns 737 to 744
  1.4763   1.3628   1.2465   1.0216   0.2460  -1.6440   5.7435  -0.4601

Columns 745 to 752
 -0.2977  -5.3077  -7.0375  -0.7153   0.2845   4.3961  -1.4115  -0.7946

Columns 753 to 760
 -4.5543  -3.3286   1.8375   2.3037   0.1633   2.6568  -5.5903   3.1329

Columns 761 to 768
  1.6730  -0.5213  -3.1376   0.4482   6.7967   0.5975  -1.2737   3.7737

Columns 769 to 776
 -0.2482   1.8144   0.3497  -2.2285   0.5157  -1.5636  -0.1473   0.7007

Columns 777 to 784
  3.8896   3.8683  -1.7663  -1.1647  -2.9533  -1.5201  -0.6561   1.0699

Columns 785 to 792
 -6.0407   1.4838   4.7940   6.4215   0.1881   2.8571   0.9625   1.0541

Columns 793 to 800
 -4.0744  -1.3750  -1.3205   3.8308   3.0299  -0.9580   6.9882   2.8963

Columns 801 to 808
 -1.8852  -2.6840 -10.2368  -0.5949   2.0842  -1.8527  -4.2202  -0.0441

Columns 809 to 816
  1.7546  -2.3942   0.0449   3.7025   1.2224   1.8924  -5.6698   1.2164

Columns 817 to 824
 -0.7616  -1.8560  -2.3635   3.1568   0.8934  -0.3291  -2.2591  -0.7896

Columns 825 to 832
  0.3165  -1.3583   6.7325  -0.1406   1.0954   0.1800  -0.7444   7.9806

Columns 833 to 840
 -4.4101   3.3211   1.2184  -1.2448  -0.3506   0.9174  -3.6156  -1.6695

Columns 841 to 848
 -1.1172   3.8630  -4.5632   3.5765   0.2700  -4.2767  -3.4635   1.5817

Columns 849 to 856
 -0.0482  -2.1703   1.7419  -2.6605  -1.5089   0.3724  -0.7076   1.8868

Columns 857 to 864
 -1.5096  -0.4497  -4.5942  -1.1040  -1.9639  -5.3233   6.5000  -3.2185

Columns 865 to 872
 -4.4493   1.2010  -2.1883   2.1229   2.3232   1.2782  -2.3988   1.4583

Columns 873 to 880
 -2.0339   4.6003   0.7434   1.6642  -0.5911   3.4942  -0.0043  -1.0820

Columns 881 to 888
 -2.0123   4.6917  -0.8663   0.2146   4.5342  -2.7087  -7.5368  -3.3694

Columns 889 to 896
  0.9540  -4.1751  -1.2941   1.7795  -1.2943   0.3464  -1.5477   2.3696

Columns 897 to 904
 -1.3706  -3.9939  -0.0996  -0.7444  -1.6639   0.9298  -1.6395  -1.3749

Columns 905 to 912
 -2.9416  -0.7271  -2.9864   1.6672  -6.1949   2.6031   3.3654   1.2808

Columns 913 to 920
 -1.0959  -3.8931  -5.7889  -0.3137   2.7178  -1.5548   4.0204   2.0560

Columns 921 to 928
  1.0102  -5.4270   2.1357   1.4410  -6.3593   6.2720  -1.8577   5.8104

Columns 929 to 936
  5.9157  -1.6728  -1.6005   3.9169  -1.8418   5.1830  -2.9084   4.4393

Columns 937 to 944
  5.5480   2.4733  -0.2083   1.0166   2.4203  -9.5374  -3.9261  -0.5543

Columns 945 to 952
  4.7409  -1.3789  -1.9311   3.8992   2.2341  -2.6762  -0.3130  -0.8183

Columns 953 to 960
  0.5890   3.2883  -3.8473   0.4926   4.6975  -0.9780   2.4088  -2.7159

Columns 961 to 968
 -0.0346  -1.4198   0.2725   1.6403  -3.1853   0.6092  -1.7083  -5.8484

Columns 969 to 976
  0.6591  -0.8011   0.5968   4.2895   1.2930   2.0267  -5.7342   0.4921

Columns 977 to 984
 -0.7278  -2.2396  -0.6010   3.2531  -2.0252  -4.4175  -2.3337   3.5756

Columns 985 to 992
 -1.7137  -0.7816  -1.4317  -6.4957  -3.5774  -1.3755   3.2498  -2.1368

Columns 993 to 1000
 -1.2308  -1.2073   3.1295  -3.0360  -7.0609   4.8283  -5.1937  -4.5406

Columns 1001 to 1008
 -2.0606  -2.0498   0.7566  -3.5203   5.2363  -4.6248   0.2389   1.9012

Columns 1009 to 1016
 -0.6759  -0.3116   4.8872  -0.7667  -0.5283  -3.4973  -4.3873   0.1874

Columns 1017 to 1024
  0.8136   1.1548  -4.2649  -1.0799  -4.0073  -5.5255  -2.2590   2.2600
[torch.FloatTensor of size 1x1024]

input_dim	64	hidden_dim	1024	
t	1	next_h	Columns 1 to 10
-0.5486  2.9304  0.7346  0.4802 -3.1149  0.3818  3.0195 -1.6310  1.0238 -0.7208

Columns 11 to 20
 0.4462  0.4407 -0.6956  1.3970  0.4221  0.4504 -0.0217  0.4961  1.1088  0.5495

Columns 21 to 30
-1.9130  0.5979  0.5207 -0.5766  3.7382 -0.6255  1.0046 -2.3214 -0.4132 -3.8464

Columns 31 to 40
 2.2935 -0.3272  0.1001 -2.0098 -0.3796  0.1136 -2.2448 -1.0458  0.9508 -0.2364

Columns 41 to 50
 0.4970  4.4268 -1.3603  1.4347 -3.1261  2.7045  1.1840 -0.9628 -4.0485 -2.2675

Columns 51 to 60
 0.6989  0.3818  1.4347 -2.3769  1.3488  1.2914  2.9300 -2.2399 -2.5688 -0.9876

Columns 61 to 70
-0.2790 -0.5605  3.6270  1.8935  1.3001  0.6171  0.2277  1.9673  0.3392 -1.3508

Columns 71 to 80
 0.3857  0.8708 -0.0953 -0.3890  1.2221 -1.7841 -3.9239  0.8022  0.1821  0.6650

Columns 81 to 90
-0.0780 -3.1936  1.1828  0.1417  0.8094  2.9920 -2.3055 -0.7037 -0.9190  0.6182

Columns 91 to 100
 1.4850  3.9996 -1.0404  0.4406 -0.8193  0.5403 -1.2315 -1.2150 -1.3784  0.7419

Columns 101 to 110
-3.3212 -3.5875  0.9995 -2.1067 -2.3555  2.5940 -2.2683 -0.6979 -0.8974 -2.8652

Columns 111 to 120
 2.4554  1.1467  1.8871 -1.1635 -0.1676 -2.8905 -1.7083 -1.2434 -0.9594 -2.0601

Columns 121 to 130
 0.3299 -0.0299 -0.6415 -5.1232  0.1390 -0.3868  4.0377 -0.5820 -1.6298  1.2017

Columns 131 to 140
-0.2933 -1.3947 -1.6900 -1.4727  1.4074 -0.6473 -1.0409 -2.3141 -0.8449  2.0190

Columns 141 to 150
-2.4234  0.3729  1.7110  4.3673 -0.9387  0.5852 -0.9930  2.0587 -0.5122  0.5505

Columns 151 to 160
 1.4551  1.7127  2.1634  1.1439  4.5621  1.5694 -1.2213 -1.2218  0.7244  0.9614

Columns 161 to 170
 1.6375  3.5980  1.8383 -0.1258 -1.1031 -0.7666  4.9137 -2.0670  2.4732 -1.1818

Columns 171 to 180
 1.3764  0.9083  1.7339 -0.9740  1.1039 -2.2784  1.1725  2.8906  2.2810  0.8560

Columns 181 to 190
 4.3720  0.9961 -1.1151 -0.1944  0.8325  1.3878  0.2029  2.6266  0.5993  2.5259

Columns 191 to 200
 3.3664  1.7854 -0.2090  3.0865 -1.1365  0.0559 -0.4840 -1.5037 -0.0668 -0.4389

Columns 201 to 210
 2.5971 -0.0767  1.1330  2.9709  0.6403  2.2806  1.1601  2.6701 -1.4101  0.5485

Columns 211 to 220
-2.6393 -1.2117 -1.5245  0.3665  0.3329 -0.8608 -1.4292 -3.3624 -0.1642 -1.7260

Columns 221 to 230
-0.1755  2.2289 -0.7560  3.7035 -1.6458  2.0936  2.7199  1.2327 -1.0844 -2.4825

Columns 231 to 240
-0.2498  2.5013  0.6356 -2.7208  0.5065  1.3649 -0.5248  0.6378  0.2541  1.8549

Columns 241 to 250
 0.0960 -3.8286 -1.3802 -2.0287  1.2090  5.6333  0.2637 -0.1502 -2.0526  2.3809

Columns 251 to 260
-1.3395  1.3949  0.7420 -0.0121 -0.5925  1.9912  3.2056  1.2402  3.0292 -1.1320

Columns 261 to 270
-2.2629 -1.7419  0.7206  3.7724  2.6302 -0.2929  0.1185 -1.2644  1.5770 -3.4837

Columns 271 to 280
-1.2767 -2.2638  1.7505 -0.5064  2.2567 -1.9411 -0.7583  2.2984 -1.1040  3.5865

Columns 281 to 290
-1.2268 -0.8087  0.2534 -1.4108 -0.5783  2.3644 -1.6076  2.7212 -1.4110 -0.8559

Columns 291 to 300
 0.2019 -0.3796 -0.3947  0.8564  1.9780  1.3524 -1.5600 -2.5398  1.6327 -0.4216

Columns 301 to 310
 0.2442  2.2252  0.8156  0.9344  0.3390 -3.5210 -0.8868 -2.6986  0.5759 -2.5093

Columns 311 to 320
 2.5985  0.8509  2.9419 -3.1437  1.2105 -2.1751  1.8124  1.5508  2.6052 -1.9298

Columns 321 to 330
 0.3214 -2.8420 -0.0831  1.4830  2.7098 -0.3906 -0.6100  0.2066  0.5303  0.8457

Columns 331 to 340
-0.0318 -0.6858 -0.8372  3.1919  2.8968  2.3427 -1.8242  0.4550 -1.7058  1.9475

Columns 341 to 350
-0.6021 -1.4998 -2.3470 -0.0868  0.3634 -0.2713 -2.0244 -1.1392  0.5640 -0.4432

Columns 351 to 360
 0.4099 -3.6993 -2.0294 -1.1544  1.2433  0.0064 -4.9713  0.7352  0.9838  0.8783

Columns 361 to 370
 3.4573  2.8155 -0.3090 -1.4345 -0.1413 -4.2072 -0.6150 -2.0968 -0.3545  3.8204

Columns 371 to 380
 3.5642  1.3423 -2.1321  1.7399  0.2174 -0.9829 -2.9005  0.6718 -0.3265  3.1104

Columns 381 to 390
 1.7174 -4.1598 -0.4659  1.4325  1.4665 -0.9082  1.5709  5.3867  2.0808 -0.6498

Columns 391 to 400
-0.5443  0.7701  2.7842  0.8619  1.3936  2.1314  0.5629 -2.6431  2.2661 -1.5686

Columns 401 to 410
 1.2960 -0.5641  1.6789 -1.2404 -0.4491  8.2308  1.4313 -2.7405 -1.6699 -2.0861

Columns 411 to 420
-0.1083  1.0775  0.3845 -1.0086 -0.3123  1.7752  1.1044 -1.0655 -0.9360 -5.0301

Columns 421 to 430
 1.7013  0.4306 -1.1741 -2.3479 -2.4078 -1.0118 -2.6522 -1.5837  1.3698  2.0208

Columns 431 to 440
 4.1455  0.7603 -1.9736 -1.4224  0.0242 -1.3801  5.0060  0.6210 -0.8581 -0.3524

Columns 441 to 450
 0.7246 -1.7284 -1.1402 -1.0124 -2.8782  0.0254 -0.4888 -0.9242  1.0086 -0.1451

Columns 451 to 460
-1.9223 -0.7575  1.1667 -0.6731 -0.8582  1.1080  1.6631  2.7903  1.9072 -0.0330

Columns 461 to 470
 2.6356 -0.3721 -0.4569  0.3202  1.9027  0.8696 -2.4133 -4.5497  3.6216  0.4964

Columns 471 to 480
 0.1830 -3.9835  3.9381  0.4249 -0.5624 -2.0274  1.2205  1.4425 -3.1094 -1.9468

Columns 481 to 490
-2.9101  1.5093 -0.0528 -2.1543 -1.2017  1.2247  4.1887 -0.2547 -2.0653 -4.2772

Columns 491 to 500
 2.2049 -2.1745  0.6991 -0.6446  1.7456 -2.3466  1.2180  0.1273  0.6875 -0.8264

Columns 501 to 510
 1.2200 -2.9732 -3.4402 -1.0764 -0.6628  1.7990 -2.2865  0.1663  0.0271  1.4654

Columns 511 to 520
 0.0624  0.8972  3.6206 -1.2306 -0.3296 -0.3229 -1.7923  3.0013  0.3989 -1.7042

Columns 521 to 530
-0.4734  1.0705  0.7390 -1.7010  1.1802  0.2745  0.5488  0.3586  0.4070  4.3280

Columns 531 to 540
-3.9099 -1.7031  2.7768 -3.2541 -1.7340  0.6157  1.7008 -0.2138 -0.8826  0.8513

Columns 541 to 550
-0.2469  2.8505  2.7140  0.1147 -0.6161 -0.4041  1.3076  1.3879 -1.1252  1.4178

Columns 551 to 560
 0.1178  2.2700 -1.3391  0.0380  4.6291  0.1353  5.2333  2.3984 -0.4805  2.8714

Columns 561 to 570
 0.0586  1.1122 -0.4671  1.2260  0.1894 -1.5959  1.1312 -2.3355 -0.3985  0.9526

Columns 571 to 580
-0.5519  1.6218 -4.0592 -1.1422 -2.4267  1.4945  0.7121 -1.2372 -1.7734  0.1096

Columns 581 to 590
-1.3051  1.0426 -0.0561  0.9825  3.0933  0.5500 -1.2535  3.9274 -2.5115  0.3794

Columns 591 to 600
-0.9943  1.6276  0.5369  4.0618 -3.2737 -1.4540  0.7676  3.7852 -0.8182  4.6900

Columns 601 to 610
-2.1978 -0.5829 -4.3716  2.7714 -0.3527 -1.8396  1.2762 -1.2059  2.4404 -0.8197

Columns 611 to 620
 1.4153  1.4817 -2.1905 -1.3803  6.1750 -1.9157 -1.1368 -1.7401  2.0289  0.2541

Columns 621 to 630
 2.5651  1.6398  3.1657  0.3883  3.4433 -3.3894  2.5259  0.2899  3.8551 -1.9337

Columns 631 to 640
-0.1554 -1.3411  1.3357 -0.3936  2.9040  0.1743  1.1532 -1.0044 -1.3878  0.1680

Columns 641 to 650
 0.7033 -0.9404  0.5567  0.1268 -2.5950 -0.6707 -0.5175 -1.8998  0.7440  2.0482

Columns 651 to 660
 1.6722  0.2220 -1.0179  2.4247  2.3844  1.3662  0.8045  1.9703  1.3743  2.1264

Columns 661 to 670
-0.4215  2.1895  1.1015 -1.8721 -0.8572 -0.9338  1.8155 -1.9806  0.4735  1.0042

Columns 671 to 680
 0.3212  1.2277 -2.2113 -1.0623  1.6614  0.1133 -0.2637  0.0408 -3.8864  0.3430

Columns 681 to 690
-0.6872  0.1883 -3.3127 -0.0665 -0.3092  0.8527  4.2292 -3.0930 -2.4379  2.8751

Columns 691 to 700
-0.0730 -0.1710 -0.0289  1.4043 -0.6920 -2.4759  0.7578  0.8655 -0.7403 -1.9164

Columns 701 to 710
 2.2123 -5.0070  0.5120 -1.8153 -1.0411 -0.9298 -1.9112  2.4892 -0.1651  1.5986

Columns 711 to 720
-1.9040  3.3310 -1.1751  1.6239 -0.5801  0.3337  1.8152 -1.8118 -4.6347  2.0296

Columns 721 to 730
 1.8788 -1.0758 -1.5624  0.8948  2.4222  2.8510  1.2675 -1.1366 -1.9166  0.6335

Columns 731 to 740
-1.4212 -0.2714  0.1730  1.1199 -1.7723  1.1621 -1.6176  0.9369  0.1350 -0.9121

Columns 741 to 750
 0.3152  2.0462  1.1954 -2.1989  1.1600  0.2792  0.6480 -2.0728 -1.8399  0.4186

Columns 751 to 760
-1.5970  0.2765  0.1845 -0.0119 -0.8574 -0.0082  0.5664 -0.1018  1.0409 -2.6960

Columns 761 to 770
 2.8198 -3.6027 -1.9368  0.8088  2.5565 -0.9867  0.4643  0.8030 -2.9673 -0.5953

Columns 771 to 780
-0.6210 -1.1880  0.3786 -0.3942  2.0575  0.5688 -1.4618  1.8046  1.0422  1.2664

Columns 781 to 790
 2.3700  1.0207 -3.2255 -1.6270 -0.5573 -1.8000 -1.9013 -2.2643 -0.1836  2.4356

Columns 791 to 800
 1.0325  0.2097 -1.2538  0.1940 -1.0773 -0.2769  0.8624  0.9163  0.0286  0.4668

Columns 801 to 810
-1.2345 -0.2018  0.5956 -1.3152 -0.3515  1.8054 -0.0252 -0.0023  0.4006 -1.9071

Columns 811 to 820
 3.0432  0.7919 -0.3786  0.4246 -7.2965  0.9942  0.4926  3.4061 -1.8350 -0.5015

Columns 821 to 830
-3.7603  0.4875 -0.7299  0.7886 -1.8470 -1.1503  0.4572  1.6392  0.5674 -0.1701

Columns 831 to 840
-0.1147 -1.2156  0.0569 -1.9701 -2.4912 -2.1437 -0.1865  0.2819 -1.2648  2.6211

Columns 841 to 850
-2.9157  1.1293 -2.5193 -2.0789 -1.6776  0.0623 -1.1001  0.1216 -1.1275 -2.9232

Columns 851 to 860
-0.3676  2.4947  2.6317  1.0230  5.1474 -0.3121  5.3849  1.0352  1.5449  2.9484

Columns 861 to 870
 0.8879  0.5343  0.1365 -1.2637  2.4229 -2.7326 -0.2735  0.6046  0.0389 -4.7063

Columns 871 to 880
-1.0698 -1.5450  1.6357  3.7742  3.5871  2.1253 -1.2655  1.5270 -4.6534  1.2936

Columns 881 to 890
-0.0945  3.7713 -0.4391 -0.0320  1.7084 -2.5365  0.5636  0.8689  0.3673  0.4888

Columns 891 to 900
-0.7609 -0.3988  0.6141  1.6976 -0.3506  0.0593  2.6320  0.6704  1.7363  1.8803

Columns 901 to 910
-0.5404  2.1777  0.5301  3.7544 -4.6118  3.9603  3.6232  2.1457 -1.6998  0.7043

Columns 911 to 920
-0.5959  0.1272 -1.7560  2.2572  0.7754 -0.7906 -1.0434  0.0064  4.1189  2.9213

Columns 921 to 930
 0.9537 -0.8009  0.6996  1.1961  1.7621 -0.4724  1.8998  1.1953 -0.4236  0.3854

Columns 931 to 940
 1.1984 -1.2531 -0.2356 -0.7654 -0.3805 -1.6499  3.1844 -0.2941  1.6905  1.3017

Columns 941 to 950
 0.2168 -0.6441 -0.7668 -1.2322  2.1543 -1.1524  0.6548 -1.0434 -5.0539 -1.0326

Columns 951 to 960
-0.3360 -1.2929  0.2130  0.5005  1.8020 -2.6237  2.1288 -1.4010  0.1412 -3.8275

Columns 961 to 970
 1.0158 -0.1554  0.1463 -3.1638  0.2007 -1.3373  3.5045 -0.6559  1.6419  1.3519

Columns 971 to 980
 2.6015 -0.0379  0.1619  1.4426  0.0523  1.9050  3.4812  2.3016  2.5105 -1.9140

Columns 981 to 990
-1.5300 -2.4454 -0.0698  1.8044 -0.4594  2.0592 -0.5965  3.1019  0.0427 -1.0377

Columns 991 to 1000
-0.7133 -1.0546 -0.1171 -1.9392  1.6569  0.3480  2.7680 -1.4685 -1.9168 -3.6774

Columns 1001 to 1010
-1.4988  0.4193 -3.1736  0.4544  0.2722  0.1720  0.8080 -0.9876  0.7122 -0.0559

Columns 1011 to 1020
 0.7545  2.0682  1.7739 -5.2572 -0.5290  0.3715  0.6173 -1.4799  2.2323  1.1136

Columns 1021 to 1024
-0.3528  0.5584  1.5415 -0.7643
[torch.FloatTensor of size 1x1024]

input_dim	1024	hidden_dim	1024	
t	1	next_h	Columns 1 to 6
 8.0284e-01  1.1361e+00  1.2249e-01  2.6987e+00  1.9844e+00  4.0055e-01

Columns 7 to 12
-3.2103e+00 -3.8200e-01 -3.3990e+00 -1.7522e+00  7.1394e+00 -3.2256e+00

Columns 13 to 18
-2.2590e+00 -3.1391e+00 -3.6854e+00  2.7332e-01  9.0161e-01  7.0473e+00

Columns 19 to 24
-2.4417e+00  3.6503e+00  2.3081e+00  1.8595e+00 -5.2995e+00 -2.6127e-01

Columns 25 to 30
-7.3462e-01  1.0403e+00  1.0004e+01  8.3750e-01  2.8996e+00  4.2572e+00

Columns 31 to 36
 1.7397e-01 -5.6286e-01 -3.6944e+00 -4.0484e+00  1.0873e+00 -1.5036e-01

Columns 37 to 42
 3.8965e+00 -3.0312e+00 -3.4213e+00  2.2046e+00  1.9224e+00  3.0016e+00

Columns 43 to 48
-7.2294e-01 -5.2956e+00 -3.5218e+00  6.1980e-01  1.1026e+00 -1.7163e+00

Columns 49 to 54
 6.2182e+00  2.5609e+00 -2.1074e-01 -5.0865e-01 -3.1418e+00 -1.1350e-01

Columns 55 to 60
-4.6033e+00  5.4271e+00 -1.5139e-01 -1.8500e+00  6.7247e-01  8.4475e+00

Columns 61 to 66
 1.1145e+00 -2.2560e+00  6.0681e-01 -7.4632e+00 -5.7345e+00 -5.3982e-01

Columns 67 to 72
 2.4157e+00 -1.5311e+00 -2.5527e+00 -1.2463e+00 -5.1657e-01  1.8829e+00

Columns 73 to 78
 4.6307e+00 -1.6053e+00  2.3935e+00 -3.9439e+00 -1.0249e-01  2.8247e+00

Columns 79 to 84
-5.0019e-01  3.9204e+00  1.2347e+00  5.6286e+00  2.8446e-01 -6.9229e+00

Columns 85 to 90
 1.7344e+00 -9.2308e-02 -4.1760e+00  4.6520e+00  1.9474e+00  3.5774e+00

Columns 91 to 96
 9.7530e-01  1.6917e+00 -6.3520e-01  2.0624e+00  4.1408e+00  2.4984e+00

Columns 97 to 102
 3.6857e+00  3.0314e+00  2.6117e+00  4.3537e+00 -1.4444e+00  1.3634e+00

Columns 103 to 108
-6.8633e-01 -1.3971e+00 -6.3214e-01 -3.4661e+00 -9.0081e-01 -2.2740e+00

Columns 109 to 114
 2.3924e+00 -2.5617e+00 -4.9860e+00 -7.4533e-01 -4.7094e-01 -3.3070e+00

Columns 115 to 120
-1.2631e+00 -2.4705e+00  4.0162e+00  1.9054e+00 -2.2887e+00 -7.0273e-01

Columns 121 to 126
 3.3957e+00 -2.8947e+00  3.5972e+00 -2.3121e+00 -1.2467e+00 -2.3222e+00

Columns 127 to 132
 2.1155e-01 -1.0538e+00  2.0676e+00  9.0303e-01 -3.6127e+00 -2.3691e+00

Columns 133 to 138
 6.9141e+00 -2.4893e+00 -3.8520e+00  3.1215e+00  5.3594e-01 -3.2455e+00

Columns 139 to 144
-2.6745e+00  1.6069e+00 -1.4936e+00 -8.4382e+00 -4.4070e+00  1.0722e-01

Columns 145 to 150
 1.1895e+00  4.9359e+00  5.6872e+00  2.9846e+00 -2.2153e+00 -1.8934e+00

Columns 151 to 156
-7.0653e-01  5.1741e+00 -5.7178e+00  1.5374e+00 -2.1670e+00 -6.2326e+00

Columns 157 to 162
 1.2686e+00 -2.8699e+00 -6.5937e+00  3.9920e+00 -7.4351e-01  4.2137e+00

Columns 163 to 168
-2.0070e+00  1.9737e+00 -8.5677e-01  1.8569e+00 -5.2207e+00 -4.0129e+00

Columns 169 to 174
 2.6921e+00  9.8971e-01 -1.9755e+00  3.9851e+00 -3.4685e+00 -9.9992e-01

Columns 175 to 180
-1.4739e+00  4.9574e+00 -1.7638e+00 -5.8920e+00 -1.0635e+00  3.0368e+00

Columns 181 to 186
-4.7137e+00  2.1786e+00  5.7843e+00  1.3618e+00 -2.8188e+00 -6.9521e+00

Columns 187 to 192
-1.8470e+00  2.4079e+00  1.9136e+00  1.9993e+00  1.9644e+00  1.6075e-01

Columns 193 to 198
-2.3249e+00  7.6345e-01 -1.2588e+00  4.5024e+00  4.2314e-01 -4.4671e+00

Columns 199 to 204
-2.3672e+00  4.4974e+00 -2.3549e+00  3.0523e+00 -2.7522e+00  5.6764e+00

Columns 205 to 210
-3.7623e-01  1.5378e+00 -1.3105e+00  4.6626e+00 -5.5850e-01  3.8037e+00

Columns 211 to 216
-1.1455e+00 -3.2803e+00  2.7077e+00 -1.6888e-01 -4.1204e+00  9.9511e-01

Columns 217 to 222
-1.8236e+00 -3.2438e+00 -1.6902e+00  2.0628e-01 -2.8655e+00 -1.5269e-01

Columns 223 to 228
-3.8473e-01 -5.9213e-01 -4.1517e+00  3.6693e+00 -2.5494e-01 -6.6621e-01

Columns 229 to 234
 5.3310e+00 -1.2734e+00 -6.3627e-01  7.3562e-01  3.7038e+00 -7.7584e-01

Columns 235 to 240
 7.1919e-01 -6.0471e-02 -2.3118e-01 -4.5904e-02 -2.5862e+00 -1.4994e+00

Columns 241 to 246
 4.8632e+00 -2.1810e+00 -2.2943e+00  3.4672e-01  1.9187e+00 -4.1922e+00

Columns 247 to 252
-2.7332e+00  9.6162e+00 -2.5127e+00 -9.3419e-01 -1.1767e+00  1.1378e+00

Columns 253 to 258
 4.4347e+00 -1.0920e+00 -2.8029e+00  2.4384e+00 -4.7724e+00  2.5568e+00

Columns 259 to 264
 1.8188e+00  2.4389e+00  1.4201e+00 -5.4128e+00  4.8389e-02  2.3434e-01

Columns 265 to 270
 4.7535e+00  1.4325e+00  1.6975e+00 -1.9403e+00 -1.0811e+00 -1.5388e+00

Columns 271 to 276
-3.0811e+00  1.1316e+00  3.7306e+00 -2.8231e+00  1.5079e+00 -1.2500e+00

Columns 277 to 282
-1.7315e+00 -3.1556e+00 -1.4896e+00 -1.7352e+00 -2.2383e+00 -7.6288e-01

Columns 283 to 288
 6.7729e-01  4.3958e+00 -5.7018e+00 -1.2586e-01  1.2119e+00 -3.7244e+00

Columns 289 to 294
 4.5318e+00 -2.6847e+00 -1.1628e+00  4.2368e-01 -1.5256e+00 -2.3638e+00

Columns 295 to 300
 6.8585e-01 -2.2971e+00  4.2542e+00  5.2540e+00  5.4705e+00  1.3645e+00

Columns 301 to 306
 3.1956e-01 -8.4694e-01  1.0267e+00 -5.1793e-02  1.0466e+00  3.8581e+00

Columns 307 to 312
 1.3175e+00 -7.1029e-01  5.5925e+00 -2.9908e-01  1.0250e+00  4.3964e+00

Columns 313 to 318
 1.1040e+00 -2.7410e+00  2.1434e-01  2.6976e-01 -1.9515e+00 -4.1790e-01

Columns 319 to 324
-1.7709e+00 -5.3789e+00  1.1088e+00 -3.8238e+00  6.4165e+00  2.7535e+00

Columns 325 to 330
-2.7252e+00  3.3780e+00 -4.7607e+00  1.0204e-01 -7.8354e-02  1.8618e-01

Columns 331 to 336
 1.8196e-01 -1.6321e+00  5.4137e-01 -8.6649e-01 -2.5842e-01 -4.0030e+00

Columns 337 to 342
 3.7787e+00 -9.1840e+00  1.7341e-01  1.6876e+00  3.6351e+00 -2.2103e+00

Columns 343 to 348
-1.1831e+00  5.6355e-01  7.7918e-01 -1.5186e+00 -3.6202e-01 -1.1110e-01

Columns 349 to 354
-1.0549e+00  1.8698e+00 -3.5196e-01  9.7339e-02  9.3101e-02 -3.2320e-01

Columns 355 to 360
 5.0279e-01  5.0246e-01 -2.4543e-01  3.5030e+00  2.3371e+00  2.6952e-01

Columns 361 to 366
-1.3588e+00 -4.7015e+00 -1.1210e+01 -4.5644e-01 -3.2419e+00 -7.0514e+00

Columns 367 to 372
-2.6916e+00  2.1619e+00 -3.9720e+00  1.8524e+00 -1.2774e+00  3.4182e+00

Columns 373 to 378
-3.3082e+00  2.2967e+00 -1.0166e+00  1.3442e+00 -6.1935e+00 -5.1190e+00

Columns 379 to 384
 3.6577e+00 -1.3261e+00 -1.8066e-01 -1.2779e+00 -3.5139e+00 -4.4087e+00

Columns 385 to 390
-2.9165e+00  2.8021e+00 -3.2767e+00 -2.3035e+00 -2.2648e-01  1.7443e+00

Columns 391 to 396
-2.1667e+00 -4.1588e+00  9.7956e-01 -8.7389e+00 -2.7614e-01  3.0022e-01

Columns 397 to 402
-8.3685e-01  5.7160e-01  6.7415e+00 -1.3815e+00 -2.5704e+00  2.1998e+00

Columns 403 to 408
-1.7998e+00  2.0117e-01 -3.5191e+00  2.0175e+00  2.2203e+00 -1.8951e-01

Columns 409 to 414
-2.3631e+00 -7.2966e+00  2.6409e+00  4.3925e+00  2.8042e+00  2.2567e-01

Columns 415 to 420
-3.5945e+00 -1.1952e-01  7.2366e-01 -1.7157e+00  2.4816e+00 -1.1223e+00

Columns 421 to 426
 2.0239e+00  1.5565e+00 -2.5686e+00  4.1501e+00  4.3916e-01 -4.3104e+00

Columns 427 to 432
 1.6805e+00 -2.7218e-01  2.0734e+00 -4.9515e+00  7.6161e+00 -2.8074e+00

Columns 433 to 438
-2.8691e+00  3.9209e+00  2.1336e+00 -1.7316e+00 -3.4799e+00 -2.7622e+00

Columns 439 to 444
-2.1423e+00  1.1465e-01 -1.8609e+00  2.4540e+00  4.7843e-01  4.1347e+00

Columns 445 to 450
 2.3023e+00 -4.7940e+00  1.8954e+00  3.3032e+00 -1.9248e+00  1.0978e+00

Columns 451 to 456
 3.6142e+00 -4.0830e+00  1.1350e+01 -4.3177e+00  3.1527e+00  7.0673e-01

Columns 457 to 462
-1.5268e-01 -2.9729e-01 -2.3091e+00  1.7502e+00 -1.5433e+00  3.1844e+00

Columns 463 to 468
-5.1980e-01 -8.4175e-01  3.2581e+00 -3.6740e+00 -3.7095e+00  2.4924e+00

Columns 469 to 474
-5.5722e+00 -3.8048e+00  1.4312e+00 -1.5967e+00  1.3617e+00  3.7598e-01

Columns 475 to 480
-2.9393e-01 -4.1501e+00 -6.7497e-01  5.4353e+00 -2.9288e+00 -2.3441e+00

Columns 481 to 486
 6.6199e-01 -1.0604e-01  3.6999e+00  6.1505e+00  2.2716e-01  2.3400e+00

Columns 487 to 492
-8.2818e-01  1.0163e+00  1.7389e+00  1.0360e+00  1.5690e+00 -1.7340e+00

Columns 493 to 498
-3.0704e+00  3.8425e+00  1.1706e+00  9.4803e-01 -2.0454e+00  2.7691e+00

Columns 499 to 504
-4.1925e+00 -4.2569e-01  2.3992e+00 -2.1830e+00  2.6234e+00  5.1425e+00

Columns 505 to 510
 1.1485e+00  1.6005e+00 -1.5242e+00  6.4425e-01  9.6144e-01 -4.8243e-01

Columns 511 to 516
 6.7404e+00 -1.3609e+00  4.9185e+00  1.8081e+00 -3.4637e+00  1.4579e+00

Columns 517 to 522
-4.4508e+00  4.4660e+00 -2.4916e+00  2.9911e+00 -4.4871e+00 -1.8597e+00

Columns 523 to 528
-3.4610e+00 -2.4608e+00  5.4928e+00 -1.3311e+00  2.9436e+00 -3.3347e+00

Columns 529 to 534
-2.6577e+00 -5.7385e-01 -4.2351e-01  7.9287e+00  1.3794e+00  3.2091e+00

Columns 535 to 540
-2.8619e+00  3.6349e+00  6.8589e-01 -1.3145e-01  2.7427e+00  1.0406e-01

Columns 541 to 546
-2.0490e-01  5.8891e+00  3.1329e+00 -3.5136e+00  6.2536e+00  3.1318e+00

Columns 547 to 552
 3.3498e+00  5.2463e+00  5.0612e+00  1.1455e+00 -2.8188e+00 -2.6957e+00

Columns 553 to 558
-2.1318e+00 -3.6502e+00  1.4683e+00 -2.3623e+00  1.4682e+00  4.0132e+00

Columns 559 to 564
-4.3058e+00 -5.3658e+00  7.6336e-01  3.9462e+00  2.2598e+00  2.5022e+00

Columns 565 to 570
 8.0674e-01  1.5245e+00 -8.7504e+00 -4.9268e+00 -2.2610e+00  4.0902e+00

Columns 571 to 576
-1.6891e+00 -5.2181e+00 -5.8809e+00 -4.7239e+00  3.0358e+00 -7.3883e+00

Columns 577 to 582
 1.5741e+00  2.3093e+00 -1.4530e-01 -6.5004e+00 -6.7763e-01  3.0309e+00

Columns 583 to 588
 3.4872e+00  3.0356e+00 -1.7052e+00  1.1432e+00  6.8546e+00 -1.2043e+00

Columns 589 to 594
 2.3225e-01 -1.0421e+00  2.6344e+00  5.8435e+00 -1.9786e+00  1.8380e+00

Columns 595 to 600
 4.4619e+00  4.3757e+00 -3.0305e+00  7.6706e-01  2.2818e+00  7.1191e-01

Columns 601 to 606
 1.1691e-01  7.1631e-02 -4.7647e+00  1.1306e+00  5.9230e+00 -4.2233e+00

Columns 607 to 612
 5.2832e+00 -1.6685e+00  7.9408e-01 -1.8718e+00  4.7234e-01 -5.6932e+00

Columns 613 to 618
-7.6196e+00 -8.1022e-01 -3.9096e+00 -5.0492e+00 -2.0164e+00  1.3970e+00

Columns 619 to 624
 1.8633e+00  1.0694e+00  3.2537e+00  2.6012e-01 -4.5590e+00  1.5756e+00

Columns 625 to 630
 5.0825e-01  2.6514e+00 -1.1689e+00 -2.4266e+00 -2.4687e+00  7.8988e-01

Columns 631 to 636
-5.9451e-01 -1.9184e+00  4.8259e+00  1.5580e+00 -2.4079e+00 -3.7057e-01

Columns 637 to 642
-3.6543e+00 -2.3999e+00 -1.4207e+00  2.3079e+00  2.1897e-01 -2.1035e+00

Columns 643 to 648
-5.4560e+00 -1.8197e-01 -1.6454e+00 -4.9461e-02 -1.2754e+00 -1.6200e+00

Columns 649 to 654
 3.2809e+00  7.9606e+00 -7.6947e-01  4.4358e+00  2.8691e+00  2.9173e+00

Columns 655 to 660
-8.1185e+00 -2.2902e+00  9.8582e-01  1.3378e-01 -2.7361e+00 -3.0579e+00

Columns 661 to 666
 4.3533e-01 -1.8764e+00 -4.2345e+00  5.5728e+00 -2.4173e+00 -7.3552e-01

Columns 667 to 672
 3.7247e+00 -7.2743e-02  1.3778e+00  2.2492e+00  6.1805e-01 -6.8640e+00

Columns 673 to 678
-1.4671e+00 -2.0248e+00 -3.7594e+00  1.8638e+00 -3.4982e+00  1.0938e+00

Columns 679 to 684
 1.7618e+00  2.7483e+00 -1.5673e+00  5.2084e-01 -5.2985e+00  1.5917e+00

Columns 685 to 690
-1.1876e+00  1.9304e+00  3.5600e-01  3.9171e+00  7.1488e-01 -8.5913e+00

Columns 691 to 696
 2.4393e+00  5.1639e+00  6.8623e+00 -6.2865e-01  2.3551e+00  1.7872e-01

Columns 697 to 702
-1.6145e+00 -1.7834e+00  2.8433e+00  3.9590e+00 -1.3233e+00  3.1140e+00

Columns 703 to 708
-6.5799e-01 -3.1967e+00  2.1743e+00 -3.5819e+00  2.0651e+00  7.8822e-01

Columns 709 to 714
-2.3121e+00 -4.6469e+00  4.3124e+00 -3.8256e+00  2.6139e+00  7.3746e-01

Columns 715 to 720
-3.3905e+00 -1.2820e+00 -3.1466e-01  4.6842e+00 -2.8320e+00  4.0955e+00

Columns 721 to 726
 5.7631e+00 -1.1593e+00  3.4882e+00  3.9757e+00 -1.9589e-01  5.3468e-01

Columns 727 to 732
-4.4403e+00 -1.9841e-01 -4.1128e-01 -2.1651e+00  4.4863e+00 -1.5898e+00

Columns 733 to 738
 2.3059e+00 -1.7455e+00  2.5577e-01  3.6573e+00 -7.5671e+00 -8.9659e-01

Columns 739 to 744
 4.3187e+00 -1.0047e+00 -5.6451e+00 -5.8142e-01  1.0163e+00 -2.6360e+00

Columns 745 to 750
-3.6754e+00 -4.4891e+00  5.7946e+00 -2.9222e-01 -1.2476e+00  6.2466e+00

Columns 751 to 756
-2.5320e+00 -2.0176e+00  3.6793e+00 -1.0169e+00 -1.1047e+00  3.2525e+00

Columns 757 to 762
-4.3832e+00  4.1975e+00  7.8581e-01 -1.8917e+00  1.2358e+00 -2.0039e+00

Columns 763 to 768
-7.6334e+00  9.2101e-01 -2.3219e+00  2.2517e-01  2.8160e+00  3.7662e+00

Columns 769 to 774
-2.0033e+00  1.1114e+00 -4.3663e+00 -2.2115e+00 -1.8357e-01 -3.0767e+00

Columns 775 to 780
-1.4813e+00  1.4888e+00  4.7343e-01  1.0137e+00  1.3570e+00 -2.1659e+00

Columns 781 to 786
 3.5805e-01 -3.0123e+00  2.9601e+00 -2.5757e-01  1.2437e+00  1.3818e-01

Columns 787 to 792
-3.3085e+00 -3.6241e+00  1.8086e+00  5.4331e+00  9.8550e-01 -3.8069e+00

Columns 793 to 798
-4.0228e+00 -2.1423e-01 -1.7657e+00 -5.0446e+00  1.9577e+00 -6.9146e+00

Columns 799 to 804
-1.7101e+00  4.3891e+00  8.4736e-02 -2.1206e+00 -2.2054e+00  1.2423e+00

Columns 805 to 810
 2.0244e+00  4.1778e-01 -4.6437e-02 -1.4026e+00 -6.1568e+00 -9.3305e-01

Columns 811 to 816
-2.9209e+00 -2.1570e+00 -8.5285e-01 -2.7053e+00 -1.9811e+00  5.8456e+00

Columns 817 to 822
-1.0930e+00 -1.5765e+00  3.6868e+00 -2.6326e+00 -6.6124e-02 -1.1514e+00

Columns 823 to 828
-1.6904e+00 -2.2594e+00  2.2107e+00 -5.8842e+00 -3.8887e+00 -7.6659e+00

Columns 829 to 834
-1.1638e+00  9.7746e-01 -4.1002e+00  3.2385e+00 -2.5598e+00 -6.4500e+00

Columns 835 to 840
 8.9558e-02 -5.1646e-01  4.2607e+00 -1.3029e-01  1.8941e+00  4.7145e+00

Columns 841 to 846
 5.1076e-01 -1.1389e+00 -5.1047e-01  2.9219e+00  1.7293e+00 -1.2635e+00

Columns 847 to 852
 2.6145e+00 -6.9226e-01  2.1821e-01  7.0129e-01 -3.1247e+00 -4.1166e+00

Columns 853 to 858
 4.2051e-01  2.2425e+00 -3.6503e+00 -4.9608e-01  5.0305e+00  5.1772e+00

Columns 859 to 864
-3.4293e-01 -4.5892e+00  4.0532e-01  2.4174e+00 -3.7872e+00 -8.0541e-01

Columns 865 to 870
-3.0866e+00  2.3441e-01 -2.4750e+00  2.4701e+00 -2.4560e+00  2.3800e+00

Columns 871 to 876
 3.6529e-01 -8.8768e-01  1.4624e+00  1.1950e+00 -2.3287e+00 -7.6077e-01

Columns 877 to 882
-4.3646e+00 -8.3152e+00 -3.6378e+00 -1.9808e+00 -4.3142e+00 -1.7529e+00

Columns 883 to 888
-8.6488e-01 -6.6176e+00  5.1586e+00  9.2895e-01  4.3113e+00  4.5620e+00

Columns 889 to 894
-2.2051e+00  1.1651e+00  1.7493e+00  2.9029e+00 -3.0881e+00 -1.2019e+00

Columns 895 to 900
 5.9160e+00 -6.9678e+00 -8.7049e-01 -3.1456e+00 -3.2854e+00 -1.2714e-01

Columns 901 to 906
 6.0461e+00 -5.7539e+00 -7.8197e-01  2.1791e+00  5.3466e+00 -5.6793e+00

Columns 907 to 912
-3.3116e+00 -6.1707e-01  5.0685e+00 -1.6756e+00 -6.6518e-01 -6.2530e+00

Columns 913 to 918
 6.9193e+00  4.3666e+00 -3.6113e+00  1.3008e-02 -7.1204e-01  3.2191e+00

Columns 919 to 924
-7.1635e-01  7.7068e-01 -1.5827e+00  4.0399e+00  4.0928e+00  7.8256e-01

Columns 925 to 930
 1.8176e+00 -2.0866e+00  2.2124e+00 -4.6820e+00 -3.4803e+00 -6.1231e+00

Columns 931 to 936
-5.6099e+00 -4.8708e+00 -1.7140e+00 -4.0718e+00 -1.6360e+00  2.8564e-01

Columns 937 to 942
-3.3537e+00  7.0269e-03 -8.3981e-01  2.8134e+00  6.5014e+00 -5.5858e+00

Columns 943 to 948
 8.4605e-01  2.7370e+00  6.1398e+00 -2.7473e-01  7.9520e+00  2.6052e+00

Columns 949 to 954
-2.5242e+00 -2.1938e+00 -1.4706e-02  4.1350e+00 -5.8171e+00 -9.1108e-01

Columns 955 to 960
 1.7852e+00  7.1750e-01 -3.5108e+00  1.7223e+00 -2.4538e+00  5.1922e+00

Columns 961 to 966
-2.9539e+00 -8.4013e-01  7.5443e+00 -1.3521e-01  1.6791e+00  7.0829e-01

Columns 967 to 972
 3.1928e+00  7.0286e-01 -3.0543e+00  2.0473e+00  2.3570e-01  2.4726e+00

Columns 973 to 978
 1.8687e+00 -8.6047e-01  2.3768e-01  4.0079e-01  6.0411e+00  8.1403e-01

Columns 979 to 984
 1.2174e+00 -2.6749e+00 -1.5087e-01  2.4442e+00 -4.4373e+00 -3.7477e+00

Columns 985 to 990
 1.0248e+00  1.8596e+00 -2.2118e+00 -9.5347e-01 -6.2008e-03  2.4407e+00

Columns 991 to 996
 7.1635e+00 -2.7601e+00 -2.4654e+00 -5.3346e-01  2.1800e+00 -2.9324e-01

Columns 997 to 1002
 3.4778e+00 -2.8289e+00 -2.0602e+00 -1.0177e+00 -3.7634e+00 -6.9063e-01

Columns 1003 to 1008
 2.0603e+00  1.9607e+00  3.8701e+00 -6.4023e-01  4.2487e+00  1.5789e+00

Columns 1009 to 1014
 3.5152e+00  4.5692e+00 -4.2439e-04 -1.2405e+00  7.8069e+00  5.4952e-01

Columns 1015 to 1020
 2.4648e+00  1.3434e+00 -5.5149e-01  4.7870e+00  4.1817e+00 -1.7518e+00

Columns 1021 to 1024
 2.5628e+00  5.2895e+00  1.1354e+00  1.7143e+00
[torch.FloatTensor of size 1x1024]

ad 	
