Running in CPU mode	
Seeding with: "a"	
input_dim	64	hidden_dim	1024	
t	1	next_h	Columns 1 to 10
-0.6051 -0.6902 -0.3130 -0.9327  0.1880 -1.1512  0.1728  1.3438 -0.2279  0.7668

Columns 11 to 20
 0.2361  2.2954 -0.3638 -0.2256  0.4011  0.1202 -0.9378  0.0842 -0.8310 -0.3889

Columns 21 to 30
 0.4815 -0.7954 -0.6768  0.3791  0.0619  0.9209 -1.5181  0.1421 -0.4041  1.0758

Columns 31 to 40
 0.8891 -0.2253 -0.5955  1.5839  0.1526  0.6725 -0.0764 -0.7998  1.0936  0.4570

Columns 41 to 50
-1.0825 -0.0208  1.0403 -1.3587 -0.3377  0.8859 -0.0848 -0.0738  0.5281  1.2201

Columns 51 to 60
-0.4686 -1.2623 -0.5922  0.8214  0.6812  0.7339  0.5004 -0.0943 -0.9594  0.9839

Columns 61 to 70
-0.6243  1.6735  0.1583 -1.7218 -0.3029 -0.0210  0.4878  0.9135  0.0876 -0.6160

Columns 71 to 80
-0.7340 -0.2041  0.3575  0.8266 -0.3497  0.0983  1.0306 -0.3948  1.4161 -1.1752

Columns 81 to 90
-0.3313  1.8092 -0.3804  1.9240 -0.8422  0.5144  0.4751 -0.9697  0.7406  0.8011

Columns 91 to 100
-0.6157 -0.3463  0.5722 -0.3622  1.6870  0.0138 -0.2579  0.8809  2.1680  0.7301

Columns 101 to 110
-0.6503 -0.5175  1.0777 -0.5657  0.2634 -1.1269 -0.7549  0.8444 -1.1610  0.1301

Columns 111 to 120
-0.4766 -1.2137  0.1392  0.0116  0.2602  0.5991  1.1177  0.8479 -0.3165  0.7173

Columns 121 to 130
 0.4177 -1.3764 -0.9747  0.1671  0.7363  0.2314 -0.0707  0.2850  0.2383  0.9728

Columns 131 to 140
-0.3600  1.3238  0.8551 -0.0432  1.4356 -0.1281  0.0278 -0.0851  0.1058 -0.6353

Columns 141 to 150
-0.2422 -0.1246  1.1155 -1.5521  0.2833 -0.8700  1.3017  0.1107  0.1129 -0.0820

Columns 151 to 160
-1.5133  1.0037 -0.4302 -0.7308  0.0838  1.6941  1.3024 -1.8535  0.8770  0.5358

Columns 161 to 170
 0.1580  1.1169  0.9806  0.9363  0.7094  0.3712 -0.1062 -0.7705 -0.0806 -0.0087

Columns 171 to 180
 0.0551 -0.3863  1.0764 -0.6177 -0.0760 -0.5363  0.1174  0.0681  0.0755  0.5911

Columns 181 to 190
 0.0087 -1.0088  0.3558 -0.2238 -1.4254 -0.0441 -0.4249  0.4682  1.3453  0.4433

Columns 191 to 200
 1.7196 -0.2156  0.5976  0.2635  0.4750 -0.6983 -0.3501 -1.0373 -0.2805 -1.9187

Columns 201 to 210
 0.9038 -1.3538  0.2014  0.0788 -0.0338 -0.9058  0.1219  0.5161  0.1755  0.2025

Columns 211 to 220
-1.0032 -0.9254  0.4046 -0.9585  0.8047  0.7314 -0.1544  0.3940  0.7428 -0.2922

Columns 221 to 230
-0.2622  0.0076  0.0436 -0.3882  0.2064  0.7872 -0.0033 -0.0509 -0.3183 -0.7673

Columns 231 to 240
-0.0479 -0.0387  1.0570  0.3499 -0.5337  1.0384  1.2417  0.2682  0.8818  0.5156

Columns 241 to 250
-0.8569  0.8655  1.7788 -1.5251 -0.0719  0.0717  1.1256  0.9309  1.3289 -1.3705

Columns 251 to 260
-0.3354 -1.4206 -0.1780 -0.7580  0.7578  1.3125 -0.3611  0.2689 -0.9592  1.2626

Columns 261 to 270
-0.0311 -0.2837 -0.0182 -0.7960  0.5696 -0.1937  0.5069 -1.2925  0.8846  0.0315

Columns 271 to 280
 1.6424  0.0640 -1.4581 -0.3659 -0.7122  0.4674  0.0398  0.1898 -1.0233  0.1503

Columns 281 to 290
-0.1167  0.9425 -0.2998  0.1011  0.0941  0.2276  0.0512  1.9535  0.5560 -0.4817

Columns 291 to 300
-0.9413 -0.3342  1.0597 -1.3133 -1.6312 -0.9636  1.1472 -0.8487 -0.2975 -0.9318

Columns 301 to 310
-1.6533 -0.1855 -0.0038 -0.3033 -0.3347 -0.1118  1.0383  0.1440  1.5252  0.6950

Columns 311 to 320
 1.2115 -0.1937 -1.1837 -0.0125 -0.2416  1.0033 -2.4498 -0.0010 -0.9103 -0.3011

Columns 321 to 330
 0.0604 -1.8732 -0.2564  0.6988 -0.2375  0.2138  0.1425 -0.8370 -0.2327  0.7694

Columns 331 to 340
 0.2149 -0.5613 -1.4873 -0.0368 -0.2717  0.3776 -1.5713  0.8625 -0.5729 -0.0024

Columns 341 to 350
 1.0046 -0.6063  0.5273 -0.5929 -0.3591  0.7030  0.6971  0.5436  0.8843  0.4206

Columns 351 to 360
 0.4215 -0.7264 -0.7648  0.0068  0.5039  1.3786  0.4875 -1.2185 -0.8582 -0.6414

Columns 361 to 370
 0.3662 -0.9980 -0.5009 -0.1257  0.1002  0.0509 -0.1891 -0.4933  1.2766 -0.0476

Columns 371 to 380
-0.5241 -0.1985 -0.2490  0.1520  0.0294 -0.2722 -0.1313  0.6329  1.6145  0.9587

Columns 381 to 390
-0.1538  0.4367 -0.1677  0.3922 -0.3097  0.1080  0.2002  0.0735 -0.7331  0.6999

Columns 391 to 400
-0.4489  1.2460 -0.8153 -1.1211 -0.4121 -0.3612  0.8105  0.6940  1.0733 -0.7438

Columns 401 to 410
-1.4298  1.6325  0.0306  0.9821  0.5488 -2.1801  0.3533  0.0279 -0.0824 -0.8895

Columns 411 to 420
-0.6836  1.0737  0.0667 -0.3526 -1.0437  0.2706 -0.3253  1.0877  1.2433  0.0297

Columns 421 to 430
 0.4832  0.1838  1.0203  2.0301 -0.5703  0.4621  0.0961  0.0479 -1.4282 -0.4269

Columns 431 to 440
 0.3956  0.6344 -1.3163  0.8239 -0.0219 -0.9607 -1.0417  0.4278  0.0201  0.2190

Columns 441 to 450
 0.8927 -0.5732  0.6697  1.3401 -0.1209  0.1667  0.4188  1.0329 -1.1562  0.9708

Columns 451 to 460
 0.5779  0.5847 -0.8138  0.0692 -0.6089  1.2773  0.2706 -1.2095 -2.0604  0.5640

Columns 461 to 470
-0.0892 -0.5011  1.1076 -1.5416 -1.4637  1.1557  0.8578  0.2448 -0.4437 -0.5001

Columns 471 to 480
-0.8146  0.0685 -0.0403  0.7920  0.3961  0.0315  0.3019 -0.7775 -0.0936 -1.3105

Columns 481 to 490
 1.6905 -0.3620 -0.1178  0.3281 -0.5088  0.4932  0.0882 -0.2784  0.1676 -0.8083

Columns 491 to 500
-0.5980  0.8502 -0.9533 -0.3510  0.9118  0.4173 -0.1414  0.2686 -0.0543  0.3567

Columns 501 to 510
-0.8443 -1.1438  1.3424 -0.8806 -0.1944 -0.5173  1.1679  0.3860  0.2815  0.3920

Columns 511 to 520
 1.1350 -0.7357  1.0480  0.0637  0.2867 -0.2698  1.0829 -0.3607 -1.5781  0.5269

Columns 521 to 530
-0.3134 -0.3428 -0.2928 -0.3348  0.0318 -0.0409  0.0562 -0.1982 -0.2027 -0.3838

Columns 531 to 540
 0.5368  0.5823  0.8387 -1.3483  0.4015 -0.6876 -1.6116  0.2479 -0.7486  0.1756

Columns 541 to 550
-0.3701 -0.0461 -1.3327 -0.5552 -0.2310 -1.2494 -1.0599  0.1332  1.5151 -0.3649

Columns 551 to 560
 0.1645 -0.1250  0.1468 -0.0165 -0.5891  1.3426 -0.4149 -0.2811 -0.4186 -0.4882

Columns 561 to 570
-0.2238  0.8973 -0.4793 -1.3913 -1.7528  0.7570 -0.2607 -0.1379 -0.0789 -0.9588

Columns 571 to 580
 1.1991 -0.1966  0.2638  0.1640 -1.3181  0.3422 -0.3361  0.9759  0.5208 -1.0435

Columns 581 to 590
 0.6764 -0.3286  0.4524  0.5954  0.2500  0.9390  0.0046 -0.0248  0.0985  0.7293

Columns 591 to 600
 0.6657 -1.0865 -0.2833 -0.0993  0.9215  0.8943 -0.1820 -0.3828 -0.9126  0.3206

Columns 601 to 610
 1.0028  0.0042 -0.3669  0.0375  0.2515 -0.0840  1.0816  0.7103  0.1861 -1.6290

Columns 611 to 620
 0.2421  0.5830  0.0320 -0.7236  0.3348 -0.3812 -1.3036  0.5259  1.2304  0.1757

Columns 621 to 630
 0.5104 -1.8409  0.4306 -0.3508 -0.1148 -0.6385 -0.9128  0.8694  0.4376 -1.0589

Columns 631 to 640
-0.6534  0.5682 -0.6214 -0.3294  0.1860 -0.3436 -1.3177  0.1554  0.0803  1.1715

Columns 641 to 650
 0.5480  0.3706  1.1876  0.9294 -0.4476  0.2060 -0.0819 -2.0151  0.1261 -1.7980

Columns 651 to 660
 0.5824 -0.1862 -0.2133  0.6243 -0.2122  0.4215 -0.4521 -0.7286 -0.1035  1.7568

Columns 661 to 670
 0.8823 -0.0953 -0.8154 -0.0459  0.0689  0.1448 -0.8551  0.4640 -0.4378 -1.2987

Columns 671 to 680
-1.1713 -0.0950  0.7221 -0.2458  0.3923 -0.4289  0.4580 -0.1519 -2.1322  0.4409

Columns 681 to 690
-0.2951 -1.1608  2.1317  0.7647 -0.5340 -0.2610  0.3198  2.3948 -1.1136 -0.4458

Columns 691 to 700
 1.4584 -1.0059  0.7596  0.6631 -1.5702 -0.5764  0.3355 -0.8187 -0.1507 -0.4592

Columns 701 to 710
 0.5850  0.1957  0.5857 -0.3868  1.3544 -0.2435  0.1365 -0.3411  1.3557  0.0558

Columns 711 to 720
-1.1963  0.3075  0.6015 -0.8272  0.3197 -0.3565  0.3797 -0.8728  0.1423 -0.3032

Columns 721 to 730
 0.3307 -0.9561  0.0656 -0.5221  1.1080 -0.5531 -0.8196 -0.7693  0.4280 -1.8629

Columns 731 to 740
-0.3149  0.1917  0.6956  1.7648 -0.4922 -0.3489 -1.2305  0.4290  0.5007 -0.9756

Columns 741 to 750
 0.4492  0.6523  0.5929  1.2961  0.0992  0.0459  0.7511  1.2296  0.2551  0.7127

Columns 751 to 760
 0.3085 -0.9812  0.9154 -0.8458 -0.7886 -1.5394 -0.9915  0.0598  0.5786 -0.0724

Columns 761 to 770
 0.6244 -0.1950  0.0516  0.4055  0.7377  1.2343  0.1388 -2.5719  1.1817  0.0079

Columns 771 to 780
 0.4733 -0.1576 -0.9096  0.0602  0.1810 -0.5618  0.7923 -0.2935  0.5980  0.2126

Columns 781 to 790
-0.3429 -0.2506  0.1598  1.7698 -0.1903 -1.3712 -0.4369  0.2891  1.4698  0.8172

Columns 791 to 800
-0.1430  0.3806  0.8543  0.4290  0.2695 -0.7411  0.3821  0.2321 -0.9811  0.5218

Columns 801 to 810
 0.6394  0.0458  0.8187 -0.5665 -0.7096  1.5421  1.5691 -0.8770 -0.2434 -0.8290

Columns 811 to 820
 0.0721 -1.1168 -0.3894 -1.5845  1.1107 -0.3868  0.6753  0.0749 -0.1087  1.4818

Columns 821 to 830
-1.2166 -0.8448 -0.7300  0.9259 -0.7614  0.8953  0.3241 -0.0040 -0.2895 -0.7227

Columns 831 to 840
-0.2615 -0.3354  0.3004  1.3835 -0.2400  1.4356  1.1875 -0.9082 -0.8546  1.6352

Columns 841 to 850
 0.3288  2.5379  0.1144 -1.8350  0.4833  1.1694  0.5552 -1.0797  1.5476  1.2934

Columns 851 to 860
 0.3955 -0.2675  1.2007  0.3949 -1.0807 -0.0037 -0.2530  0.3580 -1.3647 -0.0533

Columns 861 to 870
 0.0557  0.4826  0.2280  1.0590 -0.8068  1.1435 -0.3554 -0.0471  0.2926 -1.2813

Columns 871 to 880
-1.0997  0.4253  0.9583 -0.5735 -0.1877  0.4091 -0.3743 -0.5821  2.1042 -0.5319

Columns 881 to 890
 0.9021  0.0363 -0.2143 -0.1603  0.4051  0.1816 -0.0753 -1.8497  1.2150 -1.5024

Columns 891 to 900
 1.2316  0.8042 -0.5684 -0.1417  1.0163  1.1761  0.0444  0.7340 -1.3196  0.3517

Columns 901 to 910
-0.2732  0.9823 -0.3017 -0.5477 -0.0679  1.0849 -0.7141  0.8892  1.0626  0.1649

Columns 911 to 920
 0.9872 -0.8700  0.6230 -1.2216 -0.0013 -0.0225  0.2560  0.7366  0.7155  1.9682

Columns 921 to 930
-0.7195 -0.0235 -0.8487 -0.0818 -1.1660 -1.1154  0.3460  0.3796  0.4811  0.0515

Columns 931 to 940
-0.5246 -0.3160  0.7511 -0.0496  1.0203 -0.8421 -0.3851 -0.1384 -0.2890 -0.2595

Columns 941 to 950
 0.8555  1.1370  0.4936  0.2978  0.7280 -0.9620 -0.4904  0.2231 -0.6248  0.0906

Columns 951 to 960
-0.0408 -0.8821 -0.0723  0.8797  0.7222 -0.5881  0.2417  0.0683  1.0694 -0.3482

Columns 961 to 970
-0.3238  0.4919  0.1975  0.1682 -0.7900  0.4806  1.0997  0.4359  0.1522 -1.8302

Columns 971 to 980
 0.7334  0.3747 -0.1652 -0.2999  0.9400  0.4304  0.0697  1.7141 -0.5132  0.5461

Columns 981 to 990
 0.3196  0.3943  0.4288  0.5151  0.8828 -0.8937  1.0063 -0.6147 -1.3112  1.1300

Columns 991 to 1000
-0.5116  0.2486 -0.4162  1.1580 -0.0886  0.1908  0.3911  1.1081  0.9080 -0.4572

Columns 1001 to 1010
 0.8505  0.0502  0.1597 -0.1075  0.3433 -1.4768  1.2040  1.5525  0.3156  1.0950

Columns 1011 to 1020
-0.5489  0.0204  0.4462  0.0508  1.5986 -0.2950  0.6103  1.1674 -0.2101  1.0421

Columns 1021 to 1024
 1.0229  1.1524 -0.3289  0.5433
[torch.FloatTensor of size 1x1024]

input_dim	1024	hidden_dim	1024	
t	1	next_h	Columns 1 to 10
-2.2589 -4.0983  2.4968  6.5737  0.9375 -7.0299  2.7275 -0.2035  2.9445 -5.1237

Columns 11 to 20
 0.3957 -0.9110  6.7764 -2.4102 -5.4306  1.2863 -4.6264 -0.8691 -5.2130  0.8303

Columns 21 to 30
 0.9503 -3.3223  1.4593 -2.5229  4.0848  2.7610 -4.1352  0.2439  1.8308  2.2605

Columns 31 to 40
-6.0384  0.3092  2.5363 -5.6642  2.3625  2.0844 -4.0487  1.6998  1.9835  0.7219

Columns 41 to 50
-3.6086 -1.2579  1.1095 -4.0798  2.8711 -4.3071  0.9406 -1.8629 -0.9825 -0.9069

Columns 51 to 60
 5.1400  2.5241 -4.9605  1.1539  3.2995 -2.9761 -0.5345  1.3391  1.4756 -2.4825

Columns 61 to 70
-1.9574 -0.2142 -2.5741 -0.4331 -3.5583 -4.0983  0.9343  2.1295 -2.5686  4.2926

Columns 71 to 80
 3.2596 -4.8158 -1.0084 -4.0932 -3.3699 -0.9446  0.6423 -2.5987  0.4890 -4.0408

Columns 81 to 90
 1.0117 -4.0491 -0.9182  4.7482 -1.4473  0.5746  3.2717  1.1215  1.1146  3.6581

Columns 91 to 100
-0.6068 -3.3476  2.1276 -3.3682  3.0385  2.0586 -0.8224 -3.8295 -2.0806  1.6314

Columns 101 to 110
-1.6462 -3.1432 -5.7839  0.9956  3.0988  2.6158  2.0936 -0.4933  0.3227 -0.7191

Columns 111 to 120
 1.4589 -5.3142 -2.4221 -4.2632 -2.8799  0.4338  0.7823 -7.1790  0.7559  3.1326

Columns 121 to 130
-0.0861 -5.2106 -0.0586 -0.5670  2.1205  2.7243 -1.6714 -1.5554 -3.3245  3.6786

Columns 131 to 140
 1.2328  4.5083  2.1956  1.9971  3.2821 -1.5222  0.2680  3.1491  5.5747 -7.0851

Columns 141 to 150
 0.7017 -0.1383  4.2113 -3.7341  1.5562 -1.6778 -0.9572  1.4141  3.5906 -0.2249

Columns 151 to 160
-6.2935 -0.8353 -1.2429 -1.5047 -0.9322 -4.1146 -0.0529  2.0264 -2.4120  0.2302

Columns 161 to 170
 2.2316  1.0711  4.1736  3.9815  1.0228 -0.4279  6.2997 -2.3659 -2.4569  5.4315

Columns 171 to 180
 4.5371 -3.0764 -2.1647  0.4053  3.1408 -1.7213  1.2647  4.4694  2.1879 -1.5879

Columns 181 to 190
-3.8068  0.3433  1.4084  1.3199 -1.7755 -0.5136 -5.8321 -0.8157 -1.8325 -5.0078

Columns 191 to 200
-6.2124  2.5749  4.0258 -0.5433  1.1957  0.7068 -1.3960 -0.4190  0.5389 -1.4112

Columns 201 to 210
 0.1692 -1.5192 -2.9991 -5.4889  3.4633  1.7310 -2.5200 -4.7565  4.2456 -3.6052

Columns 211 to 220
-2.6904 -1.6698 -1.6047  0.0016 -0.2177 -3.3669  0.5876 -2.6972 -5.2345  2.5856

Columns 221 to 230
 0.1716  0.0886 -6.2582 -1.0708  1.0942 -0.9802  5.0814 -1.5716  2.5566 -0.9544

Columns 231 to 240
-2.4120  1.0247 -3.3851 -3.0261 -3.3089 -1.5755 -1.8527  4.5420 -3.2156 -4.0459

Columns 241 to 250
 0.2686 -2.8497 -1.5890 -3.0634 -4.1926  1.8060 -1.5934  0.3262  0.1031  5.1185

Columns 251 to 260
-0.8699  1.2587 -4.6768  6.3694  1.8576  4.5095  4.4110 -2.2374  5.8652  1.5274

Columns 261 to 270
-1.2118 -2.4653  5.6099 -3.0357 -0.4888  2.1222 -0.3597  2.5518  2.9178 -1.3776

Columns 271 to 280
-0.5165 -0.7823  1.3709 -4.0156  1.4241  1.5587  1.2471 -2.5358 -4.9962  2.2809

Columns 281 to 290
-0.3894 -0.4369  2.7962  0.6016 -5.6096 -0.3535  1.4933  0.7883 -2.2200 -2.2895

Columns 291 to 300
 1.4128  2.0846  4.1055  0.3711  2.7879  6.9668 -1.4794  3.0850  0.2453  2.7077

Columns 301 to 310
-3.3353  0.2310  2.3310  0.3250 -0.0761  3.1145 -6.0913 -1.5680 -0.9156 -2.2988

Columns 311 to 320
 3.4446 -1.5503 -2.3395  1.3787  2.7324  0.6770  1.6456  1.4278 -3.6567 -3.4356

Columns 321 to 330
-1.4997 -4.7475 -0.8456  2.9579 -4.8358 -3.4085  1.7810 -3.8127  4.1576 -1.6179

Columns 331 to 340
-0.0859 -2.7175  0.9567  0.6477  3.4952  0.6849  1.9313  1.7582  1.0484 -0.2482

Columns 341 to 350
-2.3120  2.9748 -2.5435 -0.6957 -2.8766 -1.5165  3.7406 -1.7283 -3.0750 -1.1062

Columns 351 to 360
 2.7033  1.4510 -0.8883 -0.2208  5.3673  3.2741  4.1206  0.8430  0.8337 -0.2348

Columns 361 to 370
 1.1785 -1.2709  1.3035  4.3836  3.3079  2.9421 -1.2269  2.9834  3.2327  0.3481

Columns 371 to 380
-6.8023  1.8698  2.3776  2.5579 -0.7573 -0.2939 -4.0658 -3.7459 -2.5266  0.5081

Columns 381 to 390
-2.9939 -0.9618 -3.3912  3.8763 -2.2152 -2.5152  4.1368 -0.1628  0.7873  2.7339

Columns 391 to 400
 4.7641  1.6012  3.3025 -1.6478 -1.4705  0.3069  3.4458 -4.9919  3.4657  5.0277

Columns 401 to 410
-1.2337 -0.1489 -3.4584 -2.4222 -0.4962 -0.9171  1.8591 -2.6088 -5.2418  0.9911

Columns 411 to 420
 1.4245 -1.9112 -1.3213 -1.6183  1.3631  4.8893 -4.4999 -0.7811 -4.0604  4.5286

Columns 421 to 430
 0.7277  3.6925 -2.0574 -4.5565 -5.6463  2.6531 -2.8835 -3.4738  0.3495  5.3271

Columns 431 to 440
-1.4288  1.7088 -4.8159  0.9108  6.0770 -0.5416  4.6068  1.1594 -1.5235 -1.7091

Columns 441 to 450
 3.7541  1.3555 -3.5693 -0.8289 -4.3746 -2.7800  0.9320  1.7641 -0.7675 -1.2169

Columns 451 to 460
 1.0639  1.6057  2.6085  0.5624 -3.3701  0.9361  6.6342 -4.1079 -0.4051 -1.5566

Columns 461 to 470
 1.3212 -1.3414 -0.8598 -7.2440  0.1398 -3.3911 -1.6396 -4.4528  2.2456 -5.1045

Columns 471 to 480
-1.5326  2.3760 -3.2502  3.8005  1.8714  0.9842  3.9088  1.5366  2.0153  4.1637

Columns 481 to 490
-1.0152  6.8820 -0.4707 -1.7648 -2.5272  2.2803 -0.1094  1.7254 -2.3341 -2.5228

Columns 491 to 500
-4.1759  3.0852  0.5798 -1.4432 -2.4200 -4.5412  2.3656  1.8340  0.8686  2.6976

Columns 501 to 510
-3.6378 -0.6917 -0.8714 -4.5026 -3.7663  4.7036 -1.0743  4.6681  1.5600 -4.3141

Columns 511 to 520
-0.8811  4.8223 -5.1954 -6.0806  2.3871  5.1912  3.3008  5.2555 -1.1758 -0.0095

Columns 521 to 530
 2.8093 -0.6978  4.8401  2.8871 -3.2613 -2.2774  2.2784 -1.1032 -2.3245  0.5344

Columns 531 to 540
 2.7499  6.5508  1.6216  0.1144  1.9683  0.8598  0.2853 -1.8678  1.9150  1.4185

Columns 541 to 550
 2.8778  3.4555  0.4785 -2.6394  1.4547 -5.9534 -1.0070  3.4362  0.3037 -2.6616

Columns 551 to 560
 3.5562  4.1746  0.0512  2.8022  4.7316 -3.2481 -1.9348  1.9469 -7.3098  1.2696

Columns 561 to 570
 1.1112  1.7173  5.2629 -1.8812  1.2680 -0.9996 -0.7454 -0.9013 -2.9503 -1.3015

Columns 571 to 580
 3.0680 -4.2939 -0.1842 -5.3780 -8.0293 -0.0911 -5.0282  0.5261 -0.2739  3.3979

Columns 581 to 590
-2.4002  2.1607 -0.5063  5.0593  0.8835  5.3354  3.7075 -1.1057 -4.1989  5.5420

Columns 591 to 600
 0.3311 -2.0165  1.0699  0.9915 -1.1222 -1.3542  4.8132 -3.8243  1.0007 -1.8960

Columns 601 to 610
-4.0064 -0.4966 -0.9183 -4.4442  2.8528  5.2320 -5.7880 -1.3632 -6.3899 -1.6701

Columns 611 to 620
 2.0660 -1.8165 -1.3515 -0.8338 -6.2223  0.2330  4.4236  1.9077  0.9077  1.8086

Columns 621 to 630
-3.1093  2.3566  6.1051  0.8850 -4.9229 -0.3948  3.0622  1.8902 -2.3836  2.7528

Columns 631 to 640
 0.2486 -0.8454 -0.3292 -4.6731  1.9858 -0.0650  0.2260  5.8808  2.4160 -1.0185

Columns 641 to 650
 1.3722  0.9549  2.3609  3.5873 -3.3042  3.3394 -1.8456  0.5255  1.5739 -1.7427

Columns 651 to 660
 2.4587 -4.3229  2.4753 -3.4459 -1.1192 -5.6584  1.1676 -3.5646 -1.3369  5.2231

Columns 661 to 670
 1.9436 -0.3319  2.1704 -3.9468  4.1404  0.0595 -3.5942 -4.1604 -1.3503  0.5384

Columns 671 to 680
-2.2078 -2.3944 -1.5266 -4.5581 -2.3563  2.1104 -5.2436 -1.1609 -6.6458  0.5252

Columns 681 to 690
-1.0910 -1.4062  0.8235 -0.3733  2.8414 -0.9062  3.1757 -0.4121 -2.6835  4.6796

Columns 691 to 700
-1.6176 -1.0314 -1.6061  1.2692 -2.4213 -3.1028  1.3607  1.5809  3.0394 -2.1323

Columns 701 to 710
 2.8150 -4.4427  4.4125  2.3857  2.7370 -2.0395  0.9290  1.6741 -1.4577  3.5891

Columns 711 to 720
-3.4278 -2.6791 -1.7063  1.8201 -0.5498  3.1486  2.2662  2.9531 -2.2500  6.4570

Columns 721 to 730
-3.4926 -6.4972  0.8644  4.1434 -0.4073 -1.5905  2.1088 -6.6609 -3.2798 -0.9673

Columns 731 to 740
 2.3136 -2.3651 -2.1976  3.9947 -2.7492 -0.5655  1.9762  1.0836 -2.6523  8.4203

Columns 741 to 750
-2.1464  1.1047  4.1731 -1.1224  0.4691  0.0854 -4.2816  1.8148  1.9501  0.9323

Columns 751 to 760
-0.4021  0.6681 -4.7296  3.1512  2.5516 -2.9053 -4.2770  1.2818  1.0862  4.8212

Columns 761 to 770
-2.0373 -2.1642 -4.1650 -2.3764 -0.3262 -2.8344 -1.1575  5.2733  0.2927  3.8560

Columns 771 to 780
-2.1117 -3.4277 -4.4755  1.6759 -1.7612  0.4580  3.7902  0.8894  2.7189 -0.8222

Columns 781 to 790
 1.3888  1.0483  2.5239 -2.0143  0.0184 -3.3731  2.4765  2.1725  2.0179 -4.6184

Columns 791 to 800
-2.1620  5.9784  0.0532  3.2937  0.9330 -1.0035  4.0147 -1.4899  1.9235  7.2416

Columns 801 to 810
-0.8089 -1.6586  4.7900 -1.6232 -0.2316 -2.9895  3.1287  3.6806  2.8068  0.6141

Columns 811 to 820
-1.5123 -0.3486  1.9159 -3.2934 -4.6952 -4.7635 -3.7916  0.5302  3.0090 -5.0817

Columns 821 to 830
-4.2183  0.1697  5.2056 -0.4745  1.9003  3.9078  0.5586  1.7993 -1.5960  1.6322

Columns 831 to 840
-3.1805 -0.6262  0.2925  2.4791  4.9604 -2.2586 -0.0148  3.5713  3.6206 -5.0464

Columns 841 to 850
 0.4705  3.5192 -2.3671  0.3858  3.5391 -4.1017  1.1133 -0.3564  6.1253 -3.3785

Columns 851 to 860
-1.4201 -0.2200  2.0849  0.9968  4.0697 -3.0550  2.0593 -6.2572  2.5812 -0.2628

Columns 861 to 870
-0.8151 -1.5055 -2.1952 -1.5971  1.9571 -0.8249 -7.4642  1.3256  2.5001  0.7893

Columns 871 to 880
-0.8087 -3.2118  1.6490 -2.9871  0.0362 -3.0278  3.3487  0.2202 -4.2142 -6.3396

Columns 881 to 890
 0.4946 -0.2561  0.3252  2.4874  0.1495 -3.6672 -5.3289  3.0734 -0.2770  0.6502

Columns 891 to 900
 0.2992 -0.1872 -1.9860 -3.1875  0.3238  1.0933  2.7881 -0.2778  2.3414  1.2346

Columns 901 to 910
-2.7806  2.7633 -0.8830  2.1611  3.9713  3.0765  2.4134  0.5814 -6.1057 -4.3977

Columns 911 to 920
-6.2091  5.8666 -4.2941 -4.7648  6.6091 -0.6813  4.3690 -0.4594  3.4559  2.6452

Columns 921 to 930
-4.3483 -5.2954  0.2054 -5.9510 -2.9882  5.7089  1.3581  3.0418  1.0945  0.6528

Columns 931 to 940
 3.5167  2.9993 -6.0886 -1.0418 -2.0601 -1.5718 -1.0408 -0.4744 -1.2562 -0.6069

Columns 941 to 950
 2.5526 -3.9984  3.8361  3.0205  3.4040  2.1186 -3.5112  0.2747  5.4601 -0.4811

Columns 951 to 960
-2.3810 -2.6594  4.8223  4.9758 -1.8588 -0.2904  1.8915  3.4913  1.8921 -0.1762

Columns 961 to 970
 1.7425 -1.5845 -1.6996  2.8756  4.9665 -1.2198 -3.7752 -2.6736  0.9415 -1.6629

Columns 971 to 980
-2.7335 -3.6633 -0.9980 -3.0655 -0.0034 -2.3897  5.4555 -2.6826 -3.9366 -3.6721

Columns 981 to 990
-0.6905 -5.4131  0.0010 -1.1879  3.5914  1.3279 -2.3576  5.2331 -0.1021  1.3042

Columns 991 to 1000
-0.0110  5.4153 -5.2836  2.2400  3.3890  2.7847 -2.3872  0.3336  1.3679 -2.6653

Columns 1001 to 1010
 1.0571  3.0760  0.7954 -0.8990 -0.8839  6.5840  0.7769 -2.9266 -1.0115  1.6120

Columns 1011 to 1020
 1.1044 -2.8938 -0.4755  4.7265  5.4023  3.5495  5.8540  0.3828  1.1772  4.5112

Columns 1021 to 1024
 1.1142  2.5045  1.4370  0.2543
[torch.FloatTensor of size 1x1024]

input_dim	64	hidden_dim	1024	
t	1	next_h	Columns 1 to 10
-0.1428  2.5116 -2.8410 -1.2499 -0.9726 -1.0044  5.8724  1.0157  0.4620  0.3888

Columns 11 to 20
-1.9474 -1.2342 -4.8795 -0.0301 -1.2935 -0.0716 -1.4483  0.7285  1.9200 -1.8298

Columns 21 to 30
 0.4460  0.9299 -2.1237  1.0418 -0.0207  1.4888 -1.3539 -1.0041  3.2256 -0.5010

Columns 31 to 40
 0.3954  0.3594  0.0752 -0.1815  0.1863 -0.5968  1.2934  2.4017  2.8390 -0.5065

Columns 41 to 50
 0.4771 -0.8472  1.5644 -4.6172 -0.3021  0.2978  0.2563 -3.2429 -1.2594  0.0480

Columns 51 to 60
 2.5938  1.5461 -0.0842  0.4031  3.2109 -0.0394  2.5584 -0.7194 -0.2355 -1.8321

Columns 61 to 70
-0.1531 -0.1686  1.2134  2.0084  0.7263 -3.9242 -1.1257  0.8469 -0.0313  0.1814

Columns 71 to 80
-0.9121 -0.1982 -1.4112  0.5081 -1.2534  1.2122 -0.5490 -1.6632 -0.6669 -0.4400

Columns 81 to 90
-0.1900  0.6723  0.2472 -1.3871  0.2447  0.3364  0.7364 -0.1131  0.7800 -0.1165

Columns 91 to 100
-2.4273 -1.9966 -1.9796  2.3201  3.1351 -1.3937  1.0087  2.6325  3.8115 -0.1107

Columns 101 to 110
-0.7736 -2.4794 -1.9708  0.1679  0.3587  0.8024 -5.1714 -3.3381  1.6913  0.4010

Columns 111 to 120
 1.6245  1.0707  1.1644 -4.5154  0.8457 -0.8718  0.4506 -1.5526 -0.4887  0.7599

Columns 121 to 130
-1.1091  0.7385 -0.5422  0.2402  1.1582  0.0073 -0.2089  0.3451 -1.4843  0.2547

Columns 131 to 140
 0.3842 -1.2548 -2.3583 -0.5638 -1.7519  2.3940  3.3019  0.1145  1.4155  1.5469

Columns 141 to 150
 0.4727  2.0592 -2.2821 -3.1822 -2.1283  0.9819 -2.2859 -0.9658  6.4339 -2.0987

Columns 151 to 160
 0.9664  5.2516  0.6052  0.1843 -0.3425 -3.1746  0.2868  0.3570  1.8020 -4.2535

Columns 161 to 170
-2.3566 -1.2723 -2.8047 -2.0731 -2.8983 -0.9267  0.4558  1.0665 -0.0662 -1.4360

Columns 171 to 180
 0.4418 -1.5927  1.5112 -1.7415  0.4904 -0.5339 -2.9446 -0.5068 -0.8875  1.2449

Columns 181 to 190
 1.5597  2.5205 -1.1664 -1.5221 -0.4724  0.2120 -0.2576  2.1712 -0.0757 -1.6549

Columns 191 to 200
-1.1681  3.8093 -1.3343 -0.1937 -0.5825 -1.9213  0.1602 -0.3419  3.1066 -0.6317

Columns 201 to 210
 0.5389 -0.7347 -0.4994  0.1075  0.8712 -1.1379 -0.8151 -1.6196 -0.0774  0.6718

Columns 211 to 220
 4.1593  1.2198 -0.7869  1.3345  3.0134  0.5932 -0.2344 -1.5822 -3.0136 -1.6182

Columns 221 to 230
-0.8829  1.6677 -4.4619  1.1524  2.4460 -3.7742  1.0364  1.4203  1.1712 -1.4742

Columns 231 to 240
 0.9691  1.2726  1.1567 -0.2505 -4.4118  2.5734 -0.1364 -0.2274  0.0566  0.6645

Columns 241 to 250
-0.8096  0.7819 -1.4730 -4.3260  0.1321  0.3954 -2.6063 -4.3817 -0.0557 -2.1963

Columns 251 to 260
 2.2119  0.9830  1.5017  0.1386 -1.2579 -0.1138 -0.0110  0.2940  1.2183 -0.3205

Columns 261 to 270
-0.9075  1.5874 -2.2975 -1.3854 -1.8668 -0.3612  0.3160  0.7651 -0.3764 -0.7453

Columns 271 to 280
-1.0881 -3.7111 -0.0214  0.7800  1.1820  0.6687 -0.1071 -1.3151  0.2722 -1.2857

Columns 281 to 290
-1.5137 -0.1204  2.0445  1.8504  0.3675 -1.8372  0.1585  1.0801 -1.5070 -0.1147

Columns 291 to 300
 1.7044  4.4858  3.5490 -0.4472 -2.0980  2.6573  0.7814 -0.4350 -1.5180  2.1221

Columns 301 to 310
-0.1519  2.7011 -2.6306 -0.3467  0.7483 -0.7107 -1.4839  1.7127 -0.5950 -0.6565

Columns 311 to 320
-1.4877  1.1918  1.6164 -2.0205  2.4627 -0.0185  0.1250 -1.5667  1.4728 -2.4847

Columns 321 to 330
-3.0808 -1.0893 -0.2063  1.1341  0.4180 -1.6224 -0.3913  0.8433 -0.5603  3.8011

Columns 331 to 340
-4.1452  3.8194 -1.8005  0.0658  0.2102 -1.5734 -0.6781  1.0246  1.8150 -1.6125

Columns 341 to 350
-0.2355 -0.3419  1.0878  0.0980  1.6236  1.6334  1.1617 -0.4677 -1.9104 -1.8771

Columns 351 to 360
 4.9222 -0.6663  0.0838 -3.3160  0.0207  0.9110  0.0692 -0.0445  4.0295  0.2992

Columns 361 to 370
 0.9115  1.4485  1.2823 -3.3162 -0.5781  1.9702  3.7370  0.7921 -2.2731  3.1876

Columns 371 to 380
 0.2737 -1.2501 -0.8462  0.8847 -0.2291 -1.0895 -1.4699 -1.2968 -0.2760 -1.1123

Columns 381 to 390
-2.3014  0.6035 -0.4617  1.9192  0.6147 -1.3692 -3.9990 -0.7842  0.3308 -1.1694

Columns 391 to 400
-0.3140 -3.2095  3.6516  1.5219  0.3636  0.3809  1.1913 -3.1958 -0.4409  1.5431

Columns 401 to 410
 0.2084  0.7552 -0.0131  0.5734  0.0657 -0.2855  0.0567 -0.0313 -0.4094  0.2239

Columns 411 to 420
-1.0650 -1.3386  2.2568  1.7770  1.6779 -0.5430 -4.0509  1.5302 -0.4658 -0.5883

Columns 421 to 430
-0.5045  0.4820  1.5368  2.5935  0.4586 -1.1643  0.8723  1.8802  3.5992  0.5879

Columns 431 to 440
 0.3764  1.3836  0.3393  0.0183  0.6192 -1.4800  2.3056 -0.7856  0.6534  0.8369

Columns 441 to 450
-0.2222  0.2059  0.1942  1.3428 -0.1021  1.0843  0.7413 -0.3325  0.3847 -0.6482

Columns 451 to 460
 0.9388  2.0613  0.3720  3.5886 -0.4855 -0.7783 -0.3461 -0.3775  2.1587 -2.1629

Columns 461 to 470
 0.3581 -0.0365  0.6884  0.7956 -2.5466 -1.7745  1.0979  2.0232  1.3131 -0.6842

Columns 471 to 480
 1.6360 -2.3362  2.2949  0.9331  1.9848 -2.6005 -0.8556 -0.1981  1.1850  1.5175

Columns 481 to 490
-2.1766  2.1364  2.1729 -1.3329 -1.2386 -0.3204 -2.2517 -0.5466  0.6632 -2.0843

Columns 491 to 500
-0.9362  1.3091 -0.0293 -1.2345 -0.6125  3.1907  0.9363 -3.2861 -1.6838  0.6155

Columns 501 to 510
-2.3433  0.2712 -2.9292 -3.0230  0.1059  1.9244  1.7050  1.3489  1.0511 -1.2362

Columns 511 to 520
-0.1160  2.7413 -2.8121 -2.2027 -1.1748  2.8481  0.5349  2.3741 -0.9313 -1.7187

Columns 521 to 530
-0.8691 -0.5467  0.0091  0.2022  4.6334 -0.1655 -0.3573  1.7400 -4.3819  0.7784

Columns 531 to 540
-1.5244 -0.4498 -0.5294 -0.7965  0.9825  1.9028 -3.1807 -2.1324  0.6667  1.9104

Columns 541 to 550
 0.8441  1.9766 -1.0988 -1.1325 -0.6321 -0.1817 -1.0078  0.4817 -2.2050  0.7410

Columns 551 to 560
-1.8776  2.1158  0.0997  0.0459  2.0709  0.3021  1.5700  1.5060  1.6231  4.0333

Columns 561 to 570
-0.0870 -1.2677 -0.5036 -3.3085  0.5008 -1.1581 -0.5711  0.7667 -1.8937 -2.9463

Columns 571 to 580
-0.0355  0.0916 -2.5827  0.4097  2.9258 -2.6497 -0.4290 -0.6037 -0.0579  1.5041

Columns 581 to 590
-1.1039 -3.6328  1.2745 -0.2422  0.3997  1.0472  1.0574  2.4229  0.1994 -2.7505

Columns 591 to 600
 0.7889  0.7404  2.3663  1.2340 -1.0578 -3.3850  0.2858 -0.0842  5.9825  0.3161

Columns 601 to 610
-0.3919 -1.3025  0.3727  3.1356 -1.9932  2.6414  2.1949  0.2794  2.0097  1.1399

Columns 611 to 620
 0.9819  2.7217 -2.0557  0.2913 -0.0340  2.3575  0.5455  1.3094 -0.2253  0.8808

Columns 621 to 630
-2.5480  1.1845 -0.0150 -0.9315 -0.1408  0.0012  0.9438  0.0106  0.2385  0.4602

Columns 631 to 640
-0.0750  0.5702  3.9541 -0.5616  0.6783  0.3902  0.4064  1.0933 -1.9306  0.7221

Columns 641 to 650
 1.1778  0.2606 -1.6833  1.2070 -3.0831  0.4684 -1.3132 -3.8443  3.5410  1.6235

Columns 651 to 660
-1.7230 -0.2894 -1.0616  0.7392 -0.3868 -1.5610  0.5883 -1.4765  1.2091  0.9444

Columns 661 to 670
 3.9223  1.4374  1.8837  1.3582 -2.1800 -0.2096 -1.8515  1.2079  0.4463  1.3326

Columns 671 to 680
-0.5754  3.5182 -1.1206 -0.7185 -0.5119  0.2929  0.3483  2.6135  0.6416 -2.2638

Columns 681 to 690
-2.7724  3.6154 -1.4003 -0.7195 -0.1635 -1.4972 -0.1947  0.8467 -1.6734 -2.6585

Columns 691 to 700
-3.0979  1.5838  1.6995 -2.3429 -1.2971  1.3508  0.6557 -4.0680  0.3991 -2.8311

Columns 701 to 710
 0.6105 -1.3142  0.9590  3.3057  0.5125  0.7418 -1.6157 -0.3157  0.1727 -1.3726

Columns 711 to 720
 0.1424  0.0587  0.9291 -1.2096  0.2729 -1.4466  4.4665 -0.4849 -0.3219  2.4612

Columns 721 to 730
 0.4369  2.6990  2.3056 -1.5573 -1.0979 -0.3682 -0.3192 -2.1182 -0.7067  1.9302

Columns 731 to 740
-0.3564 -1.8059 -2.1243  2.1459  0.2025  2.2950 -0.0019 -0.2510  0.9477 -0.3062

Columns 741 to 750
 1.1941 -3.5036 -0.0165 -3.5049  1.2401  3.6507 -0.6205 -1.2354  0.9475 -1.3125

Columns 751 to 760
 0.3088 -1.9032 -1.2570  1.0354  1.4545  0.6298  0.8061  0.2702 -0.7420  1.9653

Columns 761 to 770
 1.1714  0.2066 -0.4209 -0.1058 -1.8700 -0.0862 -0.6952  1.5747  0.8613 -1.8037

Columns 771 to 780
-0.6103 -0.8120 -1.6480 -0.5282  0.6012 -1.7442  1.7046  3.5265 -2.9615  1.5620

Columns 781 to 790
 0.7028  2.5525 -0.5231 -0.4885  0.6874  2.0554  0.3146 -1.3696 -0.0830  0.1250

Columns 791 to 800
 1.0649  0.4805  0.4984  1.4151 -2.0365  0.1356  0.7030  0.5601 -0.0171 -1.5490

Columns 801 to 810
-0.0334 -0.4673  1.0490 -2.9216  0.6255  1.4105 -0.8018  3.4769 -1.1777 -1.0544

Columns 811 to 820
-1.9176 -1.7339 -1.7146 -0.4364 -0.4982 -0.4212  0.4108  0.9529  1.0737 -0.8344

Columns 821 to 830
-0.6339  1.0005 -0.1364  0.0284  1.8071  2.0754 -0.3802 -0.8744 -0.8317  0.8320

Columns 831 to 840
-1.0668 -0.3895  0.3505 -3.3012 -0.8072 -1.4023 -3.9535 -0.2172 -2.6003 -0.8631

Columns 841 to 850
-0.2893  0.3660  1.2146  0.7092 -0.1091  3.2408 -0.2936 -0.4895 -0.1209 -2.3845

Columns 851 to 860
-0.5798 -2.6039  4.4531 -0.0020  1.2313  1.7310 -0.9084  2.1151 -1.2666 -1.4899

Columns 861 to 870
-1.7634  0.3376  0.4833 -0.4663 -1.3673 -1.0852 -4.7860 -2.3859  0.3558  1.4729

Columns 871 to 880
 0.7185  2.4593  1.1246 -1.0487  0.7260  1.5815  2.3411  0.5658 -3.4727 -0.1316

Columns 881 to 890
-2.0255 -1.8491 -0.4508  1.7216 -3.9184  0.6954  0.1316  1.6842  0.1029  3.8190

Columns 891 to 900
-1.0032  0.6780  2.0046  2.7712 -0.7058  2.6170 -1.1558  0.3886 -2.8114  5.7292

Columns 901 to 910
 1.9912  0.4999 -0.4837  0.2928 -0.5288  0.9010  1.9202 -1.1728 -0.2937  1.5305

Columns 911 to 920
 2.3475 -0.3518  2.0789 -1.8798  0.6232 -1.3079 -0.4870 -0.2153 -1.7760  0.3188

Columns 921 to 930
-2.2142 -1.6528  0.0198  1.9509 -0.6293 -1.0140  0.3854 -0.9664  1.4130  3.1769

Columns 931 to 940
 0.4326  2.6173  3.2422 -0.1662  1.9850 -0.8345 -1.0218  0.2447 -2.2189  1.6674

Columns 941 to 950
-1.3448  0.9300  0.8051  1.6573  0.0157  0.9211 -0.0987  1.5066 -0.1015 -0.1341

Columns 951 to 960
 2.9721 -0.7018 -1.5974 -1.2008  0.5904  0.5128  0.2798 -2.0677  0.5329 -0.4399

Columns 961 to 970
-0.8413 -0.4770  0.7145 -1.7817  0.2018 -4.0460 -1.1289 -2.6483 -0.9903  0.8012

Columns 971 to 980
 0.4990  0.3131  4.1148  0.8153 -2.2934 -0.2468  1.2812  4.7684  1.6852  0.5200

Columns 981 to 990
 0.0382 -3.1917  0.1227 -1.7197  0.1081  1.6954 -2.3761 -2.8214  0.7939 -3.4798

Columns 991 to 1000
-3.6341  0.5510  0.7037  0.8325  1.8260  0.7635 -3.2063 -0.8795  0.0398  0.1579

Columns 1001 to 1010
 4.4573  3.0166  3.3249  2.8465  2.1008 -1.5395  0.6855  1.3918  0.5129  0.0782

Columns 1011 to 1020
-3.3804 -0.9275  1.4541  1.5758 -1.1210  0.7085  1.1490 -0.1131 -1.1608 -3.4636

Columns 1021 to 1024
 2.7486  1.8301 -2.4920 -0.6116
[torch.FloatTensor of size 1x1024]

input_dim	1024	hidden_dim	1024	
t	1	next_h	Columns 1 to 8
  2.0486  -1.8633   2.7657   2.9279   2.2872  -0.7021  -8.3696   2.2675

Columns 9 to 16
  0.1662   3.4050  -1.3649  -4.8047  -4.8813  -3.9062  -1.5905   0.8809

Columns 17 to 24
  1.8851   3.5143  -0.6822   2.3189   2.5978  -1.4432   1.5602   0.5339

Columns 25 to 32
 -2.5311   2.7956   4.8402  -0.3911   2.8120  -0.4415  -2.7204   6.3382

Columns 33 to 40
  1.1111   0.2575  -4.9420   2.9125   1.8726  -4.9756   3.8602  -0.0820

Columns 41 to 48
 -1.1513   0.4989  -1.4115   3.1845   0.2836  -5.1894   2.4766   1.0643

Columns 49 to 56
  1.3799  -0.8669  -0.0816  -2.4698  -0.7898   8.9186  -0.3134  -0.7614

Columns 57 to 64
  5.7442  -4.9025  -3.8184  -5.2450   1.0525  -0.5744   4.3098  -0.6951

Columns 65 to 72
  4.3932  -5.5789   4.3908   1.5505   0.4787  -5.1524  -5.5784   3.3342

Columns 73 to 80
 -2.2907  -3.9412  -1.0289  -2.1364   2.3285   4.4284  -1.0533  -3.2424

Columns 81 to 88
 -5.6384  -1.9147  -1.3102   1.9309  -5.8276  -0.9353   0.2888   1.7009

Columns 89 to 96
  2.7096   2.3812   0.4990  -6.2630  -4.2553  -3.9640   2.3530   0.0870

Columns 97 to 104
  0.7855  -1.9745   0.8957  -8.4986   0.6650  -0.4073   4.5905   7.2778

Columns 105 to 112
 -6.8658   2.5112  -4.2832  -0.1162  -4.4118   9.1094  -1.9131   1.7378

Columns 113 to 120
 -0.3435  -1.8500   5.7545  -1.3469   1.8760   4.9235   0.3909   0.1605

Columns 121 to 128
 -0.2133   0.0311   4.1699   5.9988   1.6908  -2.1411  -1.7695  -1.0702

Columns 129 to 136
  1.6138   3.9831  -4.2584  -6.0405  -1.4721   1.6799   1.7064   2.3703

Columns 137 to 144
  0.9822  -4.1158   1.5099   2.9871   2.7832   1.0218  -5.7602  -1.1639

Columns 145 to 152
 -1.3608  -4.8348  -0.9537  -1.2260   4.1313  -0.7873   2.6286  -5.0292

Columns 153 to 160
  2.3374  -4.9829  -4.9043   0.9615  -1.7927   2.7092   1.2839   0.5390

Columns 161 to 168
  3.1676  -1.7430   0.0377  -1.2122   6.1242  -2.2543  -1.3788   4.9764

Columns 169 to 176
 -0.7755  -1.4867  -0.0715   6.3174  -4.2726  -5.4624   2.0450  -2.4013

Columns 177 to 184
  3.0195   1.2908   4.7165   1.4447   1.9359   0.3695   9.6004   2.0107

Columns 185 to 192
  1.5335  -2.2200   2.9805   0.9069   3.8583   0.0684   0.5295   0.8153

Columns 193 to 200
 -5.6980   0.0440  -4.1372   6.8502   2.3887   1.3454  -0.3666   1.6035

Columns 201 to 208
  2.5886   1.0168   5.1607   4.1475  -3.8297   7.8374  -4.6891   1.6813

Columns 209 to 216
  1.1750   0.0448  -2.2542   0.3312  -3.0821   3.3785  -2.4712  -2.0376

Columns 217 to 224
 -8.4216   3.7143   2.2593  -2.1124  -1.8843   1.8490   3.4729  -0.3765

Columns 225 to 232
 -0.2371  -5.2534   0.6453  -0.0157  -0.8560   1.9775   2.8839   4.6627

Columns 233 to 240
  0.5055   0.0132  -6.9595  -1.2855  -0.6615   0.3908  -2.4389   0.2509

Columns 241 to 248
  0.9242  -5.8149   1.8253  -0.6870   6.2760  -0.0690   6.6393   1.5855

Columns 249 to 256
  8.4094   4.5102   1.6880  -0.1454  -1.2362  -2.7397  -2.0123  -1.5050

Columns 257 to 264
 -6.1422   3.8229  -2.8918  -0.7188   1.5066  -4.0683  -2.1613  -1.9690

Columns 265 to 272
  2.5148  -0.2561   3.1921   4.6576  -0.3016  -2.4921  -0.4598   3.0308

Columns 273 to 280
  2.0728  -1.0796   7.3257   1.0672   1.7168   2.2885  -0.4906   1.9953

Columns 281 to 288
  4.7802  -0.5854   0.0011  -1.1902   0.6056   0.6202   0.8168  -1.8406

Columns 289 to 296
  1.3448  -4.7586  -0.9942   0.5061   1.6523   0.0514  -0.7955  -3.5288

Columns 297 to 304
 -6.3457   0.6760  -6.2955  -3.4445  -3.9433  -5.6234   0.1582  -3.7191

Columns 305 to 312
 -2.9127  -2.9522  -0.6777  -0.2659  -3.0869   2.2803   3.8614  -0.4798

Columns 313 to 320
 -4.3627  -0.2595  -4.3399  -4.5095  -1.1167  -3.4205   6.2110   1.0296

Columns 321 to 328
  1.2435   0.2741  -4.7545   1.7092  -0.4733   0.5158  -1.7653  -2.1202

Columns 329 to 336
  2.1372  -4.1209   1.3753  -0.6908   3.9532   2.1976  -7.1552  -2.7712

Columns 337 to 344
  0.8344   1.0500   5.0843   0.0456  -6.2683   2.4179   3.4210  -1.4096

Columns 345 to 352
  0.3332  -0.4738   0.9601  -0.4421   1.2197  -1.3808  -3.2007  -1.9272

Columns 353 to 360
  2.0020  -2.0134  -0.1720   0.0345  -2.0433  -2.4766   0.0321  -1.2568

Columns 361 to 368
 -3.6974  -1.8866  -2.3913 -10.4479  -2.8428  -0.9665   0.0799   2.1462

Columns 369 to 376
 -0.0252  -2.7895  -6.6932   5.9450   2.4046   2.7529  13.7170  -1.6756

Columns 377 to 384
 -1.0256   0.4044  -7.9888  -0.3794   2.3345   3.0452  -0.3932  -1.7331

Columns 385 to 392
 -4.6967   3.3392   1.2845   2.2717  -1.1921  -2.6700  -1.6250   1.5994

Columns 393 to 400
  0.9540  -1.2279  -1.2517  -3.9759  -1.0472  -2.1758  -2.6496   0.3109

Columns 401 to 408
 -3.2454   0.2970   3.9958  -2.8779   1.1406   2.2532   1.3867  -1.1704

Columns 409 to 416
  0.0403  -3.9100  -4.6906  -0.9358   1.0925   5.6554  -0.1477   0.0960

Columns 417 to 424
  3.2471   2.8698   8.3790   0.0806  -0.3585  -3.7696  -0.7558   0.1994

Columns 425 to 432
 -4.3883  -0.8953   3.7351  -4.1552  -1.3297   3.6983   0.0548   3.0173

Columns 433 to 440
 -0.7869  -0.6998   1.7187   0.8793  -3.0688   1.4253  -0.2281  -0.5364

Columns 441 to 448
 -1.2128   1.4426   5.0912  -0.0585  -2.0026  -1.4954   0.5302  -2.0273

Columns 449 to 456
  3.6868  -1.0244  -5.7762   1.0399   7.5319  -1.1962  -2.5137   8.9396

Columns 457 to 464
 -8.3663  -3.6561  -0.5396  -0.6092  -1.2358   0.0355   1.3168   0.5451

Columns 465 to 472
  0.0755   1.2842  -3.9355   7.7272   0.3500  -3.1210  -2.1218   3.4067

Columns 473 to 480
 -5.2161   0.5888   0.0648 -11.6753  -3.1803   4.5685  -0.9740   2.0669

Columns 481 to 488
 -4.9585  -3.8171   6.2431   0.0116   0.8337  -3.1497  -2.7837   1.8065

Columns 489 to 496
 -2.5123  -0.1921   1.9555   0.4533   1.2811  -2.3701   4.9925   2.9160

Columns 497 to 504
 -2.1302  -3.9227   2.0208  -4.2883   1.1382   1.0783   1.5913  -0.8341

Columns 505 to 512
 -0.8039  -0.0874  -0.9507   3.8582  -1.9437   3.8528   4.5772  -3.1140

Columns 513 to 520
  2.8621  -2.7170  -0.9628  -2.1615  -0.3851   2.8324  -3.0823  -4.2846

Columns 521 to 528
  3.2700   4.4450  -0.1594  -1.6762   1.5672  -0.4700   1.1555  -3.8748

Columns 529 to 536
  0.0288   6.0397  -2.6523  -0.3314  -0.4734  -1.1273  -7.3239   5.8227

Columns 537 to 544
  1.0385   1.2672   0.4001   0.0917   4.2311   1.4466   0.4838  -2.8665

Columns 545 to 552
 -0.1374   0.3686   2.9666   6.1370  -2.7048   3.3530   2.3955  -4.8840

Columns 553 to 560
  2.9235   0.9595  -1.9113   1.5626  -5.9574  -1.6304  -5.4083  -1.8809

Columns 561 to 568
 -1.2709  -3.8593   0.2544   0.6826  -6.3500   1.1812  -2.5378  -4.3636

Columns 569 to 576
  2.1941   4.6971  -2.5244   7.5944   2.3037   8.0615   0.9819   0.0853

Columns 577 to 584
 -4.2300  -1.0157   0.3546  -0.9760  -0.2521  -4.8849   1.4429  -2.7572

Columns 585 to 592
 -1.1006   2.9382   4.0252  -1.0626   0.8332   2.3480   5.4177   4.1351

Columns 593 to 600
 -1.4666  -5.2078   8.1064  -2.3264   1.7043   0.6507  -7.2650   6.6929

Columns 601 to 608
  0.6895  -1.4534   1.9658   6.4669  -3.1499  -2.2797  -0.8826   0.2612

Columns 609 to 616
  1.0077   1.7587  -1.0653   7.5846  -2.1243   1.2661   1.4274  -0.9469

Columns 617 to 624
  1.1899   2.3444  -2.3599   2.2206  -1.7335   0.2080   4.2521  -3.3688

Columns 625 to 632
  9.4920  -3.2157  -2.9806   0.8933   0.4964   1.2110   3.3712  -1.6201

Columns 633 to 640
  2.1834   7.0726   0.3502   2.3142   4.0128  -1.3102   3.1669  -0.3112

Columns 641 to 648
-10.5708   0.8067  -3.2890  -3.9389  -0.3853  -4.6148   0.6520  -0.4360

Columns 649 to 656
  1.0024  -2.8702  -3.3176   3.3096   1.3617   3.3973   0.5906   2.1498

Columns 657 to 664
 -2.0469   1.2991  -0.6569  -2.9850  -2.8725  -1.2130   3.8239   0.0585

Columns 665 to 672
 -0.1287  -3.0758  -0.2240  -1.3554   3.1662   4.2406  -2.1736   0.8111

Columns 673 to 680
  3.8096  -1.7612   4.3297  -2.2697   4.2883  -2.3603   2.2110   0.7803

Columns 681 to 688
 -1.1418   0.4011  -5.5030   8.4980   1.2561   1.1840   0.9220   1.2048

Columns 689 to 696
 -4.0869  -0.4386  -0.9719  -6.9469  -1.6756   0.3411  -0.2917   2.6173

Columns 697 to 704
 -3.2171  -1.9094   3.6237   5.5736   2.0898   0.4391   1.1619  -0.8991

Columns 705 to 712
 -1.2687   0.1308  -1.9895  -0.3043  -0.6749   0.1146  -1.2022   1.4495

Columns 713 to 720
 -1.0679  -0.4511   0.7765   0.6964   0.3913   0.8543  -4.0417  -2.0427

Columns 721 to 728
 -1.4551  -0.4425  -2.4489   2.8489   2.3418  -1.1009  -4.9908   2.9520

Columns 729 to 736
 -0.3231   4.9650   2.9237   1.6570   0.8226   1.0602  -3.2832   1.8542

Columns 737 to 744
 -0.1195   0.6936   3.8966  -0.6362   1.3614  -2.1657   0.5726  -1.6799

Columns 745 to 752
  0.5415  -5.3207  -2.6287  -2.6002  -2.2545   4.0119  -3.3637   0.1726

Columns 753 to 760
 -1.9898  -6.6007   0.5006   2.6256  -2.9317   1.2191  -3.7315   3.7959

Columns 761 to 768
  1.5474   3.4231   0.2184   1.9308   6.0411  -0.2115   1.0134   3.2199

Columns 769 to 776
 -0.6701   3.2164  -0.9924  -4.7945   1.4884  -2.4226  -1.0229  -1.3223

Columns 777 to 784
  4.5723  -0.5015  -1.9199   2.3458   0.3121  -1.0450  -1.3125  -0.4673

Columns 785 to 792
 -4.6752   4.6696   2.6415   1.3079  -2.4865   1.8126  -0.1404   0.8693

Columns 793 to 800
 -2.4303   0.5652   0.3667   4.8912   0.7881   1.1001   6.3703   1.1265

Columns 801 to 808
  2.0599  -4.1078 -11.5837  -1.3278   3.5247   3.7329  -5.7275   0.6574

Columns 809 to 816
 -2.2424   0.1484  -2.7225   3.9849  -1.9456   3.6077  -4.7178  -0.1726

Columns 817 to 824
  2.3923  -0.9212  -2.4360   0.7731   2.7157  -2.8429  -1.0190   0.0700

Columns 825 to 832
 -3.0022  -0.3089   6.0259  -2.3277   6.0819   0.5293   0.4337   4.4232

Columns 833 to 840
 -2.9519   1.0469   1.7555   2.2656   0.2917  -0.8881  -4.1765  -0.2277

Columns 841 to 848
  0.2009   2.5001  -1.6766   1.0808  -0.7565  -4.7067  -2.4053   2.8959

Columns 849 to 856
 -0.9426  -3.5420   2.2763  -1.0490   0.8977  -1.9535  -3.8738   1.1296

Columns 857 to 864
 -2.0107   0.1135  -6.3171  -0.5454  -1.8359  -3.2632   4.5489  -1.4474

Columns 865 to 872
 -2.8385   1.5023  -0.5002   2.8035   1.5906   1.2421  -1.5538   1.1606

Columns 873 to 880
 -0.3922   1.3332   1.8127   0.0467  -0.4908   3.2047   3.5399   0.3313

Columns 881 to 888
 -0.4533   7.1021  -2.1372   1.6453   2.9515   1.2729  -8.0778  -3.4079

Columns 889 to 896
  2.9315  -8.8502  -3.4345   1.4131  -1.2362   0.9264  -0.1569   0.8877

Columns 897 to 904
  0.6360  -4.3058   1.1057  -1.4563   1.0071  -2.2237  -1.2550  -1.9905

Columns 905 to 912
 -2.9827  -3.7642  -4.1777   1.6172  -0.2178   0.6526   2.9030  -1.2337

Columns 913 to 920
  1.6621  -1.9023  -7.3918   2.0627   1.1592  -2.7343   4.2431   3.2889

Columns 921 to 928
  3.0699  -4.0082   0.7025   1.6948  -4.5330   6.5848  -0.0983   3.3722

Columns 929 to 936
  7.3093  -0.6407  -2.1288   2.1919  -3.5397   2.5207  -0.2370   3.6971

Columns 937 to 944
  4.2835  -0.1126  -0.7195   3.4316   5.1103  -9.8236  -3.6745   1.3956

Columns 945 to 952
  2.5353  -2.1674  -3.5909   3.9129  -1.2596  -3.0167  -1.2908  -0.6825

Columns 953 to 960
 -4.2111   3.8294  -1.2596  -1.6182   1.7047  -2.8719   1.8314  -1.6690

Columns 961 to 968
  1.9636  -2.5323   2.3979  -0.2784  -3.5252   0.7692   0.8097  -5.4901

Columns 969 to 976
 -2.2113   3.6620   2.1400   7.0050   1.8997   0.7035  -2.9601  -0.4015

Columns 977 to 984
  0.2061  -2.1926   1.7374   3.2276   0.6400  -0.9618  -2.0370   1.7643

Columns 985 to 992
 -2.1869  -2.2524  -2.9909  -3.3530  -4.0016   0.5652   1.4836  -4.5695

Columns 993 to 1000
  0.0945   0.7699  -0.7448  -4.1901  -7.5924   7.0402  -8.7862   0.3753

Columns 1001 to 1008
 -4.5248  -6.5663   0.7506  -4.1428   3.6947  -3.8109   1.6520   2.7104

Columns 1009 to 1016
  0.5590  -0.1769   2.5838  -0.3384   0.5622  -2.7465  -1.5573  -0.9524

Columns 1017 to 1024
 -0.3725   1.1465  -3.1646   0.8214  -4.9360  -7.1995  -2.3978  -0.8332
[torch.FloatTensor of size 1x1024]

at	
