Running in CPU mode	
Seeding with: "b"	
encoded start_text	 43
[torch.LongTensor of size 1x1]

sampled	 4.3000e+01  1.3996e+14
[torch.LongTensor of size 1x2]

x	 43
[torch.LongTensor of size 1x1]

local h0	nil	x	(1,.,.) = 
 Columns 1 to 9
 -0.6956  1.5047  1.7894  1.0769 -0.0136 -0.4330 -0.0942 -1.1151 -0.3725

Columns 10 to 18
  0.1513 -0.9157 -1.2807 -0.5479 -0.2921 -0.2103 -0.3565  1.0375  0.7329

Columns 19 to 27
 -1.1874  1.8478 -0.5432 -1.2497  0.6474  1.6921 -0.5169  1.3732  0.1434

Columns 28 to 36
  0.3912 -0.7336  0.4927  3.2088  0.4165 -0.0949 -0.3460 -2.3180 -1.1865

Columns 37 to 45
 -0.4303  1.3254  1.9454  0.1556 -0.4633 -0.8134  1.1470 -0.7560  2.1340

Columns 46 to 54
  0.4132 -1.5094 -0.5118  0.8828  0.7346 -0.2495 -0.1616  2.9764 -0.0963

Columns 55 to 63
 -0.7964 -1.3900  1.1493 -0.3175  0.2181 -0.4388 -0.8561 -0.1223  0.3253

Columns 64 to 64
  3.1821
[torch.FloatTensor of size 1x1x64]

input_dim	64	hidden_dim	1024	
t	1	next_h	Columns 1 to 10
-1.6560  1.4292  0.8993  0.5331 -1.0393 -0.0154  1.0536  1.1712  0.1071 -0.9636

Columns 11 to 20
 0.9237 -0.0235 -0.2457  0.8990  0.9813 -0.2388  1.1220 -0.8547 -0.2927 -0.4389

Columns 21 to 30
-0.3223  1.0314 -0.0923  0.9534  0.9658 -0.9958 -0.0178  0.2266  0.6249 -0.5382

Columns 31 to 40
 1.6271  0.0822 -0.8561  0.5315 -0.0757  0.1109 -0.7248  0.0006  0.4028 -0.2836

Columns 41 to 50
 0.2122 -0.5313 -1.0404 -1.1618  0.1532 -0.6574  0.7346  0.4540 -0.8081  1.5654

Columns 51 to 60
-0.2624  0.0981 -1.0151  0.4239  1.5558  1.4015 -0.2930  1.0699  1.1117 -0.6905

Columns 61 to 70
-0.0335 -0.3516  1.0043 -0.5984  2.1286 -1.0947 -0.2393  0.7662 -0.7085 -0.6925

Columns 71 to 80
 0.4369 -0.3218  2.4480  0.9407  1.1800  0.9770 -0.3118 -0.5646  0.1983  1.4781

Columns 81 to 90
-1.9029  0.2875 -0.8082 -0.4096  1.1293 -0.8125 -0.7572 -0.8211 -0.0030  2.2621

Columns 91 to 100
-0.2584 -0.0997  1.4823  0.0315 -0.9614 -0.9625 -1.4787 -1.3153 -0.4009 -0.6209

Columns 101 to 110
 1.2306  0.7091 -0.8626 -1.2904  0.4004 -1.6664  0.8281  0.1613 -2.0887 -0.0164

Columns 111 to 120
-0.4662  0.7340  0.0767  0.4842 -0.6324  0.0450  1.1809 -0.0540  0.3799 -0.8662

Columns 121 to 130
-1.2288 -0.1680 -0.0868 -0.1515  0.0146  0.0632 -0.0927  0.2421 -0.4579 -0.2747

Columns 131 to 140
 1.0616  0.1219  1.1590  1.3007  0.0681  1.0940 -0.1577  0.9754 -0.1134  0.3458

Columns 141 to 150
 0.7547 -0.9028 -0.4476  0.6207  1.3322  0.4785 -0.3404 -0.5099 -0.3871 -0.3128

Columns 151 to 160
 0.2758  1.8918 -0.2645 -0.4245 -0.4887  1.1038  0.6855 -0.5299  0.1136  0.1984

Columns 161 to 170
-0.0148  0.5055 -0.2381  0.0218 -0.0321  0.2504  1.9433  0.3971  0.0598 -1.4944

Columns 171 to 180
 1.2211 -0.3637  0.5658 -1.0343  0.1584  0.0485  1.0250  0.5386 -1.3117 -1.1808

Columns 181 to 190
-0.3960 -0.9991 -0.3431 -1.0897 -0.4937 -0.5843  0.2608 -1.3412  0.8553 -0.2769

Columns 191 to 200
 0.8721 -0.1298 -0.3835 -0.5235 -0.9182  0.1327  0.8660 -1.3172 -0.3579  0.6875

Columns 201 to 210
-0.0810 -0.3440 -0.5179  0.2908  0.4019 -1.3502 -1.0468  0.4109  0.6953  0.1996

Columns 211 to 220
-0.4617 -0.0644 -0.0266  1.6478 -0.5994 -0.4908 -1.1202  0.7146  0.0342 -0.2052

Columns 221 to 230
-1.4864 -0.0914  0.1933  0.7240 -0.1387  0.3895 -1.2845 -0.5645 -1.0102 -0.1373

Columns 231 to 240
-0.7124  0.0814  0.6849  0.7839 -1.6827  0.1269 -0.9333 -1.1280  1.3619  1.4216

Columns 241 to 250
 0.1745 -0.7530  1.0430  0.9357  0.0048 -0.5800 -0.5619  0.1288  0.6977  0.5705

Columns 251 to 260
 0.2771  0.3877  0.0946 -0.4419 -0.4219  0.0382  1.3406  0.0087  0.4406 -0.5293

Columns 261 to 270
 0.5096 -0.5726  0.8242 -0.2993 -0.2532 -0.2484 -0.9367  0.7860  0.7064 -0.3172

Columns 271 to 280
-0.5261  0.4945 -1.3588 -0.8098 -0.5560 -0.5554 -0.7698  0.2819  0.4988 -0.2378

Columns 281 to 290
 0.0820  1.2187 -0.4177 -0.2779  0.2494 -0.4907 -0.8045 -1.1079  0.5944  0.8577

Columns 291 to 300
-1.1867 -0.3161 -0.1402 -0.0897  0.9818 -0.0993 -0.3746  0.3214  0.0117 -1.7784

Columns 301 to 310
 0.2710  0.9849  0.1996 -0.0776  0.8443  0.1510 -0.5361 -0.4425 -0.9590  2.0119

Columns 311 to 320
-0.1278  1.4353 -1.1173  1.1899  0.2092 -0.3641 -0.2194 -0.9466 -1.8425  1.6906

Columns 321 to 330
 0.9825  0.2781 -0.2770 -0.6984 -0.0072  0.5363 -0.4820 -0.5635  1.0965  2.1602

Columns 331 to 340
 2.0845 -1.0300 -1.0626 -0.1786  0.0323 -1.8761 -1.0338 -0.7707 -0.3116 -0.1185

Columns 341 to 350
 0.1985 -0.7682  1.2456 -0.2637 -0.6058  1.1561  2.2440 -0.9566 -0.9090 -0.4671

Columns 351 to 360
 0.2199 -0.1199  0.3561  0.7750  0.6292 -0.7683  0.4275  0.9222 -1.3830 -0.7930

Columns 361 to 370
 0.0696  0.0260  0.6122 -0.5958  0.2398  0.3082  0.1636  0.0336  0.7586 -1.1530

Columns 371 to 380
-0.6431 -0.0058  0.6790  0.6525  0.5783 -0.7040  0.2809  0.4335  0.3104 -1.4406

Columns 381 to 390
-0.0595 -0.1439 -0.3596  1.0345  0.1481  0.5290 -0.4291  0.4784 -0.3787  0.6206

Columns 391 to 400
-1.1342  0.3742  0.8167 -1.0052 -0.5098  0.3438 -0.6951 -0.4009 -0.8399  0.4942

Columns 401 to 410
 0.6816 -0.8738  0.0835 -0.5839  0.1670  1.8335  0.6287 -0.2635  0.6758 -1.2566

Columns 411 to 420
-1.5730  0.2125 -0.5388  0.0644  0.4127  0.2778 -0.4500 -0.0377 -0.7482 -0.1612

Columns 421 to 430
 1.1741 -0.9292  0.3118 -0.2589  1.1779  0.2488 -0.7297 -0.7345 -0.6286  1.6085

Columns 431 to 440
 0.4655  0.5857  0.9864  2.0408  1.2358  0.8264 -0.6862  0.5976 -1.6267  0.7468

Columns 441 to 450
 0.0850  0.2021  0.3541 -0.1744  0.0087 -0.9440  1.0783 -1.4196  0.5398  1.1729

Columns 451 to 460
-0.4834  1.8775 -1.0308 -0.5839 -0.1514 -0.1363  0.1675  0.1074 -0.3025  0.6678

Columns 461 to 470
-0.7431 -1.0290 -1.6517 -0.5305 -0.1785  1.3405 -1.1049  1.0375  1.5555  0.1555

Columns 471 to 480
-0.1716  0.5439 -0.7456 -0.3076 -0.8486 -0.0049  0.1220  1.2685 -0.2629  0.8903

Columns 481 to 490
 0.2419  0.4147 -1.1105  0.8035  0.5981 -0.6601  0.1226 -1.1322 -0.8400  0.2126

Columns 491 to 500
-0.3233 -0.4973 -0.2395  0.5386  0.5651 -1.0106 -0.7789 -0.1891  2.6099 -0.4477

Columns 501 to 510
-0.8779 -0.8070 -0.5467  0.4917  0.7254  0.7680 -0.7892 -0.2891  0.8716 -1.0959

Columns 511 to 520
 0.3506  0.3290 -0.0477  0.1264  0.3663 -1.5018  0.7749 -0.1622  0.8422  0.2513

Columns 521 to 530
-0.5959 -1.0305 -1.6244  0.1172 -0.4011  0.2291 -1.9094 -0.0413 -0.9390  0.1111

Columns 531 to 540
 0.9639 -0.0211  0.4238 -1.6494 -0.2308  1.3976 -1.1430  1.1291 -0.4752 -1.2689

Columns 541 to 550
 0.3344 -0.1533  0.0309 -1.2460 -0.5276 -1.0028  2.1604  0.0953  0.9363 -1.4442

Columns 551 to 560
 0.6519 -0.7642 -1.2418 -1.0053  0.0176  0.9200  0.1776  0.9405  0.4515  1.3128

Columns 561 to 570
 0.1087 -0.7258  0.5142  0.4694 -0.7251 -0.1667  0.2438  1.6442  0.2352 -0.7484

Columns 571 to 580
-1.0985 -0.0080  0.9032 -0.8014  0.9524  0.3954  0.1218  0.1376  0.3437  0.4758

Columns 581 to 590
-0.2701  0.6300 -0.4857 -0.5898 -0.1518  0.0928  0.7055  0.3550  0.3341 -0.4989

Columns 591 to 600
-0.1591 -0.2649 -0.3471 -0.2889  0.3768  0.0940 -0.1646  1.0690 -0.0762 -0.9386

Columns 601 to 610
 1.2418  0.8702  0.4189  0.8592  0.3501 -0.6986 -0.7138 -0.4511  1.0491 -0.7783

Columns 611 to 620
-0.2085  0.2268 -0.3305 -0.7891 -0.9428  0.5903  1.2028 -0.7643 -0.5377 -0.1209

Columns 621 to 630
-0.7062  0.3602 -1.1664 -0.3637 -0.2160  0.9883 -0.6971  0.6682  0.2964 -0.6138

Columns 631 to 640
 0.7822 -0.2925 -1.3667  0.7795  0.6893 -1.1823  1.7046  0.5660  1.2555  0.7886

Columns 641 to 650
-0.9297  0.1776 -0.8887 -0.1768 -0.3230  0.3010 -0.2985 -0.2304 -0.3112 -0.8450

Columns 651 to 660
-0.2602  0.5124 -1.0571  1.3516  0.6150 -1.2011 -1.4437  0.9120  1.3904 -0.6626

Columns 661 to 670
 0.4626 -0.7023  0.4495  0.4326 -0.9814 -0.8060 -0.2921  0.0922  0.7356  0.1759

Columns 671 to 680
-1.3976 -0.2306 -0.7236  1.0289  0.7868 -1.0341  0.9493 -1.1912  0.4065 -0.7649

Columns 681 to 690
 1.4065 -0.9811 -0.4450  0.0066 -0.2889 -0.8449  0.1372  0.1379  0.1667  0.1109

Columns 691 to 700
-0.9309 -0.6589 -1.6643  1.1585 -0.4382 -0.6258  0.4565  0.0598  0.3619  0.2194

Columns 701 to 710
 1.0736  0.4344 -0.9311  0.7986 -1.1487 -1.1541  0.0050 -1.0178  0.6523  1.4671

Columns 711 to 720
-0.1185 -0.0420 -0.9558 -0.6791  0.3600  0.6358  0.1295  0.3469  0.1385 -0.1314

Columns 721 to 730
-1.2034 -0.0282 -1.2575 -1.3038 -0.0146  0.3441  0.7025  0.4477 -0.4719 -1.0443

Columns 731 to 740
 0.8685  1.7379  0.0095 -1.2890 -1.2868 -2.0955 -0.3774  0.7252  0.2228 -1.1851

Columns 741 to 750
 0.1297  0.8019 -0.0568  0.3365  0.4719 -0.9932  1.1471 -0.2374 -0.8155 -0.1346

Columns 751 to 760
-0.5304 -0.0081  0.4520  0.9321 -0.1535 -0.6401 -1.3103  0.9487 -0.4412  1.8692

Columns 761 to 770
 0.8334 -1.0402 -0.7175  0.3274 -0.4728 -0.1457 -0.2149 -0.8938 -1.0502 -0.3645

Columns 771 to 780
-0.9952  1.7063  0.8677 -0.2012  0.8910  1.9466  1.0073 -0.7428 -0.6741  1.3451

Columns 781 to 790
-0.2017 -0.2847  0.0116  2.0254 -1.1892 -1.1898 -0.7614  0.9242  0.9975  0.9133

Columns 791 to 800
 0.8013  0.8094 -0.2922 -0.4091  0.7751  0.0046 -0.8618  0.3406 -0.1891 -0.5580

Columns 801 to 810
-0.4154  0.5818  0.1111 -0.3242  0.8790  0.4103 -0.1322  0.8531  0.7760  0.0982

Columns 811 to 820
-0.6246 -0.8503 -1.3194 -0.3500  0.5854 -0.3622  0.7680  0.1764 -0.2562 -0.1703

Columns 821 to 830
-1.0879 -0.5023 -1.0595  0.5181 -0.7510  0.1816  0.7675 -0.2291  0.1569 -0.8479

Columns 831 to 840
-0.1209 -0.0457 -0.0077 -0.6022 -0.8253 -0.5045  0.0928  0.9669  0.4302 -1.8534

Columns 841 to 850
 0.1767 -0.0448  0.7549  1.2627 -0.5964 -0.7228 -1.3084  1.5715 -0.0513 -0.0821

Columns 851 to 860
 0.4253  0.3935 -0.7306 -1.4322 -1.6413 -0.7942 -2.0698 -1.6860  0.6922  0.2079

Columns 861 to 870
 0.1005  0.3390  0.5820  0.3430 -0.1381 -0.0407 -0.4096  0.0571  0.9874  0.1932

Columns 871 to 880
 0.1750  0.4764  0.7349  0.8856  1.0144 -1.2295  0.8428 -0.3903 -0.3737 -0.5764

Columns 881 to 890
-0.3929 -1.3696 -1.1424  0.3972 -0.2487 -0.8597 -0.3206 -0.6729  0.7349 -0.9249

Columns 891 to 900
-1.4353  0.7562 -0.2721  1.6893 -0.6679 -0.1154 -0.9229 -0.2957  0.4786 -1.6675

Columns 901 to 910
 0.4347 -0.6299  0.2346 -0.6383 -1.0523 -0.9519  1.2135 -0.5794  0.0121 -0.9597

Columns 911 to 920
 1.0430  0.1405 -0.0700  0.5264 -1.0800  0.2766  0.5245 -0.3301  0.0541  0.1124

Columns 921 to 930
 0.6733  0.1440  0.0899  0.2684  0.1255  0.9649 -0.7234  0.0176  1.3966  0.0969

Columns 931 to 940
 0.0932 -1.7917  0.3721  0.2711  0.2683 -0.0695 -0.4277  0.4505 -0.6767 -0.4794

Columns 941 to 950
 1.1520  0.2908  0.4848  1.2352  0.0915  1.3217  0.2501  0.0591  0.7830 -1.1537

Columns 951 to 960
 0.4064  2.0004 -0.4147 -1.1574  0.9217 -0.3777  0.8692  0.4474  0.0821  1.4205

Columns 961 to 970
-0.0961 -0.3829  0.2604 -0.1187 -0.6676 -0.9077 -0.4589  0.0714 -0.2706  0.9390

Columns 971 to 980
 0.4358  0.2212  0.7196  0.4193  1.2332  1.4948  0.0545  1.0046  1.6245  1.3682

Columns 981 to 990
 1.3249  0.3213 -0.0960  0.2088  0.5511  1.1034 -0.2479 -0.7857 -0.6311 -0.4730

Columns 991 to 1000
 0.4178 -0.5281 -0.2967  0.7106  0.9191  1.0745 -0.6642  1.2190  1.0099  0.3938

Columns 1001 to 1010
 0.8352 -1.2030  0.7994 -0.6873 -0.4094 -0.5298  0.2745  0.0962 -0.1388  0.5450

Columns 1011 to 1020
 0.9872  0.2150  0.7494 -0.3197  0.6047 -0.5740 -1.0873  0.1540 -0.6737  0.6390

Columns 1021 to 1024
-0.1306 -0.1328  0.8259  0.4286
[torch.FloatTensor of size 1x1024]

local h0	nil	x	(1,.,.) = 
 Columns 1 to 9
 -0.9297  0.8915  0.7160  0.4877 -0.7776 -0.0154  0.7832  0.8246  0.1067

Columns 10 to 18
 -0.7459  0.7277 -0.0235 -0.2409  0.7158  0.7536 -0.2343  0.8083 -0.6935

Columns 19 to 27
 -0.2846 -0.4128 -0.3116  0.7745 -0.0920  0.7413  0.7468 -0.7598 -0.0178

Columns 28 to 36
  0.2228  0.5545 -0.4916  0.9256  0.0820 -0.6942  0.4865 -0.0756  0.1104

Columns 37 to 45
 -0.6199  0.0006  0.3823 -0.2762  0.2091 -0.4864 -0.7780 -0.8216  0.1520

Columns 46 to 54
 -0.5766  0.6259  0.4252 -0.6686  0.9163 -0.2565  0.0978 -0.7679  0.4002

Columns 55 to 63
  0.9147  0.8857 -0.2849  0.7894  0.8047 -0.5983 -0.0335 -0.3378  0.7634

Columns 64 to 72
 -0.5359  0.9721 -0.7986 -0.2348  0.6447 -0.6098 -0.5996  0.4111 -0.3112

Columns 73 to 81
  0.9852  0.7355  0.8274  0.7518 -0.3021 -0.5114  0.1957  0.9011 -0.9565

Columns 82 to 90
  0.2798 -0.6686 -0.3881  0.8108 -0.6709 -0.6394 -0.6756 -0.0030  0.9785

Columns 91 to 99
 -0.2528 -0.0994  0.9019  0.0314 -0.7449 -0.7454 -0.9012 -0.8656 -0.3807

Columns 100 to 108
 -0.5518  0.8428  0.6101 -0.6976 -0.8592  0.3803 -0.9311  0.6795  0.1599

Columns 109 to 117
 -0.9698 -0.0164 -0.4351  0.6255  0.0765  0.4496 -0.5597  0.0449  0.8277

Columns 118 to 126
 -0.0539  0.3626 -0.6994 -0.8422 -0.1664 -0.0866 -0.1503  0.0146  0.0631

Columns 127 to 135
 -0.0925  0.2375 -0.4284 -0.2680  0.7863  0.1213  0.8207  0.8619  0.0680

Columns 136 to 144
  0.7983 -0.1564  0.7511 -0.1129  0.3327  0.6380 -0.7177 -0.4199  0.5516

Columns 145 to 153
  0.8698  0.4451 -0.3278 -0.4699 -0.3689 -0.3030  0.2690  0.9555 -0.2585

Columns 154 to 162
 -0.4007 -0.4532  0.8019  0.5951 -0.4853  0.1131  0.1958 -0.0148  0.4664

Columns 163 to 171
 -0.2337  0.0218 -0.0321  0.2453  0.9598  0.3775  0.0597 -0.9041  0.8400

Columns 172 to 180
 -0.3485  0.5123 -0.7756  0.1571  0.0485  0.7719  0.4919 -0.8647 -0.8277

Columns 181 to 189
 -0.3765 -0.7612 -0.3302 -0.7968 -0.4571 -0.5258  0.2550 -0.8720  0.6938

Columns 190 to 198
 -0.2700  0.7024 -0.1290 -0.3658 -0.4804 -0.7250  0.1320  0.6993 -0.8661

Columns 199 to 207
 -0.3434  0.5964 -0.0808 -0.3311 -0.4761  0.2829  0.3815 -0.8741 -0.7806

Columns 208 to 216
  0.3892  0.6013  0.1970 -0.4315 -0.0643 -0.0266  0.9285 -0.5366 -0.4549

Columns 217 to 225
 -0.8076  0.6135  0.0342 -0.2023 -0.9027 -0.0911  0.1909  0.6194 -0.1378

Columns 226 to 234
  0.3709 -0.8577 -0.5113 -0.7658 -0.1364 -0.6122  0.0813  0.5947  0.6549

Columns 235 to 243
 -0.9332  0.1262 -0.7321 -0.8103  0.8768  0.8899  0.1728 -0.6370  0.7791

Columns 244 to 252
  0.7333  0.0048 -0.5227 -0.5094  0.1281  0.6029  0.5157  0.2703  0.3693

Columns 253 to 261
  0.0943 -0.4152 -0.3985  0.0382  0.8718  0.0087  0.4142 -0.4849  0.4697

Columns 262 to 270
 -0.5173  0.6773 -0.2907 -0.2479 -0.2434 -0.7337  0.6562  0.6084 -0.3070

Columns 271 to 279
 -0.4824  0.4578 -0.8761 -0.6695 -0.5050 -0.5046 -0.6468  0.2746  0.4612

Columns 280 to 288
 -0.2334  0.0818  0.8393 -0.3950 -0.2709  0.2443 -0.4548 -0.6665 -0.8033

Columns 289 to 297
  0.5331  0.6951 -0.8296 -0.3060 -0.1393 -0.0895  0.7539 -0.0990 -0.3580

Columns 298 to 306
  0.3108  0.0117 -0.9445  0.2646  0.7552  0.1970 -0.0774  0.6881  0.1498

Columns 307 to 315
 -0.4901 -0.4157 -0.7438  0.9649 -0.1271  0.8928 -0.8066  0.8305  0.2062

Columns 316 to 324
 -0.3488 -0.2160 -0.7383 -0.9510  0.9342  0.7541  0.2711 -0.2702 -0.6033

Columns 325 to 333
 -0.0072  0.4902 -0.4478 -0.5105  0.7992  0.9738  0.9695 -0.7739 -0.7867

Columns 334 to 342
 -0.1767  0.0323 -0.9541 -0.7754 -0.6474 -0.3019 -0.1179  0.1960 -0.6459

Columns 343 to 351
  0.8470 -0.2577 -0.5412  0.8198  0.9778 -0.7428 -0.7207 -0.4358  0.2164

Columns 352 to 360
 -0.1193  0.3418  0.6498  0.5575 -0.6460  0.4032  0.7269 -0.8816 -0.6601

Columns 361 to 369
  0.0695  0.0260  0.5457 -0.5341  0.2353  0.2988  0.1621  0.0336  0.6402

Columns 370 to 378
 -0.8188 -0.5670 -0.0058  0.5909  0.5733  0.5214 -0.6069  0.2737  0.4083

Columns 379 to 387
  0.3008 -0.8938 -0.0594 -0.1430 -0.3449  0.7757  0.1470  0.4846 -0.4045

Columns 388 to 396
  0.4450 -0.3615  0.5515 -0.8125  0.3576  0.6732 -0.7637 -0.4698  0.3308

Columns 397 to 405
 -0.6012 -0.3807 -0.6857  0.4576  0.5926 -0.7033  0.0834 -0.5255  0.1654

Columns 406 to 414
  0.9502  0.5572 -0.2575  0.5888 -0.8501 -0.9175  0.2094 -0.4921  0.0643

Columns 415 to 423
  0.3907  0.2709 -0.4219 -0.0377 -0.6341 -0.1598  0.8256 -0.7302  0.3021

Columns 424 to 432
 -0.2533  0.8268  0.2438 -0.6229 -0.6258 -0.5571  0.9229  0.4346  0.5268

Columns 433 to 441
  0.7558  0.9668  0.8442  0.6785 -0.5956  0.5354 -0.9256  0.6332  0.0848

Columns 442 to 450
  0.1994  0.3400 -0.1727  0.0087 -0.7371  0.7926 -0.8895  0.4928  0.8252

Columns 451 to 459
 -0.4490  0.9543 -0.7742 -0.5255 -0.1502 -0.1354  0.1659  0.1070 -0.2936

Columns 460 to 468
  0.5836 -0.6310 -0.7735 -0.9291 -0.4857 -0.1766  0.8718 -0.8022  0.7769

Columns 469 to 477
  0.9147  0.1543 -0.1700  0.4959 -0.6325 -0.2983 -0.6903 -0.0049  0.1214

Columns 478 to 486
  0.8534 -0.2570  0.7115  0.2372  0.3925 -0.8042  0.6660  0.5357 -0.5784

Columns 487 to 495
  0.1220 -0.8118 -0.6858  0.2095 -0.3125 -0.4600 -0.2351  0.4919  0.5117

Columns 496 to 504
 -0.7660 -0.6521 -0.1869  0.9892 -0.4200 -0.7054 -0.6679 -0.4980  0.4556

Columns 505 to 513
  0.6202  0.6458 -0.6579 -0.2814  0.7022 -0.7990  0.3369  0.3176 -0.0476

Columns 514 to 522
  0.1257  0.3508 -0.9055  0.6498 -0.1608  0.6870  0.2461 -0.5341 -0.7741

Columns 523 to 531
 -0.9253  0.1167 -0.3809  0.2252 -0.9570 -0.0413 -0.7348  0.1106  0.7460

Columns 532 to 540
 -0.0211  0.4001 -0.9288 -0.2268  0.8848 -0.8154  0.8107 -0.4424 -0.8535

Columns 541 to 549
  0.3224 -0.1521  0.0309 -0.8472 -0.4836 -0.7628  0.9738  0.0950  0.7335

Columns 550 to 558
 -0.8945  0.5730 -0.6435 -0.8460 -0.7638  0.0176  0.7259  0.1758  0.7354

Columns 559 to 567
  0.4231  0.8650  0.1082 -0.6205  0.4732  0.4378 -0.6200 -0.1652  0.2391

Columns 568 to 576
  0.9281  0.2309 -0.6342 -0.8000 -0.0080  0.7179 -0.6648  0.7409  0.3760

Columns 577 to 585
  0.1212  0.1368  0.3308  0.4429 -0.2637  0.5580 -0.4508 -0.5298 -0.1506

Columns 586 to 594
  0.0925  0.6079  0.3408  0.3222 -0.4612 -0.1577 -0.2588 -0.3338 -0.2811

Columns 595 to 603
  0.3599  0.0937 -0.1631  0.7891 -0.0761 -0.7346  0.8460  0.7015  0.3960

Columns 604 to 612
  0.6959  0.3365 -0.6034 -0.6131 -0.4228  0.7815 -0.6517 -0.2055  0.2230

Columns 613 to 621
 -0.3189 -0.6579 -0.7365  0.5301  0.8345 -0.6436 -0.4912 -0.1203 -0.6083

Columns 622 to 630
  0.3454 -0.8231 -0.3484 -0.2127  0.7566 -0.6025  0.5838  0.2881 -0.5468

Columns 631 to 639
  0.6539 -0.2845 -0.8779  0.6524  0.5975 -0.8282  0.9360  0.5124  0.8498

Columns 640 to 648
  0.6576 -0.7304  0.1757 -0.7108 -0.1750 -0.3122  0.2922 -0.2900 -0.2264

Columns 649 to 657
 -0.3015 -0.6885 -0.2545  0.4718 -0.7846  0.8744  0.5476 -0.8340 -0.8944

Columns 658 to 666
  0.7221  0.8833 -0.5801  0.4322 -0.6058  0.4215  0.4075 -0.7537 -0.6674

Columns 667 to 675
 -0.2840  0.0920  0.6265  0.1741 -0.8848 -0.2266 -0.6192  0.7735  0.6566

Columns 676 to 684
 -0.7756  0.7394 -0.8310  0.3855 -0.6440  0.8867 -0.7535 -0.4178  0.0066

Columns 685 to 693
 -0.2811 -0.6884  0.1363  0.1370  0.1652  0.1104 -0.7310 -0.5776 -0.9308

Columns 694 to 702
  0.8206 -0.4121 -0.5551  0.4273  0.0597  0.3469  0.2160  0.7908  0.4090

Columns 703 to 711
 -0.7311  0.6633 -0.8173 -0.8191  0.0050 -0.7690  0.5732  0.8990 -0.1180

Columns 712 to 720
 -0.0420 -0.7424 -0.5909  0.3452  0.5620  0.1288  0.3336  0.1376 -0.1306

Columns 721 to 729
 -0.8347 -0.0282 -0.8504 -0.8627 -0.0146  0.3311  0.6059  0.4200 -0.4397

Columns 730 to 738
 -0.7796  0.7006  0.9400  0.0095 -0.8589 -0.8583 -0.9702 -0.3605  0.6201

Columns 739 to 747
  0.2191 -0.8290  0.1290  0.6651 -0.0567  0.3244  0.4397 -0.7587  0.8168

Columns 748 to 756
 -0.2330 -0.6726 -0.1337 -0.4857 -0.0081  0.4236  0.7316 -0.1523 -0.5650

Columns 757 to 765
 -0.8643  0.7392 -0.4147  0.9535  0.6823 -0.7780 -0.6154  0.3162 -0.4405

Columns 766 to 774
 -0.1447 -0.2116 -0.7133 -0.7819 -0.3492 -0.7596  0.9362  0.7002 -0.1986

Columns 775 to 783
  0.7119  0.9601  0.7646 -0.6308 -0.5877  0.8729 -0.1990 -0.2773  0.0116

Columns 784 to 792
  0.9658 -0.8303 -0.8305 -0.6419  0.7279  0.7605  0.7227  0.6647  0.6693

Columns 793 to 801
 -0.2841 -0.3877  0.6499  0.0046 -0.6972  0.3280 -0.1869 -0.5065 -0.3930

Columns 802 to 810
  0.5240  0.1106 -0.3133  0.7059  0.3887 -0.1315  0.6927  0.6504  0.0979

Columns 811 to 819
 -0.5543 -0.6912 -0.8666 -0.3363  0.5266 -0.3472  0.6458  0.1746 -0.2507

Columns 820 to 828
 -0.1686 -0.7961 -0.4639 -0.7855  0.4762 -0.6358  0.1796  0.6455 -0.2252

Columns 829 to 837
  0.1556 -0.6900 -0.1203 -0.0456 -0.0077 -0.5386 -0.6780 -0.4656  0.0926

Columns 838 to 846
  0.7474  0.4055 -0.9521  0.1749 -0.0447  0.6380  0.8518 -0.5345 -0.6186

Columns 847 to 855
 -0.8639  0.9173 -0.0512 -0.0819  0.4014  0.3744 -0.6235 -0.8921 -0.9277

Columns 856 to 864
 -0.6608 -0.9686 -0.9336  0.5994  0.2050  0.1002  0.3265  0.5241  0.3302

Columns 865 to 873
 -0.1372 -0.0407 -0.3881  0.0570  0.7562  0.1908  0.1732  0.4433  0.6261

Columns 874 to 882
  0.7092  0.7676 -0.8424  0.6873 -0.3716 -0.3572 -0.5200 -0.3739 -0.8786

Columns 883 to 891
 -0.8152  0.3776 -0.2437 -0.6961 -0.3100 -0.5869  0.6260 -0.7282 -0.8927

Columns 892 to 900
  0.6388 -0.2656  0.9341 -0.5836 -0.1148 -0.7273 -0.2874  0.4451 -0.9312

Columns 901 to 909
  0.4092 -0.5580  0.2303 -0.5638 -0.7827 -0.7406  0.8377 -0.5223  0.0121

Columns 910 to 918
 -0.7442  0.7791  0.1395 -0.0699  0.4826 -0.7932  0.2697  0.4811 -0.3186

Columns 919 to 927
  0.0541  0.1119  0.5871  0.1430  0.0897  0.2621  0.1249  0.7465 -0.6190

Columns 928 to 936
  0.0176  0.8846  0.0966  0.0930 -0.9459  0.3558  0.2646  0.2620 -0.0694

Columns 937 to 945
 -0.4034  0.4223 -0.5894 -0.4458  0.8184  0.2828  0.4501  0.8441  0.0912

Columns 946 to 954
  0.8672  0.2450  0.0590  0.6544 -0.8190  0.3854  0.9641 -0.3924 -0.8202

Columns 955 to 963
  0.7267 -0.3607  0.7010  0.4198  0.0819  0.8897 -0.0958 -0.3652  0.2546

Columns 964 to 972
 -0.1181 -0.5834 -0.7200 -0.4292  0.0712 -0.2642  0.7348  0.4102  0.2176

Columns 973 to 981
  0.6167  0.3963  0.8435  0.9042  0.0545  0.7635  0.9253  0.8783  0.8680

Columns 982 to 990
  0.3107 -0.0958  0.2058  0.5014  0.8017 -0.2429 -0.6560 -0.5588 -0.4406

Columns 991 to 999
  0.3950 -0.4839 -0.2883  0.6110  0.7255  0.7912 -0.5811  0.8394  0.7657

Columns 1000 to 1008
  0.3746  0.6832 -0.8346  0.6637 -0.5962 -0.3879 -0.4852  0.2678  0.0959

Columns 1009 to 1017
 -0.1379  0.4968  0.7562  0.2117  0.6348 -0.3093  0.5404 -0.5183 -0.7959

Columns 1018 to 1024
  0.1528 -0.5874  0.5642 -0.1298 -0.1320  0.6783  0.4042
[torch.FloatTensor of size 1x1x1024]

input_dim	1024	hidden_dim	1024	
t	1	next_h	Columns 1 to 10
-1.8420  2.3286 -5.1654  1.2433 -0.0462  4.4839  0.1939 -2.6986  1.7046 -1.2227

Columns 11 to 20
 0.4098 -0.7950 -1.7843  2.9973 -2.1655  3.1668 -3.1348 -0.4205  1.6634 -4.4672

Columns 21 to 30
 0.5890 -1.2870  0.5490  2.8808  0.1336 -2.1787  0.6009 -0.1895  0.6649 -0.3912

Columns 31 to 40
 3.5690 -1.0226 -1.1961 -0.3341  2.1553 -0.0109 -5.4835  1.3459  2.9712 -1.0965

Columns 41 to 50
-1.9470 -0.4122  2.9816 -0.3390  0.6593  0.7733 -0.1874 -0.6867  4.1873  3.8364

Columns 51 to 60
-0.7134  2.6312 -1.5194 -2.7621 -0.0777  1.3090  2.6584  1.7032  0.3055  0.6334

Columns 61 to 70
-1.5652  0.3406 -5.1198  1.8051 -1.3536  1.7209  2.7426  1.0848 -2.1000 -2.1311

Columns 71 to 80
-2.0209  4.8916  3.0042 -3.8421 -1.7284 -3.0672  1.2678 -0.1340  2.4149 -3.2257

Columns 81 to 90
 3.1503  1.3052 -0.8866 -0.8220  1.0883  2.4575  0.0525  6.2420  2.9522 -0.0416

Columns 91 to 100
 2.2097  0.8000  2.3125  0.8980  0.6982  3.8113  3.2652  1.0762 -2.7235  2.3192

Columns 101 to 110
-3.8784  3.3947 -4.3219 -3.3317  2.9133  0.5663  2.5541  0.5829 -2.3788 -0.4306

Columns 111 to 120
-2.0196 -1.9089 -0.0145 -1.8698  0.4867 -3.6329  2.0576  3.4678 -2.2075 -4.7709

Columns 121 to 130
-1.6225  1.2180 -0.7728  2.3040  0.0701  3.6843  0.2261 -0.1464  2.4485  2.6275

Columns 131 to 140
 3.5200 -1.0905  1.5670  4.5923  3.2801  4.3645 -6.7615 -1.1147 -0.1440  0.9751

Columns 141 to 150
 0.9518  3.8987 -1.1541  4.3188 -1.4452 -1.8215 -3.0478  0.3080 -1.8488 -1.9958

Columns 151 to 160
-0.4578 -1.5965  2.2835 -1.3390 -1.3612 -0.3133  0.3351 -0.5694 -0.3937  2.9596

Columns 161 to 170
-2.9703  0.8271 -1.9071  0.7415 -2.3705 -2.0881 -1.7632  0.5261  5.1452 -0.2327

Columns 171 to 180
 1.4717 -3.4417  3.3416 -1.4324  1.6771  0.0779 -1.3410  1.5433 -2.6395 -1.4370

Columns 181 to 190
 0.7028 -0.1329 -2.2435 -0.4194 -1.3511 -2.2533  1.4593 -1.1894  0.3330 -0.5567

Columns 191 to 200
 1.2155  0.6664 -2.2340 -4.5132 -2.1707  1.6155 -0.0457  2.1125  0.9056  0.0444

Columns 201 to 210
 0.7027 -0.5596 -0.4579  0.5350 -0.1372  1.2494 -1.3806 -0.4669  1.8334 -1.2019

Columns 211 to 220
 1.9236 -0.8482  2.7889 -0.6802  5.3201 -6.4698 -0.5334 -0.8899  1.4165  1.5863

Columns 221 to 230
 1.6627 -1.6807  2.6716 -1.1201 -0.2089 -0.6241  2.4319 -1.4708  0.1189 -1.7421

Columns 231 to 240
-1.9692  0.9365  0.3357 -2.4382  3.5698  1.8458  1.3758  1.8907 -1.3410  2.2654

Columns 241 to 250
-6.6480 -2.2416  0.3096  3.1832  0.3681  2.3749 -1.3789  3.4829 -4.2782 -1.4385

Columns 251 to 260
-2.6287 -0.0821 -1.5552  4.4183 -0.5413 -2.4485  1.4489 -3.5424 -2.4743 -0.4287

Columns 261 to 270
-1.9436 -3.1547  1.2655  4.0253  1.4994  0.6700  0.1505  4.2311  1.4093 -5.8414

Columns 271 to 280
 0.1220  1.2642  0.1001 -3.6524 -0.7802  2.2162 -0.4526  1.5254 -4.3235  1.3761

Columns 281 to 290
 1.3832  0.4151  1.2609 -2.5970 -0.6205  2.4927  0.0950 -0.1726 -0.3274  2.0441

Columns 291 to 300
-2.8134  2.3015  2.8227 -1.0023  1.4749  2.1392 -1.3586  0.6730  0.3032  3.3890

Columns 301 to 310
 1.5410  0.9999 -0.1540 -0.1385  1.0542  3.1235  0.5496 -2.0002 -0.5041  0.7493

Columns 311 to 320
-5.8442 -2.6363  0.2016  0.8251  1.5536 -1.3491 -1.8212  2.0618  0.4608  2.6399

Columns 321 to 330
-4.9013  1.3582 -0.3747  1.0255  5.0803 -2.4129  1.0586 -1.9134  0.1330  4.0780

Columns 331 to 340
-0.0488  2.3387  1.1472 -0.1926  0.7699  3.7361 -4.6382  3.2344 -1.5723 -3.1201

Columns 341 to 350
-2.6847  2.0609 -3.4619  0.0739  3.0107  2.5160  0.2427 -0.8786 -2.5511  0.7796

Columns 351 to 360
 0.0014  2.2561 -1.4185  1.9534  4.3560 -2.3329 -2.5304  0.1871  2.6921  1.6800

Columns 361 to 370
 1.0919 -0.8312 -2.7118  2.3687 -1.7084 -1.8120 -1.5107 -1.4233  0.4299  3.1864

Columns 371 to 380
 1.9744 -0.8115  3.5131 -5.1791  1.0428  3.3662 -0.7450  2.5384 -0.2052  2.4353

Columns 381 to 390
 6.5545 -1.3302  0.7704 -2.5549 -1.3902  0.0262 -0.8552  1.9451  4.0787  3.3854

Columns 391 to 400
 0.7484  0.2317  2.3190  0.8644 -0.8433  0.5180  3.3309 -6.6551 -4.5264 -2.7253

Columns 401 to 410
 2.4044  3.7424  1.9116 -0.6781  1.2223 -0.0913 -1.6236  3.7523 -2.0179 -2.9560

Columns 411 to 420
-4.8233 -0.7815 -0.4709 -5.7935 -1.9460 -1.0746 -4.1244 -1.6121 -0.1268  3.2868

Columns 421 to 430
 1.2613 -2.5304 -1.1356  0.1203 -2.1312 -0.2459 -2.5313 -1.5822  6.1162 -0.4569

Columns 431 to 440
 0.7588 -0.1436  3.3008 -1.8890 -1.2795 -4.2034 -1.2587 -0.7680  2.9194  1.0246

Columns 441 to 450
 0.8714 -2.1824 -1.4215  3.0840  4.2053 -1.4063 -2.7982 -0.9097 -3.6677  0.3647

Columns 451 to 460
-2.8967 -0.0851  0.4686 -1.6004 -0.8137  3.6639 -1.5933 -1.3816  5.4567 -0.1493

Columns 461 to 470
 2.1957 -2.0073 -0.2139  3.1040 -0.6840  3.0411 -4.0614 -1.5725 -1.0302  1.7408

Columns 471 to 480
 2.4137  1.0489 -4.1780 -3.6994  2.8236 -0.0282  1.1592 -4.5164 -2.1678 -3.1751

Columns 481 to 490
-2.1658  0.1397 -0.6935 -3.2502 -1.2765  1.7984  3.2017  0.4741  5.2540  0.5115

Columns 491 to 500
-2.8089  0.2941 -1.0452  0.1243 -0.9721  1.2924  0.9155 -4.4262  4.3181  1.5068

Columns 501 to 510
-0.8773  1.8471  2.3757  0.1310 -2.2567  0.3406  0.6579  0.2006  4.0825 -4.2253

Columns 511 to 520
-2.4745  1.5231 -1.9234  1.2151  2.9495  5.5458  0.5532  3.3493  1.0319  3.3852

Columns 521 to 530
-3.1015  1.3528  0.2086 -2.0531 -1.6737 -0.2256 -1.1424  4.4547 -0.1420  2.7056

Columns 531 to 540
-1.3575 -5.8510  1.0151 -2.6414  1.5253 -1.5237 -2.9860  1.8253  0.9612  1.4813

Columns 541 to 550
-0.6060 -1.5406 -1.4249  1.1081 -5.9477 -0.6914  2.6231 -0.1836 -1.9473  0.1944

Columns 551 to 560
 0.7055 -1.8015 -0.5072 -4.1155 -0.5910  1.6140  2.1278  2.1531  3.0543 -3.8806

Columns 561 to 570
 0.0404 -2.3601  2.8447 -0.2131  0.8890  3.2913  5.1424  6.2001 -2.2949 -1.9471

Columns 571 to 580
 1.1250 -2.4914  1.8322 -1.0318  0.6429  0.8283  3.6479 -0.6219  1.1816 -0.4664

Columns 581 to 590
-1.9506  3.7052  2.2272  0.2370 -1.9406 -2.3446 -2.3440  1.4704 -2.5519 -1.7171

Columns 591 to 600
-0.6801  0.4509 -0.6688  1.0278 -1.6162  3.4032 -3.6130 -3.1148  0.3650 -3.1854

Columns 601 to 610
-0.5757  2.8113 -2.7179 -1.7282 -1.1974  3.7040  4.0311  1.2287  0.2576  0.9235

Columns 611 to 620
-2.1488  2.6592 -0.0329  0.1978 -0.1557 -5.3167 -1.4622 -3.5390  3.3159  0.9665

Columns 621 to 630
-4.5483  2.1999  0.3248 -0.4541 -3.1500  4.0501 -0.4821 -0.8035  0.7776 -3.2754

Columns 631 to 640
-3.2939 -2.1584  3.3429 -0.3423 -1.1284 -0.0366 -0.7979  0.1473 -5.1598  0.7690

Columns 641 to 650
 3.8163 -2.6370  3.5018 -3.1166 -1.6716  2.5499 -1.6795  2.4865 -0.2130  4.8451

Columns 651 to 660
 1.8021 -0.4511 -0.1303  1.5783  1.3420  0.4650  0.7431  0.3514  1.2457 -1.8863

Columns 661 to 670
-0.4572  1.2422  2.0937  0.9685 -3.5616 -0.9982  0.8799 -2.3087 -6.1966 -0.2856

Columns 671 to 680
 1.1267  2.4435 -3.7472  0.9897  0.3745 -1.0834 -0.9033  5.2205  0.0471  0.5436

Columns 681 to 690
-3.2411 -4.0272  1.3942  3.7870  0.5565  0.0723 -2.6137 -6.6775 -2.6892  2.2900

Columns 691 to 700
 1.1031 -1.7282 -0.0782 -1.8122  2.0668 -1.3312 -0.6610 -0.6309  0.1866  1.9651

Columns 701 to 710
-0.1104  1.9581  0.1897 -0.7535 -1.7799  0.6772 -1.4611  1.7914  0.3645 -0.9303

Columns 711 to 720
 2.2913 -2.3969 -2.3858 -0.7254 -4.5893  0.6035  2.8769 -2.6433  0.5551 -4.1223

Columns 721 to 730
-1.0135 -1.7714  0.2854 -3.3511 -1.0708 -1.6467  4.2113 -1.3960 -1.0759  2.9794

Columns 731 to 740
-4.0035 -1.1390  1.0539  0.0139 -2.6892  0.3078  3.7616  3.4975 -0.1677  1.2517

Columns 741 to 750
-1.3218 -1.7371 -2.0674 -0.9035 -3.1452  0.9318 -0.2266  1.2919  1.6041 -1.3647

Columns 751 to 760
-1.0127  0.6974 -0.7110  4.8095 -3.1938  2.2059  2.2373 -1.7026  1.6245  1.9059

Columns 761 to 770
 2.2856  0.0723  0.3125 -0.6517 -2.9484  1.4805 -0.5132 -1.1227  1.9413  2.0051

Columns 771 to 780
 2.3257  1.6089  0.5181  1.3053 -2.3923  2.8395  4.7768  1.3497 -0.6672  0.9509

Columns 781 to 790
-2.6076  2.5559 -1.3521 -2.7160  2.8677  0.7342 -2.5365  4.0971 -2.7962  3.4289

Columns 791 to 800
-0.0637 -4.5553 -0.4282 -2.2582 -0.0361 -4.8031 -0.1641  0.5793  0.1038  2.4202

Columns 801 to 810
-2.3766  2.9779  0.6791  1.1264 -1.7641  2.3101 -0.7188  0.7516  0.1117  0.8622

Columns 811 to 820
-1.7742  1.2604  1.4265  2.1354  2.9887 -0.6492  1.5304  1.2967 -0.4001  0.9128

Columns 821 to 830
 0.8573  0.5709 -0.0668 -1.8376 -0.0027 -0.4556 -0.1941  3.5654 -2.1500  1.9191

Columns 831 to 840
 2.2176 -4.8549  1.7347  2.7309 -2.7374 -4.0859  1.0191 -0.2836 -2.7753 -1.9753

Columns 841 to 850
-0.9388  0.0279  1.1186 -0.9533 -0.2393  0.4888  0.9148 -1.9574  0.8457  0.8460

Columns 851 to 860
-0.5644 -0.9253 -1.4832 -1.6818  0.1147  0.8959 -1.4519 -3.2651 -3.4000 -2.2527

Columns 861 to 870
-0.3816 -2.7002  0.5457  1.6715  0.6564  1.2773  1.8242  1.2603 -1.7224  1.6753

Columns 871 to 880
-0.0407 -1.2615  0.5770  3.8922  0.9366 -1.2268 -2.7359  5.0179  0.4349 -5.3661

Columns 881 to 890
-1.1791 -0.7587 -2.8756  0.9000  0.7809 -1.9572  1.1798 -0.9116  3.0286  0.2575

Columns 891 to 900
-2.2087  0.5842 -1.7712  0.4970 -3.4189  1.7570 -2.5398  1.6775 -0.0979 -2.6324

Columns 901 to 910
 3.2174 -0.9931  2.8467  4.7925  1.8515  1.0545  0.2272 -1.1980 -0.6036 -1.0988

Columns 911 to 920
-1.2858  2.0237  0.0554 -4.4202  0.6748 -1.8898  3.9581 -4.0282 -0.6722  0.0651

Columns 921 to 930
-1.2765 -3.3734  1.8369  0.7069 -0.9498 -2.1060 -0.7312 -2.6182 -3.5184  3.1766

Columns 931 to 940
 0.1588 -1.0284  5.4433 -6.3943 -2.5124  1.3019  1.6304  2.1196 -1.3840 -1.7624

Columns 941 to 950
 0.1162  1.1267  0.4171 -3.4031 -0.1520  1.3474 -1.3700 -2.3255  3.3963 -2.2504

Columns 951 to 960
 0.4773 -1.1057 -2.4830  2.0833 -1.9013  3.2478 -1.2060  0.5584  0.8208 -0.3862

Columns 961 to 970
-4.0512 -1.4669  1.6821  3.0344 -1.2507  2.0910  0.7494  3.2389 -1.4230  1.7463

Columns 971 to 980
-0.5092 -3.0823 -0.9740 -0.5261  1.4137  1.9552  0.1301  2.7541 -2.9391  2.8386

Columns 981 to 990
-0.7336 -0.9786  0.4200 -1.3867  3.0703 -1.3760  0.6725 -1.6529 -3.1918 -1.0002

Columns 991 to 1000
-0.5087  1.9196  2.1413 -2.9795 -3.4152  2.5645  3.1763  1.7157  2.1754  0.6528

Columns 1001 to 1010
-4.3512  1.7268  0.4385  3.0738  4.1521  1.1844  2.0690 -0.4762 -0.4904  1.0793

Columns 1011 to 1020
 2.7165 -1.5379  3.6704  0.3828 -3.1758  4.8452  0.4003 -0.1267  0.8729  3.3770

Columns 1021 to 1024
-2.7861  2.5803  0.8025  0.3263
[torch.FloatTensor of size 1x1024]

local h0	nil	x	(1,.,.) = 
 Columns 1 to 9
  1.2789 -2.2292  1.7053  0.1825  0.1105  1.0695  0.7501 -0.5230 -1.2715

Columns 10 to 18
 -0.9009 -0.4205  0.9886  1.1820 -0.5053 -0.1536 -1.5846  0.4627 -0.2697

Columns 19 to 27
 -0.7389  1.9647  1.0725  0.2607 -0.2087  0.8286  0.5671 -1.7084 -0.9668

Columns 28 to 36
  0.0740 -0.2775 -1.1054  2.7698  0.4663  0.6769  0.3032  0.2251 -0.1805

Columns 37 to 45
 -0.7646 -0.0879 -2.1591  1.0479 -1.5437 -0.1905 -0.7110 -0.4731 -0.4119

Columns 46 to 54
  0.5114  0.9119 -0.9068  0.7657 -0.1167  2.1502 -0.6900 -0.9279 -0.9009

Columns 55 to 63
  0.6329 -1.3469 -1.0391 -1.1043  0.7861 -0.9021  1.2606  1.9733 -0.4802

Columns 64 to 64
  0.1434
[torch.FloatTensor of size 1x1x64]

input_dim	64	hidden_dim	1024	
t	1	next_h	Columns 1 to 10
 0.5948  0.3090 -4.0751  1.3774 -2.0841  2.3437  0.4674  0.4674 -0.2291 -0.8112

Columns 11 to 20
 4.1919  2.3092 -0.5675  1.8950  0.9126  0.4986  2.5930  1.9766  2.8160  3.7001

Columns 21 to 30
 1.6706  2.0127  0.7469  0.7458 -0.3195 -0.9638 -2.4590 -0.4397  0.5068  3.6022

Columns 31 to 40
 1.9158 -0.2373 -0.2964 -1.3648 -1.1576 -1.6180  0.1660 -3.6227  0.2168  0.8895

Columns 41 to 50
 0.7225 -0.0824  1.8019 -1.0184 -1.7794 -0.2053  0.8202  1.5429  0.8472  2.7260

Columns 51 to 60
 4.1478  0.9903 -0.7066  0.3392  1.0436  1.7858 -1.7368 -3.0462 -1.1681  1.1160

Columns 61 to 70
-2.4444  0.3028 -2.5640 -0.0941 -0.6288 -0.9660 -2.8401  0.2549  3.1691  1.3000

Columns 71 to 80
 1.1043 -0.3728 -0.1148 -1.1727  0.3174  1.0497  0.2437  0.6398 -0.5905  0.4700

Columns 81 to 90
 0.2204  3.7109  0.6139  2.4176 -1.4532  0.6425 -0.8259  0.1411 -0.0041 -1.1437

Columns 91 to 100
 0.2376 -1.9429 -0.3742 -0.8347 -0.6094 -0.5206 -2.7198  1.5490  3.2922 -1.9405

Columns 101 to 110
-1.4367 -1.0542 -0.7393  0.9471 -0.8690 -2.9415  2.1530  1.7309 -0.8465  0.0948

Columns 111 to 120
 2.9051  1.1699 -0.3489 -0.8365  0.3438 -0.0527  2.6757 -1.0059 -1.2194 -0.9860

Columns 121 to 130
-0.4371  0.5791 -0.3644  0.8874 -1.7192 -1.2194  0.2145  2.2966  2.5831 -1.5638

Columns 131 to 140
 2.2926  2.5691  0.9621  0.1894 -1.7963 -1.6598 -1.3849  0.0549  0.3646  1.8428

Columns 141 to 150
-0.7631 -0.3531 -0.1834 -2.3023 -1.0200  1.4536 -2.0362  4.3187  1.9425 -0.8274

Columns 151 to 160
 0.7723 -1.1506  0.2555 -0.2499 -1.8518  0.7794  4.6136  3.6344 -2.4000 -2.0642

Columns 161 to 170
-1.7782 -2.6625 -2.7591 -0.5482  3.6536 -3.1176 -2.7856  1.6901  1.9435  1.4754

Columns 171 to 180
 1.6891 -0.2973 -2.3802  0.6973  3.7038 -0.3191 -3.6427 -1.2576  1.9533  0.5025

Columns 181 to 190
 1.4448  4.5653 -1.6951 -1.1000 -0.3250 -0.3669 -0.5509  1.3326  1.7061 -1.0957

Columns 191 to 200
 0.6190  1.0649  1.2881 -1.7108 -0.4179 -1.3837  0.8076 -2.7908  1.4663  1.1882

Columns 201 to 210
 2.5795  4.4728 -3.0248 -2.3799  0.9232 -3.3423  1.4980 -0.5910 -2.9680 -0.7999

Columns 211 to 220
 0.8010 -0.4573 -0.6106  3.0667  2.9244  0.3689  1.0621  0.1637 -1.1001  0.9319

Columns 221 to 230
 2.7814 -0.3691 -2.6911  2.7649  0.1272  0.8755 -0.5893 -0.2598  1.8165  2.2936

Columns 231 to 240
 2.1107 -0.7340 -1.4886 -2.2341 -0.5921  3.1271  1.3727 -1.4039  0.5942  2.6639

Columns 241 to 250
 0.7156 -2.3924 -1.7326 -1.3814  1.7663 -1.5285 -4.2834 -1.4635 -0.0333 -1.2287

Columns 251 to 260
 0.9425  0.1642 -1.4044  1.8268 -0.2487  0.8596  1.7769  1.2671 -2.1086  1.0625

Columns 261 to 270
-0.8026 -1.3778  1.5332 -1.0368 -0.2385  0.3156 -1.8337  1.8328 -0.9172 -3.2371

Columns 271 to 280
-2.7990 -0.1521  2.7611 -1.1384  1.2510  2.5528 -2.3887 -1.8296  1.5019  0.6530

Columns 281 to 290
-0.4836 -1.3332 -2.0432  1.7868  2.0379  0.7829 -0.7369  2.5779  1.6269  2.6031

Columns 291 to 300
 0.1534  0.1698  1.0245  0.2810  1.5850  1.4070 -0.5137 -0.5062  1.3316 -1.5169

Columns 301 to 310
 0.8844  0.4202  0.9768 -1.1878  1.6281 -0.8922  0.1906 -3.3016 -1.8957 -2.7583

Columns 311 to 320
-2.8214  1.9924  0.0331 -2.4294  1.7017  1.1891  3.1309  0.7344  1.5603 -2.5185

Columns 321 to 330
-1.6288  2.5415  2.0573  0.3554  1.1091 -2.7918  1.3410 -1.4609  0.6096 -0.9523

Columns 331 to 340
 1.7553  0.3527 -2.2214 -2.1181 -0.9186 -0.8061 -0.1181  2.3398 -2.7003  0.2712

Columns 341 to 350
 1.1810  4.7402  2.1905  0.9644  0.2571  1.6236 -1.6981 -0.6238  2.2606 -0.9755

Columns 351 to 360
 1.5194  0.7914 -3.7181 -0.9540 -0.4059 -2.3775  0.3252  2.7677  1.6208 -1.6958

Columns 361 to 370
-1.6423 -0.1698 -2.3456 -2.1801 -0.3416 -1.2997 -1.0006  3.1504  0.5270  0.1862

Columns 371 to 380
-1.2704 -1.1681  1.4953 -1.3929 -0.0202  0.3103  2.6146  0.3205 -3.2167 -4.3634

Columns 381 to 390
-1.3450  2.1857 -0.9197 -1.2235  0.3901  0.2635  0.9072 -0.8999  1.5508 -2.8420

Columns 391 to 400
 0.9028 -1.9079 -1.3478 -0.3679  0.8466 -0.3856 -1.3217 -1.7461  0.5658  5.1642

Columns 401 to 410
-2.2249  2.5019  1.8536 -1.3691 -1.0386  3.7029  0.1910 -2.0353  3.2423  0.9915

Columns 411 to 420
 1.3926  0.9335  2.0946 -1.3875 -0.1783 -1.5718  0.1006 -1.0190  2.5847 -0.5431

Columns 421 to 430
-1.8834 -1.1323  1.1985 -1.1851 -2.0563  0.5101  5.1092  0.2786 -1.9380 -0.3131

Columns 431 to 440
-2.7360 -0.2664 -0.1299  2.2752 -1.7342 -1.3264  2.3309  3.0340  0.6481  0.0143

Columns 441 to 450
-2.2206  1.3760 -2.0385  3.2230  2.0354  0.3664  2.2466 -2.7643  1.9964  0.6075

Columns 451 to 460
 1.2505 -0.2091  0.4796  0.0287 -1.3488  2.2320 -0.0975  4.3973 -1.0396  2.3277

Columns 461 to 470
 0.8944 -0.0350  0.4808 -2.8200  2.6690 -4.7256  1.0740  0.1092  0.4638 -0.0158

Columns 471 to 480
-0.5120 -1.2030  0.6861  0.6708  0.2786 -2.7809  0.0666 -1.5933  1.6662  0.0726

Columns 481 to 490
-1.9849 -2.0754  1.0840 -0.2422 -2.4123  0.3144 -0.2086  0.1065  0.4351 -1.9436

Columns 491 to 500
 0.3060 -1.3069  2.2203 -1.1199  2.1072 -1.6127 -0.9211  0.0721 -0.3571  1.6156

Columns 501 to 510
-1.1632  0.5473 -1.8866 -3.4260 -1.9174  0.1924 -0.6009 -1.5360  1.7986 -0.3118

Columns 511 to 520
-0.5278  1.7573 -1.1614  0.1038 -1.1302  1.5386  0.0829 -1.5252 -1.0518  3.8765

Columns 521 to 530
 1.7842 -0.4433  0.0625  1.1612 -1.7232  2.3023 -0.8857 -0.0166  0.7006 -1.2698

Columns 531 to 540
-2.0841  0.1352  1.7274  2.8901 -1.2457  4.1083 -2.0004 -2.3472 -0.2859  0.7132

Columns 541 to 550
-0.4679  0.6309  1.6322 -2.7755 -2.1946  1.1730  0.8233  2.1088  0.6453  2.4760

Columns 551 to 560
-1.3580 -0.8205  0.2936  1.2863  0.0320 -1.0889  2.6229  1.8926  2.0993 -2.2852

Columns 561 to 570
-1.4114 -0.9057 -0.5741 -1.6756  0.6907 -0.6833  2.0745  1.5602 -0.3355  1.7841

Columns 571 to 580
 2.6169  2.2511 -1.5329 -1.2305 -0.5062 -0.2016 -2.6729 -1.3251  1.6284 -0.8960

Columns 581 to 590
-1.0804 -1.6018 -1.4207  0.1698 -0.6387  0.0269  2.2730  2.4671 -1.8799 -1.6772

Columns 591 to 600
-4.6587 -2.3998 -1.4690  2.5074  0.4618 -1.2523  0.9663 -1.1750  3.9327  0.3618

Columns 601 to 610
-0.7794 -0.7917 -1.2772 -0.9873  2.1558  2.9303  0.1192 -1.5763  0.2814  1.6854

Columns 611 to 620
-4.1939 -0.3327 -1.4225  2.3563 -0.0196 -2.2533  1.4734  1.4547  1.4055  0.0151

Columns 621 to 630
-0.6304  0.0936 -4.1439  2.1670  0.3367 -1.3192 -1.7191  2.3096  0.6942  0.5835

Columns 631 to 640
 1.2345 -0.8353  1.4384 -1.9446  1.6229  0.8980  1.0634  0.3790 -0.2487 -1.1735

Columns 641 to 650
-1.5792  0.4407  0.8871  0.0992 -0.4803  0.7981  0.6805 -1.5008 -0.5719 -3.7751

Columns 651 to 660
-0.3145  0.3655  0.1069  0.3066 -2.0572 -0.5721  1.5877 -1.3705  0.3447  2.5620

Columns 661 to 670
 2.1012  0.2609 -2.6770 -0.7841  2.7175  0.0341  1.3675  0.1003  0.8319  2.9073

Columns 671 to 680
-1.4444  2.0112 -0.2891  0.2677  0.0891 -2.9355 -0.9956 -0.2832 -0.0825 -2.1154

Columns 681 to 690
-3.1959 -1.3597  3.4373  2.0714 -5.3364 -1.3550 -1.3140  2.4068  0.5163 -1.6102

Columns 691 to 700
-1.7906  4.5632 -0.0448  1.7561 -1.3792  1.5160  2.8007  0.3149 -0.6284  4.3330

Columns 701 to 710
 1.5275  1.0186 -1.6543  1.0077 -1.7553 -0.5031  0.5409  0.4286  1.4477  0.1870

Columns 711 to 720
 1.8524  1.0286 -1.9261  3.0322 -1.0063  1.7292 -0.8035  0.7415  2.8371 -0.7406

Columns 721 to 730
-1.5918 -2.0887 -1.1490 -0.7282  0.4349  2.5323 -1.5007 -0.0411 -0.3545 -2.7815

Columns 731 to 740
 2.7415  0.8205  2.8193  1.3124  0.5001 -2.6180  0.8931 -1.7990 -0.0540 -0.2901

Columns 741 to 750
 2.6919  1.7253  1.3919  1.3668  1.6482  1.6074  0.3905 -1.1569 -1.4550  0.2852

Columns 751 to 760
-0.7409  1.2147 -1.9276 -0.2693 -1.2058 -1.1342  0.1137 -3.0108 -1.2992  0.3171

Columns 761 to 770
 1.0345 -0.2282 -0.1196 -0.8831 -1.9741  3.1668  0.8138  0.2640  0.3574  0.5569

Columns 771 to 780
-3.0586  0.5374  0.5969  2.1229  0.6414 -0.5188 -2.7243 -2.4134  0.2777  1.0207

Columns 781 to 790
-1.3675 -0.9695  1.9770 -3.5992  0.6116  0.9029 -0.2126  1.8630  2.0213  0.6460

Columns 791 to 800
-0.9321 -2.0867  3.9950  3.7357  0.4612 -1.1433 -0.2329  1.1615  1.6529 -0.9237

Columns 801 to 810
 0.2528  1.4461  0.6721  3.1552  0.6378 -2.1623 -0.1335  5.6492  2.5763  0.5241

Columns 811 to 820
 2.6709 -0.4659 -0.5163 -0.3304 -0.9622 -3.4879  2.2907  0.1964  0.3968 -0.1172

Columns 821 to 830
 0.1851 -1.0395  0.7395  0.7160  0.6445 -3.6215  1.1130  0.1055  0.4968 -3.3225

Columns 831 to 840
 2.1255  0.6549 -0.5464 -3.6950  0.4590 -0.9896  0.5366 -0.3510  0.2252  2.0582

Columns 841 to 850
 0.0582 -0.3255  1.5448 -1.4262  2.1170 -1.4495  0.5561  1.3790 -1.5468  1.7127

Columns 851 to 860
 1.2106  0.7404 -0.8670 -1.7930 -3.3404 -3.8981 -0.4871  1.9847  1.0717  2.8986

Columns 861 to 870
-1.2985  0.0496  0.8892  0.3637  1.6098  2.7963 -1.5479 -1.9345  0.6458  0.3782

Columns 871 to 880
-1.6002  0.2353 -0.9660 -1.0615  2.7564 -1.0341 -0.7908  0.7857  3.0215 -0.4549

Columns 881 to 890
-1.6045  1.5946 -1.9975  0.9148 -0.8323  1.1192 -0.4134 -1.7845 -0.6541  2.4776

Columns 891 to 900
-3.4485  1.0993  1.0471  1.0857 -0.9471 -2.8337 -3.1967  0.7933 -0.0023 -0.7090

Columns 901 to 910
-1.9690  1.2900  2.0719  0.8770 -1.1113  0.4904  1.9021 -0.3761  1.8342  0.3045

Columns 911 to 920
 1.5249  3.5689 -0.7782 -1.6061 -1.4946  0.2409 -0.5352  2.1060  0.6703  0.2318

Columns 921 to 930
 1.2296  1.7992 -2.9491 -0.4313 -1.2096 -0.5552  2.3166 -0.7599 -0.2519  4.4447

Columns 931 to 940
-1.3563  0.4679 -0.8280 -0.5790 -3.0454  0.3649  1.2611 -1.0031  1.2217 -3.2739

Columns 941 to 950
 0.7379  3.8096 -0.2351  0.3309 -2.6332  0.6799 -3.8478 -2.7305  2.4425 -0.3839

Columns 951 to 960
 0.9938  3.0015 -0.3883 -1.9275 -1.4682 -0.5958 -0.4449  2.0607  1.5359  2.2904

Columns 961 to 970
 3.4103  1.5663 -3.4425  2.6402  0.0561 -2.4993  2.5893  1.0933 -0.5768  4.2169

Columns 971 to 980
 0.8831  2.5892  0.0085  0.5635 -0.0317 -0.3178  0.1334 -0.8608 -4.5283  0.6800

Columns 981 to 990
-0.1128 -0.1860 -2.7954  0.9626 -2.3887  0.7877  0.4288 -2.8494  0.9895 -1.2022

Columns 991 to 1000
 0.8155 -2.4137 -1.1647  0.6596 -3.5921  2.0526 -0.7913  2.7743 -1.0399 -0.6065

Columns 1001 to 1010
-0.7089 -1.8973 -0.3479  0.1112 -3.3287 -1.9353  0.2971  0.6408 -1.7175  0.5845

Columns 1011 to 1020
 1.0251 -1.5122  1.5112 -0.4763 -1.5712  2.2600 -0.9022 -0.3794 -0.5795  0.7671

Columns 1021 to 1024
 0.8252  0.1687 -2.6806  1.9403
[torch.FloatTensor of size 1x1024]

local h0	nil	x	(1,.,.) = 
 Columns 1 to 9
  0.5333  0.2995 -0.9994  0.8804 -0.9695  0.9817  0.4361  0.4361 -0.2251

Columns 10 to 18
 -0.6702  0.9995  0.9805 -0.5135  0.9558  0.7224  0.4610  0.9889  0.9623

Columns 19 to 27
  0.9929  0.9988  0.9316  0.9649  0.6333  0.6327 -0.3091 -0.7460 -0.9855

Columns 28 to 36
 -0.4134  0.4674  0.9985  0.9576 -0.2329 -0.2880 -0.8775 -0.8203 -0.9243

Columns 37 to 45
  0.1645 -0.9986  0.2134  0.7111  0.6185 -0.0822  0.9470 -0.7692 -0.9446

Columns 46 to 54
 -0.2025  0.6752  0.9126  0.6896  0.9915  0.9995  0.7575 -0.6085  0.3267

Columns 55 to 63
  0.7793  0.9453 -0.9399 -0.9955 -0.8237  0.8062 -0.9851  0.2939 -0.9882

Columns 64 to 72
 -0.0938 -0.5572 -0.7470 -0.9932  0.2495  0.9965  0.8617  0.8020 -0.3565

Columns 73 to 81
 -0.1143 -0.8251  0.3071  0.7817  0.2390  0.5647 -0.5303  0.4382  0.2169

Columns 82 to 90
  0.9988  0.5468  0.9842 -0.8963  0.5666 -0.6783  0.1402 -0.0041 -0.8156

Columns 91 to 99
  0.2332 -0.9598 -0.3576 -0.6830 -0.5437 -0.4781 -0.9914  0.9136  0.9972

Columns 100 to 108
 -0.9596 -0.8930 -0.7834 -0.6288  0.7385 -0.7008 -0.9944  0.9734  0.9392

Columns 109 to 117
 -0.6892  0.0945  0.9940  0.8242 -0.3354 -0.6840  0.3309 -0.0527  0.9906

Columns 118 to 126
 -0.7641 -0.8395 -0.7557 -0.4112  0.5220 -0.3491  0.7101 -0.9378 -0.8395

Columns 127 to 135
  0.2112  0.9800  0.9887 -0.9160  0.9798  0.9883  0.7452  0.1872 -0.9464

Columns 136 to 144
 -0.9302 -0.8820  0.0548  0.3493  0.9511 -0.6429 -0.3391 -0.1814 -0.9802

Columns 145 to 153
 -0.7699  0.8964 -0.9665  0.9996  0.9597 -0.6791  0.6482 -0.8180  0.2501

Columns 154 to 162
 -0.2449 -0.9519  0.6523  0.9998  0.9986 -0.9837 -0.9683 -0.9445 -0.9903

Columns 163 to 171
 -0.9920 -0.4992  0.9987 -0.9961 -0.9924  0.9342  0.9598  0.9006  0.9340

Columns 172 to 180
 -0.2888 -0.9830  0.6026  0.9988 -0.3086 -0.9986 -0.8504  0.9606  0.4641

Columns 181 to 189
  0.8947  0.9998 -0.9348 -0.8005 -0.3141 -0.3513 -0.5012  0.8699  0.9362

Columns 190 to 198
 -0.7990  0.5504  0.7875  0.8586 -0.9367 -0.3951 -0.8818  0.6683 -0.9925

Columns 199 to 207
  0.8989  0.8300  0.9886  0.9997 -0.9953 -0.9830  0.7274 -0.9975  0.9048

Columns 208 to 216
 -0.5306 -0.9947 -0.6640  0.6646 -0.4279 -0.5445  0.9957  0.9943  0.3530

Columns 217 to 225
  0.7865  0.1622 -0.8005  0.7315  0.9924 -0.3532 -0.9908  0.9921  0.1266

Columns 226 to 234
  0.7042 -0.5294 -0.2541  0.9485  0.9798  0.9711 -0.6255 -0.9031 -0.9773

Columns 235 to 243
 -0.5314  0.9962  0.8793 -0.8862  0.5329  0.9903  0.6142 -0.9834 -0.9394

Columns 244 to 252
 -0.8813  0.9432 -0.9102 -0.9996 -0.8983 -0.0333 -0.8422  0.7364  0.1628

Columns 253 to 261
 -0.8863  0.9495 -0.2437  0.6960  0.9444  0.8530 -0.9709  0.7866 -0.6655

Columns 262 to 270
 -0.8805  0.9110 -0.7766 -0.2340  0.3055 -0.9502  0.9501 -0.7246 -0.9969

Columns 271 to 279
 -0.9926 -0.1509  0.9920 -0.8139  0.8486  0.9879 -0.9833 -0.9498  0.9055

Columns 280 to 288
  0.5737 -0.4492 -0.8700 -0.9670  0.9454  0.9666  0.6544 -0.6273  0.9885

Columns 289 to 297
  0.9256  0.9891  0.1522  0.1681  0.7717  0.2738  0.9194  0.8868 -0.4729

Columns 298 to 306
 -0.4670  0.8696 -0.9082  0.7086  0.3971  0.7517 -0.8299  0.9258 -0.7125

Columns 307 to 315
  0.1883 -0.9973 -0.9559 -0.9920 -0.9929  0.9635  0.0330 -0.9846  0.9356

Columns 316 to 324
  0.8303  0.9962  0.6258  0.9155 -0.9871 -0.9259  0.9877  0.9679  0.3412

Columns 325 to 333
  0.8038 -0.9925  0.8719 -0.8978  0.5439 -0.7408  0.9420  0.3387 -0.9767

Columns 334 to 342
 -0.9715 -0.7252 -0.6674 -0.1176  0.9816 -0.9910  0.2648  0.8278  0.9998

Columns 343 to 351
  0.9753  0.7462  0.2516  0.9251 -0.9352 -0.5537  0.9785 -0.7511  0.9086

Columns 352 to 360
  0.6592 -0.9988 -0.7416 -0.3850 -0.9829  0.3142  0.9921  0.9247 -0.9349

Columns 361 to 369
 -0.9278 -0.1682 -0.9818 -0.9748 -0.3289 -0.8617 -0.7618  0.9963  0.4831

Columns 370 to 378
  0.1840 -0.8539 -0.8237  0.9043 -0.8838 -0.0202  0.3007  0.9893  0.3099

Columns 379 to 387
 -0.9968 -0.9997 -0.8729  0.9750 -0.7258 -0.8407  0.3714  0.2576  0.7198

Columns 388 to 396
 -0.7162  0.9139 -0.9932  0.7177 -0.9569 -0.8735 -0.3522  0.6893 -0.3676

Columns 397 to 405
 -0.8672 -0.9409  0.5123  0.9999 -0.9769  0.9867  0.9521 -0.8785 -0.7773

Columns 406 to 414
  0.9988  0.1887 -0.9664  0.9970  0.7580  0.8837  0.7322  0.9701 -0.8826

Columns 415 to 423
 -0.1765 -0.9173  0.1003 -0.7695  0.9887 -0.4953 -0.9548 -0.8118  0.8332

Columns 424 to 432
 -0.8291 -0.9678  0.4700  0.9999  0.2716 -0.9594 -0.3033 -0.9916 -0.2603

Columns 433 to 441
 -0.1292  0.9791 -0.9396 -0.8684  0.9813  0.9954  0.5704  0.0143 -0.9767

Columns 442 to 450
  0.8800 -0.9666  0.9968  0.9664  0.3509  0.9779 -0.9921  0.9638  0.5423

Columns 451 to 459
  0.8484 -0.2061  0.4459  0.0287 -0.8738  0.9772 -0.0972  0.9997 -0.7777

Columns 460 to 468
  0.9812  0.7135 -0.0350  0.4468 -0.9929  0.9904 -0.9998  0.7910  0.1088

Columns 469 to 477
  0.4332 -0.0158 -0.4715 -0.8346  0.5955  0.5855  0.2716 -0.9923  0.0665

Columns 478 to 486
 -0.9207  0.9310  0.0724 -0.9629 -0.9690  0.7947 -0.2375 -0.9841  0.3044

Columns 487 to 495
 -0.2056  0.1061  0.4095 -0.9598  0.2968 -0.8635  0.9767 -0.8075  0.9709

Columns 496 to 504
 -0.9236 -0.7264  0.0720 -0.3427  0.9240 -0.8221  0.4985 -0.9551 -0.9979

Columns 505 to 513
 -0.9577  0.1901 -0.5377 -0.9114  0.9467 -0.3021 -0.4837  0.9422 -0.8215

Columns 514 to 522
  0.1034 -0.8111  0.9119  0.0827 -0.9096 -0.7825  0.9991  0.9451 -0.4164

Columns 523 to 531
  0.0624  0.8214 -0.9383  0.9802 -0.7093 -0.0166  0.6047 -0.8537 -0.9695

Columns 532 to 540
  0.1343  0.9387  0.9938 -0.8471  0.9995 -0.9641 -0.9819 -0.2783  0.6127

Columns 541 to 549
 -0.4365  0.5586  0.9264 -0.9923 -0.9755  0.8252  0.6768  0.9710  0.5685

Columns 550 to 558
  0.9860 -0.8759 -0.6753  0.2854  0.8582  0.0320 -0.7965  0.9895  0.9556

Columns 559 to 567
  0.9704 -0.9795 -0.8878 -0.7191 -0.5183 -0.9323  0.5984 -0.5937  0.9689

Columns 568 to 576
  0.9155 -0.3235  0.9451  0.9894  0.9781 -0.9109 -0.8427 -0.4670 -0.1989

Columns 577 to 585
 -0.9905 -0.8680  0.9258 -0.7143 -0.7933 -0.9219 -0.8897  0.1682 -0.5640

Columns 586 to 594
  0.0269  0.9790  0.9857 -0.9545 -0.9325 -0.9998 -0.9837 -0.8994  0.9868

Columns 595 to 603
  0.4316 -0.8489  0.7471 -0.8259  0.9992  0.3468 -0.6524 -0.6594 -0.8557

Columns 604 to 612
 -0.7562  0.9735  0.9943  0.1187 -0.9180  0.2742  0.9336 -0.9995 -0.3210

Columns 613 to 621
 -0.8901  0.9822 -0.0196 -0.9782  0.9002  0.8966  0.8865  0.0151 -0.5583

Columns 622 to 630
  0.0934 -0.9995  0.9741  0.3245 -0.8666 -0.9377  0.9805  0.6007  0.5252

Columns 631 to 639
  0.8439 -0.6833  0.8934 -0.9599  0.9250  0.7153  0.7870  0.3619 -0.2437

Columns 640 to 648
 -0.8254 -0.9185  0.4143  0.7100  0.0989 -0.4465  0.6630  0.5918 -0.9053

Columns 649 to 657
 -0.5167 -0.9989 -0.3045  0.3500  0.1065  0.2974 -0.9679 -0.5169  0.9198

Columns 658 to 666
 -0.8788  0.3317  0.9882  0.9705  0.2551 -0.9906 -0.6550  0.9913  0.0341

Columns 667 to 675
  0.8781  0.1000  0.6815  0.9941 -0.8946  0.9648 -0.2813  0.2615  0.0888

Columns 676 to 684
 -0.9944 -0.7597 -0.2758 -0.0824 -0.9713 -0.9967 -0.8763  0.9979  0.9687

Columns 685 to 693
 -1.0000 -0.8752 -0.8653  0.9839  0.4748 -0.9232 -0.9458  0.9998 -0.0448

Columns 694 to 702
  0.9421 -0.8808  0.9080  0.9926  0.3049 -0.5569  0.9997  0.9100  0.7693

Columns 703 to 711
 -0.9294  0.7648 -0.9420 -0.4646  0.4937  0.4042  0.8952  0.1849  0.9520

Columns 712 to 720
  0.7734 -0.9584  0.9954 -0.7642  0.9390 -0.6660  0.6301  0.9932 -0.6295

Columns 721 to 729
 -0.9204 -0.9698 -0.8174 -0.6220  0.4094  0.9874 -0.9053 -0.0411 -0.3403

Columns 730 to 738
 -0.9924  0.9917  0.6753  0.9929  0.8649  0.4622 -0.9894  0.7129 -0.9467

Columns 739 to 747
 -0.0539 -0.2822  0.9909  0.9385  0.8836  0.8780  0.9286  0.9228  0.3718

Columns 748 to 756
 -0.8200 -0.8967  0.2777 -0.6297  0.8381 -0.9585 -0.2630 -0.8354 -0.8125

Columns 757 to 765
  0.1132 -0.9952 -0.8615  0.3069  0.7757 -0.2243 -0.1190 -0.7080 -0.9622

Columns 766 to 774
  0.9965  0.6717  0.2580  0.3430  0.5057 -0.9956  0.4910  0.5348  0.9718

Columns 775 to 783
  0.5658 -0.4768 -0.9914 -0.9841  0.2708  0.7701 -0.8781 -0.7485  0.9624

Columns 784 to 792
 -0.9985  0.5453  0.7177 -0.2094  0.9530  0.9655  0.5690 -0.7316 -0.9697

Columns 793 to 801
  0.9993  0.9989  0.4310 -0.8155 -0.2288  0.8215  0.9293 -0.7276  0.2475

Columns 802 to 810
  0.8949  0.5863  0.9964  0.5634 -0.9739 -0.1327  1.0000  0.9885  0.4809

Columns 811 to 819
  0.9905 -0.4349 -0.4748 -0.3188 -0.7452 -0.9981  0.9797  0.1939  0.3772

Columns 820 to 828
 -0.1167  0.1831 -0.7777  0.6288  0.6144  0.5679 -0.9986  0.8051  0.1051

Columns 829 to 837
  0.4596 -0.9974  0.9719  0.5750 -0.4978 -0.9988  0.4293 -0.7572  0.4904

Columns 838 to 846
 -0.3373  0.2215  0.9679  0.0581 -0.3145  0.9129 -0.8909  0.9714 -0.8956

Columns 847 to 855
  0.5051  0.8807 -0.9133  0.9370  0.8369  0.6294 -0.6998 -0.9461 -0.9975

Columns 856 to 864
 -0.9992 -0.4519  0.9629  0.7901  0.9939 -0.8613  0.0496  0.7110  0.3485

Columns 865 to 873
  0.9231  0.9926 -0.9134 -0.9591  0.5689  0.3612 -0.9217  0.2311 -0.7469

Columns 874 to 882
 -0.7862  0.9920 -0.7756 -0.6588  0.6560  0.9953 -0.4259 -0.9223  0.9209

Columns 883 to 891
 -0.9639  0.7234 -0.6817  0.8073 -0.3914 -0.9452 -0.5744  0.9860 -0.9980

Columns 892 to 900
  0.8003  0.7807  0.7953 -0.7385 -0.9931 -0.9967  0.6603 -0.0023 -0.6100

Columns 901 to 909
 -0.9618  0.8591  0.9688  0.7049 -0.8045  0.4545  0.9564 -0.3593  0.9502

Columns 910 to 918
  0.2954  0.9095  0.9984 -0.6517 -0.9226 -0.9042  0.2363 -0.4894  0.9708

Columns 919 to 927
  0.5852  0.2277  0.8425  0.9467 -0.9945 -0.4064 -0.8366 -0.5044  0.9807

Columns 928 to 936
 -0.6410 -0.2467  0.9997 -0.8755  0.4365 -0.6794 -0.5219 -0.9955  0.3495

Columns 937 to 945
  0.8514 -0.7629  0.8402 -0.9971  0.6279  0.9990 -0.2308  0.3193 -0.9897

Columns 946 to 954
  0.5914 -0.9991 -0.9915  0.9850 -0.3661  0.7590  0.9951 -0.3699 -0.9585

Columns 955 to 963
 -0.8992 -0.5340 -0.4177  0.9681  0.9114  0.9797  0.9978  0.9164 -0.9980

Columns 964 to 972
  0.9899  0.0560 -0.9866  0.9888  0.7981 -0.5203  0.9996  0.7080  0.9888

Columns 973 to 981
  0.0085  0.5106 -0.0317 -0.3075  0.1326 -0.6966 -0.9998  0.5915 -0.1123

Columns 982 to 990
 -0.1839 -0.9926  0.7454 -0.9833  0.6571  0.4043 -0.9933  0.7571 -0.8343

Columns 991 to 999
  0.6726 -0.9841 -0.8226  0.5781 -0.9985  0.9676 -0.6592  0.9922 -0.7778

Columns 1000 to 1008
 -0.5417 -0.6100 -0.9560 -0.3345  0.1107 -0.9974 -0.9592  0.2887  0.5654

Columns 1009 to 1017
 -0.9376  0.5259  0.7719 -0.9073  0.9072 -0.4432 -0.9172  0.9785 -0.7174

Columns 1018 to 1024
 -0.3622 -0.5223  0.6452  0.6779  0.1671 -0.9907  0.9596
[torch.FloatTensor of size 1x1x1024]

input_dim	1024	hidden_dim	1024	
t	1	next_h	Columns 1 to 10
-0.4164  2.3338  0.2875 -3.8905 -4.8192  3.5227 -2.8220 -2.8048  2.8658  3.0963

Columns 11 to 20
-2.9459  0.5235 -2.3460  1.7404 -6.6248 -0.0644  8.4151 -1.9708 -2.2334  1.2886

Columns 21 to 30
-1.2829 -0.8698  2.0061  0.1931 -0.0428  6.6452 -0.1517 -0.9318  5.1914  1.1097

Columns 31 to 40
 1.5040  0.2988  5.3718  2.3055 -7.3913  1.9254  0.3819  3.4166 -0.4573  2.8009

Columns 41 to 50
 0.1193 -2.5043 -0.5880  1.7094  1.2856 -3.4299 -4.0894 -2.6507  4.5670 -3.5745

Columns 51 to 60
-7.2130 -4.3076  2.7784 -0.2642 -0.3386  2.1530  5.9212 -0.8464 -1.0485  4.9242

Columns 61 to 70
 0.5782  0.3246 -2.5578 -0.5933 -0.1788  0.0729 -2.7216  2.5834  3.2179 -2.4853

Columns 71 to 80
-3.5306  6.9928 -1.2266 -0.6814  4.7562 -5.7393 -1.7805  0.0774  1.0557 -3.3150

Columns 81 to 90
-5.4701  3.8056  3.7930 -4.2870  4.9956  2.0678  0.8586 -1.1160 -3.3108  1.1043

Columns 91 to 100
-0.2421 -0.7925 -4.2988  0.6677  0.7845  0.1220 -4.3360 -0.6196  3.0493 -1.8623

Columns 101 to 110
 2.9658 -1.1207 -4.8426 -2.3963 -5.9602  1.4508 -4.3316  1.6569  0.7938  3.1261

Columns 111 to 120
 1.6167  0.3095  3.5976  0.5822  3.3867  4.1700 -1.5681  0.8575  2.6764 -2.3081

Columns 121 to 130
-0.6126 -0.7280 -3.1948 -1.3895  4.4384 -3.2538 -3.0900  0.5945  4.9421  3.0640

Columns 131 to 140
 3.0583  1.2704 -5.4754  3.8842 -1.8604 -3.2827 -0.5956  3.4649  0.5391 -0.1004

Columns 141 to 150
 1.1899  3.9330 -1.6593 -2.5228  1.1113  6.0976  0.3746  2.3060 -1.1950 -1.2890

Columns 151 to 160
 3.1969  4.8913 -0.4600 -0.2289 -6.3994  3.1894 -0.5879  4.2724 -1.2637  2.8566

Columns 161 to 170
-1.6197 -0.9627 -0.7003 -1.1855 -0.8388 -4.1102 -2.7590 -1.8384 -0.4792  3.9951

Columns 171 to 180
-0.7937 -0.6728  3.7935  0.1697 -1.9795  4.9212  1.7586 -0.9267 -6.5524 -4.0716

Columns 181 to 190
 5.0942  1.7873  1.5229  0.8569 -4.0689  2.9314  0.2538 -2.9081  2.5682 -1.4949

Columns 191 to 200
-3.3851 -0.8186 -2.1670  3.6329 -0.2406  3.2538 -3.6308  1.6078  2.6933 -2.1253

Columns 201 to 210
-2.4632  2.2611  5.1534  3.2241 -0.1175  2.5405  5.7626  1.3453  2.4933 -1.5778

Columns 211 to 220
 3.0767 -1.7030  5.8595  1.9473 -2.5728 -5.4985 -1.3274  0.1083  5.3052  0.8971

Columns 221 to 230
-1.1255  0.1978 -2.9566  0.1784  2.9115  2.9636 -1.9050  4.1552 -4.7096 -5.5828

Columns 231 to 240
-1.4218 -0.7659  7.6733 -2.2730 -1.0847  1.6728  7.3477  2.1522  1.6638  4.6569

Columns 241 to 250
-3.4423  3.8480 -0.2772 -2.1621  1.3201  5.6897 -0.2846 -1.5503  3.9791 -3.6255

Columns 251 to 260
 0.0754  1.5325  0.9656 -2.8212  6.1431  0.7293  0.1629  3.0672 -2.5635 -5.6929

Columns 261 to 270
-3.5895 -1.7314 -5.3146 -4.8579  2.7253  2.7165 -0.1747  3.9235 -0.4534  4.0289

Columns 271 to 280
 0.0159  0.2809  1.4837  0.0051 -3.0867  7.2742 -1.5372 -1.2865  1.1228  0.9679

Columns 281 to 290
 0.8771 -4.1409  1.1476  0.7577 -0.0195  1.5567 -0.5257  2.2128  5.7464  1.3981

Columns 291 to 300
 0.4830 -0.3488  1.3858 -3.1608 -2.6451 -0.2749 -4.4475 -4.5326 -1.3906 -1.8874

Columns 301 to 310
 2.7123  2.9773 -0.5287  4.1317 -2.5569 -1.1956  2.5515 -1.3288  2.0956 -4.8762

Columns 311 to 320
 3.3830  2.9625  2.0274 -3.3039  0.3676 -1.4072  0.0713  1.7563  0.1367 -0.4151

Columns 321 to 330
 1.1938  5.0979 -3.7631  1.0720  2.9026  4.4697  1.2201  0.6174  2.5953  4.8275

Columns 331 to 340
 0.8945 -0.2766 -4.9289  0.5911 -3.7632  1.6311  0.0353  7.7919  1.4884 -0.9265

Columns 341 to 350
-5.6563  0.9204  3.2839 -0.4504  3.2709  5.0952 -4.3071  4.5525  1.5606  0.5560

Columns 351 to 360
 0.6663  1.7495  3.1557  1.9612 -3.0518 -3.6377  2.4724 -2.2319  3.3159  1.1143

Columns 361 to 370
 1.9488 -3.1423  3.1912 -0.8821  1.3784  2.3973 -1.5508  4.3632 -1.7169  1.0840

Columns 371 to 380
 3.2679 -0.9295 -4.4620 -3.3081  1.6842 -0.4587 -1.2234  2.9277  4.4981  0.3317

Columns 381 to 390
 2.4440  2.2773  1.7842 -1.2406  2.3522 -2.9811  0.4067  3.3056 -0.0306 -3.3645

Columns 391 to 400
-3.1969 -0.0019 -3.7546 -3.7121 -1.8706 -4.1516  5.5904 -4.7205  1.0073  0.2072

Columns 401 to 410
 1.7071  1.5404 -3.8375  1.6800 -3.5302  0.9718 -3.4738  2.8969 -0.9030 -3.8210

Columns 411 to 420
-0.5188  0.1200 -3.5970  1.5579  3.2415 -5.0794 -2.8399 -0.3174  0.7664  3.3246

Columns 421 to 430
 3.7144  0.3921 -1.6463 -5.5408 -2.8743  5.8699  1.4641 -1.9541 -0.9224 -4.0754

Columns 431 to 440
 6.3783  0.3053 -0.2697 -1.5978 -1.8407  0.8054 -5.9844 -1.9071 -0.6427  3.3677

Columns 441 to 450
-2.6886  0.3074 -0.3078  3.4421 -4.3816  0.1708 -0.0465 -0.8459  2.6480 -2.6817

Columns 451 to 460
-2.0636  0.4777  2.6536  3.6064  2.1245 -1.8342  2.0109  0.9402 -1.1095 -2.6013

Columns 461 to 470
-1.3428 -3.3589  1.5599 -7.3670 -0.3272  2.1848  0.6023  2.0830  2.0519  1.8720

Columns 471 to 480
 2.3833  4.9445 -0.9361  1.4075 -0.5164 -6.7680 -6.5620  4.2697  0.7606  6.1071

Columns 481 to 490
 4.8074  6.7499 -0.9824 -0.0805 -1.4201  5.4912  1.6684  1.6152 -0.9393 -2.3989

Columns 491 to 500
 3.4867  2.0938  1.7399  3.1410  2.6500 -0.8651 -2.4062  2.5145 -3.5239  1.4334

Columns 501 to 510
 3.5838 -1.3545  4.2233  1.1463  0.2461  0.2196  1.3204  3.5696  1.9534 -0.6034

Columns 511 to 520
-0.2280 -0.3751  1.0102 -2.9669 -2.5929 -1.6172 -0.2054 -1.2143 -2.1218 -3.7082

Columns 521 to 530
-0.2341 -0.4333 -4.4816 -3.1934  2.5024  1.1573  0.8171 -1.6401  4.8866 -0.7976

Columns 531 to 540
-0.0260  4.6723  1.3594 -2.5902 -0.2157 -3.5546 -2.5751 -1.5081  4.7736 -1.8969

Columns 541 to 550
-1.8353 -2.8194  2.0710  0.1938 -4.1943  5.3512  2.6403  4.1223 -5.2224 -0.9349

Columns 551 to 560
 6.4179 -5.5094  5.4104  3.7297  2.0021  5.4920  2.4824  1.6410 -1.7068 -3.2395

Columns 561 to 570
-3.7023 -1.5634 -1.9924  2.3090 -3.9996 -0.3930  1.1888 -5.8116  0.6290  0.6366

Columns 571 to 580
 0.9236  0.0076 -1.0063  8.2536  0.3976 -3.7986  1.8008 -0.9648  1.2657  0.2333

Columns 581 to 590
 0.5561 -5.0789  2.0660 -2.5989 -0.1429  0.8562 -5.6612  1.6174  5.1154 -3.2724

Columns 591 to 600
 4.1404 -2.8816  2.0203  1.9761  0.6803 -4.0140  6.3661  1.6292  2.3613  3.9182

Columns 601 to 610
-7.5812 -1.2804  0.2908  1.9367  2.3422 -1.0988  2.4705 -1.2413  1.0779  2.5053

Columns 611 to 620
-0.1147  5.9085  0.3792 -2.9761 -1.7275  3.2447 -2.0932  0.0835 -3.1485  2.0357

Columns 621 to 630
-4.0615  5.7753 -0.7630 -3.0557  0.9557  4.4866 -5.9110  6.3199 -1.8680 -0.2188

Columns 631 to 640
-4.1565 -0.3863  1.5458  2.0624  2.7041 -0.8352 -2.3432 -1.4162 -7.0736 -0.7352

Columns 641 to 650
 3.7491  2.4781  1.2063 -9.2944  4.1904 -4.4510  4.6981 -1.7556  1.4229 -1.1519

Columns 651 to 660
 1.1305 -1.3626 -2.7974  1.5920  2.0406  1.8810  3.7750 -2.0797  6.1916  3.1026

Columns 661 to 670
-0.6995  5.1802  5.4084  0.6329  1.2252 -3.3449 -4.4560  1.6549 -4.3380 -1.3527

Columns 671 to 680
-2.9688 -0.4407 -0.2307  2.1308 -2.7795 -7.7542  4.8597  2.1549  1.6005  1.5106

Columns 681 to 690
 5.6810  2.1580  1.6672  4.9627 -2.7893  1.4294 -1.7719 -4.4966 -1.7683 -4.2027

Columns 691 to 700
 0.3598  0.2853 -0.2305 -3.9901 -1.4198 -3.6330  2.7794 -9.0779 -7.2586 -3.8460

Columns 701 to 710
-0.6108  8.3095  1.2555 -4.2604  0.1429  1.3679  1.4951 -9.0589 -1.4877  0.9456

Columns 711 to 720
-1.5084  3.2312  2.4950 -2.6205  0.4289 -1.6402  0.2932 -0.7365 -2.0126  2.8622

Columns 721 to 730
 1.9877 -0.0951 -2.2956 -3.6311  2.7441 -1.6906 -0.6086  5.0891 -0.4691  4.4327

Columns 731 to 740
-6.1720  0.1472 -3.1193  2.3321  5.7276 -0.6566  4.2282  0.4868 -2.1721 -4.7703

Columns 741 to 750
 3.9304 -0.2888 -3.1895 -3.2185  0.0472 -2.8076 -2.2939 -3.4624 -1.8561 -1.2452

Columns 751 to 760
 2.3650  0.1040  6.3473 -1.5245 -0.4658  0.3236 -1.4995  0.0383 -4.9990 -1.1838

Columns 761 to 770
 2.7495 -1.0526  0.3587  4.9814  3.1613 -0.3271  1.1901 -0.2123  0.3110 -0.8755

Columns 771 to 780
 8.3344 -0.6327 -1.5780  4.7495  2.6205  4.4445  4.2101  5.4709 -0.7059  4.4014

Columns 781 to 790
 3.6756  8.6511 -4.6210 -3.1565  2.4723 -2.9121  1.0217  6.2220 -0.9526 -2.0267

Columns 791 to 800
 2.2145 -3.6393  0.1504  1.3914  3.7730 -2.6297 -2.7922  2.4439 -0.1070  4.9873

Columns 801 to 810
 0.0616 -1.4594 -5.9782  0.6574  0.0949  0.6576 -0.5173 -5.6006  0.7171  1.9984

Columns 811 to 820
-0.0450  6.6545 -0.0989  2.2028 -3.0076 -2.5226 -1.0009 -3.8177  2.6747  5.4379

Columns 821 to 830
 3.0818 -1.6246 -1.5434  8.8994 -7.8879 -3.0364 -0.5630  2.2027  5.2879  1.1046

Columns 831 to 840
-3.3062 -2.7109  0.2759 -1.4779  0.4851 -3.7057  0.1459 -5.0255 -0.9128 -4.8569

Columns 841 to 850
 2.7526  0.7414  1.4933  3.4652 -5.2283  1.2347 -2.5507  1.6732 -2.3404 -2.3777

Columns 851 to 860
 6.2679  3.4593  0.0549 -0.8895 -3.0943  2.6901 -2.7163 -1.1368 -1.1566  1.0914

Columns 861 to 870
-1.0345  5.8580 -0.5790 -2.4541 -0.5217  1.9643  2.3611  1.9412  1.9053 -1.8265

Columns 871 to 880
-0.6342 -1.4273 -0.7027  0.3490  7.8987  0.5945  2.1751  5.2990 -0.2769 -0.2508

Columns 881 to 890
-0.3435  3.5199 -6.9553  7.1354  1.9161 -0.2998 -2.5312 -7.2475  2.8420 -2.8784

Columns 891 to 900
-3.4924 -0.9392 -0.2619  0.4497  3.1975  1.4182 -1.0553 -5.8774  3.8138  0.5634

Columns 901 to 910
-1.1022  1.4789  3.6247  0.5489  2.5113 -1.3728 -0.0152 -1.6928  6.0273  2.9921

Columns 911 to 920
-4.6888 -3.5455  0.4722 -4.8795 -4.9778 -1.9946  0.5259 -0.9026 -2.2595 -1.0140

Columns 921 to 930
-0.4770  1.3669 -1.4511  2.8592 -3.8528 -2.3877  1.6485 -0.1865  1.7421 -0.5263

Columns 931 to 940
-1.3759 -4.2720  0.4764  1.1774 -1.8537  5.6463  1.3110 -1.2152 -2.9613  2.4804

Columns 941 to 950
 3.6862 -3.9046  1.3033  1.9437  1.1925 -5.2710 -7.7999 -1.4409 -0.9122  2.1601

Columns 951 to 960
-1.5912 -5.5727  0.9115 -6.3212  2.8925  0.7802 -0.9105  3.3254 -2.0351  6.8446

Columns 961 to 970
 1.4779 -6.6712 -7.6132  0.7909 -3.4123 -1.4250  2.7107  1.2503 -1.6187  0.9426

Columns 971 to 980
-0.8129 -0.7022  0.5969  2.3927 -2.3357 -1.2405 -0.6058  1.4320  4.9298  2.5720

Columns 981 to 990
 2.5604 -2.0916  4.7670 -4.9934 -0.1182 -0.6603  3.0829 -1.6985 -7.7564  2.5277

Columns 991 to 1000
 0.8109  5.7712  2.8059 -2.7334 -2.4667  4.0718 -4.6124  5.1606  0.3874 -1.3052

Columns 1001 to 1010
 2.1962  2.9997 -3.5865 -0.0343  7.7303 -0.8270 -0.5142 -2.6941  2.0344  2.9126

Columns 1011 to 1020
-2.5540  3.8036 -2.2917  0.4161  1.7741  2.8303 -4.2680  3.9155 -0.3348 -1.1626

Columns 1021 to 1024
-2.3824  1.3243 -1.1135  6.6934
[torch.FloatTensor of size 1x1024]

by	
