(195) next_char	 21
(195) next_char	 24
(195) next_char	 6
(195) next_char	 29
(195) next_char	 9
(195) next_char	 5
(195) next_char	 6
(195) next_char	 14
(195) next_char	 15
(195) next_char	 3
(195) next_char	 6
(195) next_char	 5
(195) next_char	 23
(195) next_char	 9
(195) next_char	 25
(195) next_char	 6
(195) next_char	 20
(195) next_char	 10
(195) next_char	 19
(195) next_char	 12
(195) next_char	 49
(195) next_char	 23
(195) next_char	 20
(195) next_char	 10
(195) next_char	 6
(195) next_char	 4
(195) next_char	 16
(195) next_char	 9
(195) next_char	 9
(195) next_char	 5
(195) next_char	 6
(195) next_char	 4
(195) next_char	 15
(195) next_char	 6
(195) next_char	 29
(195) next_char	 15
(195) next_char	 10
(195) next_char	 41
(195) next_char	 24
(195) next_char	 6
(195) next_char	 14
(195) next_char	 15
(195) next_char	 3
(195) next_char	 6
(195) next_char	 34
(195) next_char	 15
(195) next_char	 25
(195) next_char	 9
(195) next_char	 24
(195) next_char	 6
(195) next_char	 5
(195) next_char	 23
(195) next_char	 9
(195) next_char	 6
(195) next_char	 41
(195) next_char	 15
(195) next_char	 19
(195) next_char	 4
(195) next_char	 6
(195) next_char	 43
(195) next_char	 9
(195) next_char	 6
(195) next_char	 20
(195) next_char	 6
(195) next_char	 41
(195) next_char	 22
(195) next_char	 29
(195) next_char	 14
(195) next_char	 9
(195) next_char	 19
(195) next_char	 12
(195) next_char	 36
(195) next_char	 2
(195) next_char	 5
(195) next_char	 23
(195) next_char	 6
(195) next_char	 5
(195) next_char	 23
(195) next_char	 20
(195) next_char	 5
(195) next_char	 6
(195) next_char	 16
(195) next_char	 15
(195) next_char	 25
(195) next_char	 9
(195) next_char	 6
(195) next_char	 29
(195) next_char	 15
(195) next_char	 3
(195) next_char	 19
(195) next_char	 24
(195) next_char	 6
(195) next_char	 5
(195) next_char	 23
(195) next_char	 20
(195) next_char	 5
(195) next_char	 6
(195) next_char	 9
(195) next_char	 32
(195) next_char	 9
(195) next_char	 10
(195) next_char	 6
(195) next_char	 21
(195) next_char	 15
(195) next_char	 22
(195) next_char	 3
(195) next_char	 6
(195) next_char	 14
(195) next_char	 2
(195) next_char	 3
(195) next_char	 18
(195) next_char	 23
(195) next_char	 24
(195) next_char	 12
(195) next_char	 49
(195) next_char	 23
(195) next_char	 20
(195) next_char	 5
(195) next_char	 6
(195) next_char	 23
(195) next_char	 9
(195) next_char	 3
(195) next_char	 9
(195) next_char	 6
(195) next_char	 43
(195) next_char	 9
(195) next_char	 6

by, let for them and
Than sweet so long, for Rome, the gods be a gulfed
With that wome lord, that even your firch,
That here be 	
