Running in CPU mode	
tokenTable[	1	] = 	F	
tokenTable[	2	] = 	i	
tokenTable[	3	] = 	r	
tokenTable[	4	] = 	s	
tokenTable[	5	] = 	t	
tokenTable[	6	] = 	 	
tokenTable[	7	] = 	C	
tokenTable[	8	] = 	z	
tokenTable[	9	] = 	e	
tokenTable[	10	] = 	n	
tokenTable[	11	] = 	:	
tokenTable[	12	] = 	
	
token	10	
tokenTable[	13	] = 	B	
tokenTable[	14	] = 	f	
tokenTable[	15	] = 	o	
tokenTable[	16	] = 	w	
tokenTable[	17	] = 	p	
tokenTable[	18	] = 	c	
tokenTable[	19	] = 	d	
tokenTable[	20	] = 	a	
tokenTable[	21	] = 	y	
tokenTable[	22	] = 	u	
tokenTable[	23	] = 	h	
tokenTable[	24	] = 	,	
tokenTable[	25	] = 	m	
tokenTable[	26	] = 	k	
tokenTable[	27	] = 	.	
tokenTable[	28	] = 	A	
tokenTable[	29	] = 	l	
tokenTable[	30	] = 	S	
tokenTable[	31	] = 	Y	
tokenTable[	32	] = 	v	
tokenTable[	33	] = 	?	
tokenTable[	34	] = 	R	
tokenTable[	35	] = 	M	
tokenTable[	36	] = 	W	
tokenTable[	37	] = 	'	
tokenTable[	38	] = 	L	
tokenTable[	39	] = 	I	
tokenTable[	40	] = 	N	
tokenTable[	41	] = 	g	
tokenTable[	42	] = 	;	
tokenTable[	43	] = 	b	
tokenTable[	44	] = 	!	
tokenTable[	45	] = 	O	
tokenTable[	46	] = 	j	
tokenTable[	47	] = 	V	
tokenTable[	48	] = 	-	
tokenTable[	49	] = 	T	
tokenTable[	50	] = 	H	
tokenTable[	51	] = 	E	
tokenTable[	52	] = 	U	
tokenTable[	53	] = 	D	
tokenTable[	54	] = 	P	
tokenTable[	55	] = 	q	
tokenTable[	56	] = 	x	
tokenTable[	57	] = 	J	
tokenTable[	58	] = 	G	
tokenTable[	59	] = 	K	
tokenTable[	60	] = 	Q	
tokenTable[	61	] = 	&	
tokenTable[	62	] = 	Z	
tokenTable[	63	] = 	X	
tokenTable[	64	] = 	3	
tokenTable[	65	] = 	$	
Seeding with: "b"	
(175) encoded start_text	 43
[torch.LongTensor of size 1x1]

(178) scores	(1,.,.) = 
 Columns 1 to 8
   2.8972   9.8401  14.8164   4.4572  -6.2972  -5.0602   1.7970  -5.4143

Columns 9 to 16
  16.6576 -29.7984   2.6448 -27.1680   1.0438  -7.4601  14.0836  -4.0106

Columns 17 to 24
  -3.5271 -13.5805  -7.3912   9.0212  17.7231  12.6446  -2.2073   6.5198

Columns 25 to 32
  -7.0321 -10.6736   2.2623  -8.5604  15.6509   9.6664  -7.7643  -8.6509

Columns 33 to 40
  -0.9031  15.1456  -2.4357  -9.0572  -7.8541  13.9269 -18.9223   3.0751

Columns 41 to 48
  -7.7979  -0.6824  11.6833   3.0683 -10.0709  11.2732   4.8322 -11.1430

Columns 49 to 56
   3.7066  -7.3626  -4.5643  15.9740  -8.3526   3.3034  -7.5463  -0.3594

Columns 57 to 64
  -4.8382   7.2657  -7.2548  -3.4258   2.1750  -5.0728   6.5823  -3.6891

Columns 65 to 65
  -5.9385
[torch.FloatTensor of size 1x1x65]

(195) next_char	 21
[torch.LongTensor of size 1x1]

(200) scores	(1,.,.) = 
 Columns 1 to 8
  -4.9275   0.5012   4.0724   2.2403   1.1584  17.0943  -8.0742  -1.9490

Columns 9 to 16
  -2.2537 -17.3483  13.2665  14.4947  -5.0842   3.2428   0.4264   3.7855

Columns 17 to 24
 -17.6823   2.8222  -3.7482  16.6994  -1.7720  -0.5870  -6.4450  17.6368

Columns 25 to 32
  -6.5324  -7.8779  15.4414  -2.5400  -6.3748  -1.6064  -8.8492  -8.0111

Columns 33 to 40
  15.1484  -8.3600 -16.9599  -1.1901   9.1486 -12.7302  -6.4461  -5.7154

Columns 41 to 48
  -6.6540  13.8906   0.1498  12.6032  -1.1521  -9.7104  -9.1185  12.4641

Columns 49 to 56
 -11.0602  -0.7046  -0.6651  -6.9471  -5.3248  -5.2475  -4.8197   2.5240

Columns 57 to 64
 -10.1961 -15.0101  -9.5289 -13.0845  -4.5209  -0.9349  -1.6494  -2.0139

Columns 65 to 65
  -2.2648
[torch.FloatTensor of size 1x1x65]

(195) next_char	 24
[torch.LongTensor of size 1x1]

(200) scores	(1,.,.) = 
 Columns 1 to 8
  -0.6362  -2.6666   9.2887   4.4216   3.3376  33.7014  -7.4605  -2.3056

Columns 9 to 16
 -22.6549   9.1391  11.1704  27.3221  -7.2548  -6.9447 -13.6554  -0.3578

Columns 17 to 24
  -8.0434  -1.6464  -7.9486  -6.3080 -13.0182 -11.9486  -5.7870   7.0143

Columns 25 to 32
  -1.5861  -1.6574   9.1914   1.5965 -14.9365   8.2751 -10.0519  -9.7432

Columns 33 to 40
   8.6276  -5.9210   0.8307  -0.5866  16.6531  -5.6821  -5.9289  -2.7345

Columns 41 to 48
  -4.3794  10.9868  -0.8801   8.0467  -3.2323   0.4490   1.7026  12.4815

Columns 49 to 56
   2.9217   8.6924   0.2721  -4.7305  -1.5887  -3.3595  -6.3044   0.8222

Columns 57 to 64
  -0.6597  -6.5779  -4.9800 -14.0273  -9.1435   3.4944  -2.6462   3.2862

Columns 65 to 65
   0.2276
[torch.FloatTensor of size 1x1x65]

(195) next_char	 6
[torch.LongTensor of size 1x1]

(200) scores	(1,.,.) = 
 Columns 1 to 8
   3.5960   8.6697  -0.3778   0.9748  14.1188 -31.6931   0.6172  -3.8203

Columns 9 to 16
  -8.6135  -2.7244  -8.4488 -24.7022   6.0615   2.6474   7.5869   8.3380

Columns 17 to 24
  -0.9798 -11.0813   0.6074  11.5224  10.0752  -4.3025   1.6860 -16.1091

Columns 25 to 32
   1.4071  -0.0294 -22.9688   5.2184  15.7400   4.9724   4.6135  -1.7694

Columns 33 to 40
 -24.1389   8.6046  10.1314   4.9401  -4.0276   8.1196   8.5465   2.8235

Columns 41 to 48
  -0.8768 -14.4429   9.5433 -18.8843   7.1807   1.4460   7.2049 -14.0901

Columns 49 to 56
   2.4858   8.0150   5.1004   2.3758   4.6372   7.9005  -3.7718  -9.5258

Columns 57 to 64
   5.2509  10.1633   5.9426   5.7157   5.2078 -10.0160  -2.3107  -7.4217

Columns 65 to 65
  -9.1874
[torch.FloatTensor of size 1x1x65]

(195) next_char	 29
[torch.LongTensor of size 1x1]

(200) scores	(1,.,.) = 
 Columns 1 to 8
  -8.7960  19.7490  -5.2248  -1.8374  -9.9750  -8.5836  -5.6586  -6.9804

Columns 9 to 16
  24.6520 -14.2934  -4.3336  -1.9598   2.4205   5.3407  19.0948  -5.6211

Columns 17 to 24
   1.9942  -7.6826   0.4321  21.8141   9.7082   9.9283  -3.2216  -7.1156

Columns 25 to 32
  -9.8051  -8.2830  -0.9546   1.2736   4.0867 -14.8927  -5.5310   5.0955

Columns 33 to 40
 -10.9939   1.9609 -13.7287  -9.0935  -0.9357  -2.4927   4.4036 -10.2957

Columns 41 to 48
  -0.4447  -2.8841  -6.4552  -2.8867   4.9337  -0.8677   1.5756  -4.4743

Columns 49 to 56
  -5.4861 -11.4637 -10.3402   5.3890  -3.2191  -1.8115  -0.2591  -3.2154

Columns 57 to 64
  -7.0851  -3.2096 -12.7752   0.8200  -6.2386  -7.5758  -6.4280  -1.9547

Columns 65 to 65
 -11.9792
[torch.FloatTensor of size 1x1x65]

(195) next_char	 9
[torch.LongTensor of size 1x1]

(200) scores	(1,.,.) = 
 Columns 1 to 8
 -14.8713   6.5233   3.3398   2.3571  18.8456   0.0186  -8.0330   0.2811

Columns 9 to 16
   9.9163   4.1913  -1.4317   0.8355 -11.0846   5.6412  -7.0121   9.0857

Columns 17 to 24
   5.6797   7.5560   9.4246  11.8853   0.7847 -19.2310  -4.5489 -10.3726

Columns 25 to 32
   0.0994   6.9530  -4.7815  -9.9139  -0.3051 -11.3601 -11.3593   7.6911

Columns 33 to 40
  -0.7149 -12.8964 -15.8904  -6.3219   0.5004  -6.4606  -3.9695 -10.0551

Columns 41 to 48
  -1.4689   0.3377   6.3398  -5.3859 -13.7296   4.9856 -10.0849   1.6860

Columns 49 to 56
 -12.6754 -14.2154   0.6080  -1.8907  -6.3827 -12.2210   5.7867   5.6057

Columns 57 to 64
  -8.6609  -7.6421  -7.2146  -6.2755 -15.0060  -7.0969  -8.6786  -5.0142

Columns 65 to 65
  -9.6806
[torch.FloatTensor of size 1x1x65]

(195) next_char	 5
[torch.LongTensor of size 1x1]

(200) scores	(1,.,.) = 
 Columns 1 to 8
  -8.0846   3.3305   7.1962   4.1018  11.0545  17.1354 -13.8915   2.8193

Columns 9 to 16
  -1.1196  -7.1326  11.4717   9.1256  -6.4225  -5.0655  -9.2785   8.8214

Columns 17 to 24
  -0.1178   7.8176  -7.1884  -3.6365   1.0515  -4.1347  10.0989   2.4196

Columns 25 to 32
   3.9919  -9.7662  10.3138  -7.7664 -10.1564 -12.6540  -4.3457  -2.0036

Columns 33 to 40
   4.8729  -4.1260  -8.7944  -6.1958   8.3381 -11.4187 -11.3002  -4.4440

Columns 41 to 48
  -0.0481   7.1054  -0.2298   3.5040  -6.2830  -3.2536  -4.6282   6.3593

Columns 49 to 56
  -3.1828  -1.8661 -15.4110 -16.0117 -16.1006  -6.0574  -1.4611  -2.2501

Columns 57 to 64
  -9.4051 -11.7793 -12.2005 -14.4828  -9.0697   0.9564  -0.0837  -7.3009

Columns 65 to 65
  -3.5902
[torch.FloatTensor of size 1x1x65]

(195) next_char	 6
[torch.LongTensor of size 1x1]

(200) scores	(1,.,.) = 
 Columns 1 to 8
   3.7933   8.3174  -7.2503   9.9884  14.4267 -39.9794   0.5527   2.8876

Columns 9 to 16
   2.5715  -3.4564 -21.6526 -35.1340   4.4012  16.8794   0.3327  -2.3561

Columns 17 to 24
   6.7509  -1.2254   5.7739   9.7474   3.8911  16.1341  12.1871 -28.5880

Columns 25 to 32
   8.5101  -0.4331 -23.8523   0.4379   4.0242   5.1445   6.8913  -3.8527

Columns 33 to 40
 -23.2840   8.8419   3.9700   3.4666   7.8494   3.7727   8.5426   2.2355

Columns 41 to 48
   0.3504 -17.5047   6.7408 -16.9545  -0.3624   5.3832  -0.0260 -16.9101

Columns 49 to 56
   5.3430   5.3784   0.6292   2.3739   3.4433   0.1805   4.9671  -8.9753

Columns 57 to 64
   5.9671  10.0907   3.1231   4.7250  -8.1061 -16.2845  -0.2366 -10.0937

Columns 65 to 65
 -10.8239
[torch.FloatTensor of size 1x1x65]

(195) next_char	 14
[torch.LongTensor of size 1x1]

(200) scores	(1,.,.) = 
 Columns 1 to 8
  -1.6539  17.4047   0.9828  -6.1155   5.5953  -8.3007  -9.5593  -0.0982

Columns 9 to 16
  21.9930  -4.1839  -0.8080  -5.9661  -8.4807   6.0538  26.4906  -4.8669

Columns 17 to 24
 -18.8698  -7.4980 -26.4633  12.1187   8.2824  10.4497  -6.7604  -1.4469

Columns 25 to 32
   6.2548 -27.1892  -2.4165   7.3423  16.4350 -11.8484   1.1795  -5.6732

Columns 33 to 40
  -7.1842   4.8169  -6.3186  -8.7214  -0.6476  -6.6640   3.7938 -11.3573

Columns 41 to 48
 -15.8174   0.8531  -9.0517  -2.9688   8.5821 -10.3623  -5.2550  -4.3141

Columns 49 to 56
  -9.0527  -3.3767 -13.5752  -3.0121 -10.4913  -1.7533   1.0792  10.2947

Columns 57 to 64
  -8.4252  -9.3423  -4.6909  -9.1251  -8.3094  -5.7070  -9.8509  -7.4771

Columns 65 to 65
  -9.1547
[torch.FloatTensor of size 1x1x65]

(195) next_char	 15
[torch.LongTensor of size 1x1]

(200) scores	(1,.,.) = 
 Columns 1 to 8
  -4.7741   8.1377  27.6645  -0.4888   3.2284   8.4260  -8.4115   4.8085

Columns 9 to 16
  -2.0597   0.2742   2.4572  -0.3952 -14.6227  -3.9625  17.5430  14.0016

Columns 17 to 24
  -9.1880   6.7220  -5.7102 -11.4409  -9.2504  11.2351  -5.9447  -4.3362

Columns 25 to 32
   0.8098  -6.5491   2.4196 -15.6469  12.7421  -6.9565  -3.8636  -1.8951

Columns 33 to 40
  -4.0779  -2.5105  -8.5916   0.3513  -7.2752  -6.3040  -5.7653 -10.5461

Columns 41 to 48
   2.3691   3.4688   0.8814  -0.0350  -5.3614   1.9931  -4.9197   2.6214

Columns 49 to 56
  -8.0267 -11.1358 -17.8605 -16.6410  -4.9157 -11.0941  -1.6382   5.5934

Columns 57 to 64
  -6.5148  -7.8877  -9.5767 -12.0942  -9.6329  -5.2852 -11.9686  -3.4833

Columns 65 to 65
  -7.1153
[torch.FloatTensor of size 1x1x65]

(195) next_char	 3
[torch.LongTensor of size 1x1]

(200) scores	(1,.,.) = 
 Columns 1 to 8
  -7.6731  -4.0983 -11.7012  -2.5058   1.8629  23.4315  -5.7651  -0.8017

Columns 9 to 16
  13.6769   8.2567  -2.7181   4.6591  -1.4725  -4.3033   7.2137   5.5239

Columns 17 to 24
  -4.6200   4.0257   7.9096  -4.3155 -10.9686  -4.4569   3.2484   1.0906

Columns 25 to 32
   9.0223   2.6358  -1.8148   3.9793  -4.1389  -6.0405  -8.8104  -3.0972

Columns 33 to 40
  -4.9163  -6.1485  -6.7143  -7.4224   6.8387 -11.7920  -3.7343  -3.1654

Columns 41 to 48
   2.5432  -4.0611  -3.2572  -1.4939  -8.4538  -2.7400  -6.1324   6.5004

Columns 49 to 56
  -6.8323  -6.2134  -8.1161  -7.0815 -10.5676 -11.5401  -1.1511 -12.6091

Columns 57 to 64
  -7.3942 -13.5483 -10.3685 -11.9555 -13.3731  -0.1057  -9.2059  -6.6501

Columns 65 to 65
  -5.2127
[torch.FloatTensor of size 1x1x65]

(195) next_char	 6
[torch.LongTensor of size 1x1]

(200) scores	(1,.,.) = 
 Columns 1 to 8
   2.3415   3.9183  11.6394   8.5041  21.8103 -37.9328  -0.5570   5.3141

Columns 9 to 16
  -5.5618  -0.8385 -20.0538 -36.2712   5.2729  -4.1330   8.0913   3.1043

Columns 17 to 24
   5.3388   7.2300   3.1834   7.9696  19.1882   6.1421   5.7948 -27.1075

Columns 25 to 32
  11.7138   4.8923 -23.1218   8.7777  -4.5647  -2.0866   7.7365   4.1844

Columns 33 to 40
 -26.8159   7.8532   6.1427   1.8928   2.4823   0.1033   1.9285   1.5240

Columns 41 to 48
   3.3318 -17.0905  -0.0957 -20.1111   5.0037   7.0020   3.2007 -14.6525

Columns 49 to 56
   6.0503   5.6513   9.6167  -2.0434  -3.7852  -0.7488   6.2678  -4.9220

Columns 57 to 64
   8.5856   1.8620   1.5028  -0.3485  -4.6085 -10.1598  -5.1585  -7.9572

Columns 65 to 65
 -10.7058
[torch.FloatTensor of size 1x1x65]

(195) next_char	 5
[torch.LongTensor of size 1x1]

(200) scores	(1,.,.) = 
 Columns 1 to 8
  -2.7390   3.0382  19.0696  -4.2029 -13.7052  -3.7913  -3.2235  -5.9867

Columns 9 to 16
  15.7722  -9.8055   3.1848  -7.0645 -10.1902  -5.0965   5.7939  12.6487

Columns 17 to 24
  -5.8475   2.1074  -8.6497   8.1249  -0.8083  11.4685  27.0534   3.2641

Columns 25 to 32
 -12.6034 -12.9671   2.4547  -2.7269  10.1152  -6.2142   0.1270  -7.2056

Columns 33 to 40
  -0.7943  -3.4070 -13.1545  -6.4850  -1.3529  -2.8070  -3.6387  -7.9754

Columns 41 to 48
  -1.6342   1.9013  -4.0288  -7.5942  -5.3054  -6.4508  -5.7082  -1.4400

Columns 49 to 56
  -7.7943   4.2924 -12.0147 -10.0741  -8.4967  -7.0845   1.7226  -2.4675

Columns 57 to 64
  -7.0720 -10.5626  -9.7313  -4.7157  -4.9318  -3.5354  -1.0072  -5.5450

Columns 65 to 65
  -8.4904
[torch.FloatTensor of size 1x1x65]

(195) next_char	 23
[torch.LongTensor of size 1x1]

(200) scores	(1,.,.) = 
 Columns 1 to 8
 -15.3322  19.6707   5.7512 -13.4350  -1.4502  -0.1009 -19.9192  -3.7891

Columns 9 to 16
  30.4021  -1.3372   0.9355  -0.7537  -8.8250  -4.8500  21.3521   4.8134

Columns 17 to 24
  -4.6824 -11.7565 -13.8101  16.3096  20.9401  16.6655 -12.2965  -3.1729

Columns 25 to 32
   7.5909  -7.3371   2.3402 -10.7308  12.3849  -9.9286  -8.7957 -11.6346

Columns 33 to 40
  -3.2989  -7.2843 -16.0649 -12.9299   0.6341  -9.3590  -7.1535 -11.3315

Columns 41 to 48
 -10.6244   3.9895   8.5158   1.0222 -12.8851  -0.2856 -16.5219   0.7354

Columns 49 to 56
 -20.1156 -15.4872  -6.1495  -3.2745 -25.3261  -1.9609   4.0191   1.5802

Columns 57 to 64
  -7.0369 -16.9141 -16.2878  -3.3611  -6.9571 -14.4957  -7.4354  -5.6015

Columns 65 to 65
 -10.4124
[torch.FloatTensor of size 1x1x65]

(195) next_char	 9
[torch.LongTensor of size 1x1]

(200) scores	(1,.,.) = 
 Columns 1 to 8
  -8.6163   9.8809  10.0974   9.4073   6.4169   9.9108 -12.1000   3.7137

Columns 9 to 16
  18.4469   9.8867   0.8101   0.4511  -8.0380  13.3115 -11.4137  -2.0680

Columns 17 to 24
   0.6422  -4.1635  -5.2308   1.1349   6.3119  -0.2205  -9.0465  -4.8657

Columns 25 to 32
  22.1322  -6.9762  -0.4946  -8.2027  -2.8241  -6.2121  -0.5025 -11.8344

Columns 33 to 40
  -0.4788  -8.3078  -8.9415  -8.7542  -1.4414  -6.2500 -17.0676 -10.5127

Columns 41 to 48
  -0.6614  -8.2725   4.8738  -0.0434 -18.7274   0.4874 -14.8010   3.5917

Columns 49 to 56
 -17.4350 -13.2470 -13.1633  -6.4005  -8.6430  -4.6112   3.4262   3.0575

Columns 57 to 64
 -13.0074  -9.5824  -3.9490 -14.5555 -15.6037  -4.0515 -13.5302  -6.4996

Columns 65 to 65
  -5.5829
[torch.FloatTensor of size 1x1x65]

(195) next_char	 25
[torch.LongTensor of size 1x1]

(200) scores	(1,.,.) = 
 Columns 1 to 8
  -7.2621  -2.6933 -10.0196   8.1582 -27.8800  25.9690 -10.2286   2.0560

Columns 9 to 16
  -0.4483  -3.1484  19.8899  21.9782  -3.3431  -4.3523  -2.7387  -0.5729

Columns 17 to 24
  12.8101 -11.2843 -18.4896  -1.9024  -0.7517  -4.6898   1.4307  22.3513

Columns 25 to 32
  -6.7153  -7.4066  24.7096 -14.1526   0.3319  -4.3418 -11.5616  -2.4831

Columns 33 to 40
  22.9585  -6.4736 -10.3614 -17.8198  14.2586  -4.1246 -20.7113  -5.2587

Columns 41 to 48
   2.1032  25.2265   8.3529  17.8096 -10.6794   2.7073  -5.0550  15.3248

Columns 49 to 56
  -4.8843  -6.6625 -16.8940 -20.2403 -11.5176  -1.0669   2.0634   1.4811

Columns 57 to 64
 -10.0422 -15.1550 -14.8406 -12.4549 -11.4895 -13.3286   3.3799  -0.8417

Columns 65 to 65
  -3.2578
[torch.FloatTensor of size 1x1x65]

by, let for them	
